0 verbose cli /data/data/com.termux/files/usr/bin/node /data/data/com.termux/files/usr/bin/npm
1 info using npm@11.18.0
2 info using node@v26.4.0
3 silly config load:file:/data/data/com.termux/files/usr/lib/node_modules/npm/npmrc
4 silly config load:file:/data/data/com.termux/files/home/.npmrc
5 silly config load:file:/data/data/com.termux/files/usr/etc/npmrc
6 verbose title npm install
7 verbose argv "install"
8 verbose logfile logs-max:10 dir:/data/data/com.termux/files/home/.npm/_logs/2026-07-20T07_55_59_159Z-
9 verbose logfile /data/data/com.termux/files/home/.npm/_logs/2026-07-20T07_55_59_159Z-debug-0.log
10 silly logfile start cleaning logs, removing 1 files
11 silly logfile done cleaning log files
12 silly packumentCache heap:1174405120 maxSize:293601280 maxEntrySize:146800640
13 silly idealTree buildDeps
14 silly fetch manifest express@^4.19.2
15 silly packumentCache full:https://registry.npmjs.org/express cache-miss
16 http fetch GET 200 https://registry.npmjs.org/express 647ms (cache revalidated)
17 silly packumentCache full:https://registry.npmjs.org/express set size:804956 disposed:false
18 silly fetch manifest socket.io@^4.7.5
19 silly packumentCache full:https://registry.npmjs.org/socket.io cache-miss
20 http fetch GET 200 https://registry.npmjs.org/socket.io 139ms (cache revalidated)
21 silly packumentCache full:https://registry.npmjs.org/socket.io set size:379231 disposed:false
22 silly fetch manifest cors@^2.8.5
23 silly packumentCache full:https://registry.npmjs.org/cors cache-miss
24 http fetch GET 200 https://registry.npmjs.org/cors 148ms (cache revalidated)
25 silly packumentCache full:https://registry.npmjs.org/cors set size:77956 disposed:false
26 silly fetch manifest multer@^1.4.5-lts.1
27 silly packumentCache full:https://registry.npmjs.org/multer cache-miss
28 http fetch GET 200 https://registry.npmjs.org/multer 140ms (cache revalidated)
29 silly packumentCache full:https://registry.npmjs.org/multer set size:156441 disposed:false
30 silly placeDep ROOT cors@2.8.6 OK for: pingpong-server@1.0.0 want: ^2.8.5
31 silly placeDep ROOT express@4.22.2 OK for: pingpong-server@1.0.0 want: ^4.19.2
32 silly placeDep ROOT multer@1.4.5-lts.2 OK for: pingpong-server@1.0.0 want: ^1.4.5-lts.1
33 silly placeDep ROOT socket.io@4.8.3 OK for: pingpong-server@1.0.0 want: ^4.7.5
34 silly fetch manifest object-assign@^4
35 silly packumentCache full:https://registry.npmjs.org/object-assign cache-miss
36 silly fetch manifest vary@^1
37 silly packumentCache full:https://registry.npmjs.org/vary cache-miss
38 silly fetch manifest qs@~6.15.1
39 silly packumentCache full:https://registry.npmjs.org/qs cache-miss
40 silly fetch manifest depd@2.0.0
41 silly packumentCache full:https://registry.npmjs.org/depd cache-miss
42 silly fetch manifest etag@~1.8.1
43 silly packumentCache full:https://registry.npmjs.org/etag cache-miss
44 silly fetch manifest send@~0.19.0
45 silly packumentCache full:https://registry.npmjs.org/send cache-miss
46 silly fetch manifest vary@~1.1.2
47 silly packumentCache full:https://registry.npmjs.org/vary cache-miss
48 http fetch GET 200 https://registry.npmjs.org/depd 158ms (cache revalidated)
49 silly packumentCache full:https://registry.npmjs.org/depd set size:40182 disposed:false
50 silly fetch manifest debug@2.6.9
51 silly packumentCache full:https://registry.npmjs.org/debug cache-miss
52 http fetch GET 200 https://registry.npmjs.org/debug 122ms (cache revalidated)
53 silly packumentCache full:https://registry.npmjs.org/debug set size:195840 disposed:false
54 silly fetch manifest fresh@~0.5.2
55 silly packumentCache full:https://registry.npmjs.org/fresh cache-miss
56 http fetch GET 200 https://registry.npmjs.org/qs 436ms (cache revalidated)
57 silly packumentCache full:https://registry.npmjs.org/qs set size:360318 disposed:false
58 silly fetch manifest cookie@~0.7.1
59 silly packumentCache full:https://registry.npmjs.org/cookie cache-miss
60 http fetch GET 200 https://registry.npmjs.org/fresh 154ms (cache revalidated)
61 silly packumentCache full:https://registry.npmjs.org/fresh set size:25427 disposed:false
62 silly fetch manifest accepts@~1.3.8
63 silly packumentCache full:https://registry.npmjs.org/accepts cache-miss
64 http fetch GET 200 https://registry.npmjs.org/vary 493ms (cache revalidated)
65 silly packumentCache full:https://registry.npmjs.org/vary set size:15994 disposed:false
66 silly fetch manifest methods@~1.1.2
67 silly packumentCache full:https://registry.npmjs.org/methods cache-miss
68 http fetch GET 200 https://registry.npmjs.org/vary 492ms (cache revalidated)
69 silly packumentCache full:https://registry.npmjs.org/vary set size:15994 disposed:false
70 silly packumentCache full:https://registry.npmjs.org/vary dispose
71 silly fetch manifest type-is@~1.6.18
72 silly packumentCache full:https://registry.npmjs.org/type-is cache-miss
73 http fetch GET 200 https://registry.npmjs.org/object-assign 510ms (cache revalidated)
74 silly packumentCache full:https://registry.npmjs.org/object-assign set size:28988 disposed:false
75 silly fetch manifest parseurl@~1.3.3
76 silly packumentCache full:https://registry.npmjs.org/parseurl cache-miss
77 http fetch GET 200 https://registry.npmjs.org/etag 514ms (cache revalidated)
78 silly packumentCache full:https://registry.npmjs.org/etag set size:30032 disposed:false
79 silly fetch manifest statuses@~2.0.1
80 silly packumentCache full:https://registry.npmjs.org/statuses cache-miss
81 http fetch GET 200 https://registry.npmjs.org/send 519ms (cache revalidated)
82 silly packumentCache full:https://registry.npmjs.org/send set size:152810 disposed:false
83 silly fetch manifest encodeurl@~2.0.0
84 silly packumentCache full:https://registry.npmjs.org/encodeurl cache-miss
85 http fetch GET 200 https://registry.npmjs.org/cookie 183ms (cache revalidated)
86 silly packumentCache full:https://registry.npmjs.org/cookie set size:78274 disposed:false
87 silly fetch manifest proxy-addr@~2.0.7
88 silly packumentCache full:https://registry.npmjs.org/proxy-addr cache-miss
89 http fetch GET 200 https://registry.npmjs.org/accepts 189ms (cache revalidated)
90 silly packumentCache full:https://registry.npmjs.org/accepts set size:77054 disposed:false
91 silly fetch manifest body-parser@~1.20.5
92 silly packumentCache full:https://registry.npmjs.org/body-parser cache-miss
93 http fetch GET 200 https://registry.npmjs.org/methods 189ms (cache revalidated)
94 silly packumentCache full:https://registry.npmjs.org/methods set size:12600 disposed:false
95 silly fetch manifest escape-html@~1.0.3
96 silly packumentCache full:https://registry.npmjs.org/escape-html cache-miss
97 http fetch GET 200 https://registry.npmjs.org/statuses 184ms (cache revalidated)
98 silly packumentCache full:https://registry.npmjs.org/statuses set size:37117 disposed:false
99 silly fetch manifest http-errors@~2.0.0
100 silly packumentCache full:https://registry.npmjs.org/http-errors cache-miss
101 http fetch GET 200 https://registry.npmjs.org/encodeurl 178ms (cache revalidated)
102 silly packumentCache full:https://registry.npmjs.org/encodeurl set size:12296 disposed:false
103 silly fetch manifest on-finished@~2.4.1
104 silly packumentCache full:https://registry.npmjs.org/on-finished cache-miss
105 http fetch GET 200 https://registry.npmjs.org/parseurl 202ms (cache revalidated)
106 silly packumentCache full:https://registry.npmjs.org/parseurl set size:24148 disposed:false
107 silly fetch manifest safe-buffer@5.2.1
108 silly packumentCache full:https://registry.npmjs.org/safe-buffer cache-miss
109 http fetch GET 200 https://registry.npmjs.org/type-is 217ms (cache revalidated)
110 silly packumentCache full:https://registry.npmjs.org/type-is set size:88614 disposed:false
111 silly fetch manifest utils-merge@1.0.1
112 silly packumentCache full:https://registry.npmjs.org/utils-merge cache-miss
113 http fetch GET 200 https://registry.npmjs.org/proxy-addr 204ms (cache revalidated)
114 silly packumentCache full:https://registry.npmjs.org/proxy-addr set size:61619 disposed:false
115 silly fetch manifest content-type@~1.0.4
116 silly packumentCache full:https://registry.npmjs.org/content-type cache-miss
117 http fetch GET 200 https://registry.npmjs.org/utils-merge 158ms (cache revalidated)
118 silly packumentCache full:https://registry.npmjs.org/utils-merge set size:5237 disposed:false
119 silly fetch manifest finalhandler@~1.3.1
120 silly packumentCache full:https://registry.npmjs.org/finalhandler cache-miss
121 http fetch GET 200 https://registry.npmjs.org/http-errors 181ms (cache revalidated)
122 silly packumentCache full:https://registry.npmjs.org/http-errors set size:71987 disposed:false
123 silly fetch manifest range-parser@~1.2.1
124 silly packumentCache full:https://registry.npmjs.org/range-parser cache-miss
125 http fetch GET 200 https://registry.npmjs.org/safe-buffer 179ms (cache revalidated)
126 silly packumentCache full:https://registry.npmjs.org/safe-buffer set size:41183 disposed:false
127 silly fetch manifest serve-static@~1.16.2
128 silly packumentCache full:https://registry.npmjs.org/serve-static cache-miss
129 http fetch GET 200 https://registry.npmjs.org/body-parser 238ms (cache revalidated)
130 silly packumentCache full:https://registry.npmjs.org/body-parser set size:204544 disposed:false
131 silly fetch manifest array-flatten@1.1.1
132 silly packumentCache full:https://registry.npmjs.org/array-flatten cache-miss
133 http fetch GET 200 https://registry.npmjs.org/on-finished 204ms (cache revalidated)
134 silly packumentCache full:https://registry.npmjs.org/on-finished set size:23212 disposed:false
135 silly fetch manifest path-to-regexp@~0.1.12
136 silly packumentCache full:https://registry.npmjs.org/path-to-regexp cache-miss
137 http fetch GET 200 https://registry.npmjs.org/escape-html 238ms (cache revalidated)
138 silly packumentCache full:https://registry.npmjs.org/escape-html set size:7345 disposed:false
139 silly fetch manifest setprototypeof@1.2.0
140 silly packumentCache full:https://registry.npmjs.org/setprototypeof cache-miss
141 http fetch GET 200 https://registry.npmjs.org/content-type 194ms (cache revalidated)
142 silly packumentCache full:https://registry.npmjs.org/content-type set size:18994 disposed:false
143 silly fetch manifest cookie-signature@~1.0.6
144 silly packumentCache full:https://registry.npmjs.org/cookie-signature cache-miss
145 http fetch GET 200 https://registry.npmjs.org/range-parser 170ms (cache revalidated)
146 silly packumentCache full:https://registry.npmjs.org/range-parser set size:24852 disposed:false
147 silly fetch manifest merge-descriptors@1.0.3
148 silly packumentCache full:https://registry.npmjs.org/merge-descriptors cache-miss
149 http fetch GET 200 https://registry.npmjs.org/path-to-regexp 170ms (cache revalidated)
150 silly packumentCache full:https://registry.npmjs.org/path-to-regexp set size:216334 disposed:false
151 silly fetch manifest content-disposition@~0.5.4
152 silly packumentCache full:https://registry.npmjs.org/content-disposition cache-miss
153 http fetch GET 200 https://registry.npmjs.org/finalhandler 237ms (cache revalidated)
154 silly packumentCache full:https://registry.npmjs.org/finalhandler set size:79291 disposed:false
155 silly fetch manifest xtend@^4.0.0
156 silly packumentCache full:https://registry.npmjs.org/xtend cache-miss
157 http fetch GET 200 https://registry.npmjs.org/setprototypeof 208ms (cache revalidated)
158 silly packumentCache full:https://registry.npmjs.org/setprototypeof set size:14532 disposed:false
159 silly fetch manifest busboy@^1.0.0
160 silly packumentCache full:https://registry.npmjs.org/busboy cache-miss
161 http fetch GET 200 https://registry.npmjs.org/serve-static 253ms (cache revalidated)
162 silly packumentCache full:https://registry.npmjs.org/serve-static set size:150391 disposed:false
163 silly fetch manifest mkdirp@^0.5.4
164 silly packumentCache full:https://registry.npmjs.org/mkdirp cache-miss
165 http fetch GET 200 https://registry.npmjs.org/cookie-signature 217ms (cache revalidated)
166 silly packumentCache full:https://registry.npmjs.org/cookie-signature set size:21777 disposed:false
167 silly fetch manifest type-is@^1.6.4
168 silly packumentCache full:https://registry.npmjs.org/type-is cache-hit
169 silly fetch manifest append-field@^1.0.0
170 silly packumentCache full:https://registry.npmjs.org/append-field cache-miss
171 http fetch GET 200 https://registry.npmjs.org/xtend 162ms (cache revalidated)
172 silly packumentCache full:https://registry.npmjs.org/xtend set size:28314 disposed:false
173 silly fetch manifest concat-stream@^1.5.2
174 silly packumentCache full:https://registry.npmjs.org/concat-stream cache-miss
175 http fetch GET 200 https://registry.npmjs.org/merge-descriptors 233ms (cache revalidated)
176 silly packumentCache full:https://registry.npmjs.org/merge-descriptors set size:16527 disposed:false
177 silly fetch manifest object-assign@^4.1.1
178 silly packumentCache full:https://registry.npmjs.org/object-assign cache-hit
179 silly fetch manifest accepts@~1.3.4
180 silly packumentCache full:https://registry.npmjs.org/accepts cache-hit
181 silly fetch manifest base64id@~2.0.0
182 silly packumentCache full:https://registry.npmjs.org/base64id cache-miss
183 http fetch GET 200 https://registry.npmjs.org/content-disposition 211ms (cache revalidated)
184 silly packumentCache full:https://registry.npmjs.org/content-disposition set size:42862 disposed:false
185 silly fetch manifest debug@~4.4.1
186 silly packumentCache full:https://registry.npmjs.org/debug cache-hit
187 silly fetch manifest engine.io@~6.6.0
188 silly packumentCache full:https://registry.npmjs.org/engine.io cache-miss
189 http fetch GET 200 https://registry.npmjs.org/busboy 183ms (cache revalidated)
190 silly packumentCache full:https://registry.npmjs.org/busboy set size:78901 disposed:false
191 silly fetch manifest socket.io-adapter@~2.5.2
192 silly packumentCache full:https://registry.npmjs.org/socket.io-adapter cache-miss
193 http fetch GET 200 https://registry.npmjs.org/mkdirp 178ms (cache revalidated)
194 silly packumentCache full:https://registry.npmjs.org/mkdirp set size:116415 disposed:false
195 silly fetch manifest socket.io-parser@~4.2.4
196 silly packumentCache full:https://registry.npmjs.org/socket.io-parser cache-miss
197 http fetch GET 200 https://registry.npmjs.org/array-flatten 448ms (cache revalidated)
198 silly packumentCache full:https://registry.npmjs.org/array-flatten set size:24005 disposed:false
199 http fetch GET 200 https://registry.npmjs.org/append-field 178ms (cache revalidated)
200 silly packumentCache full:https://registry.npmjs.org/append-field set size:7798 disposed:false
201 http fetch GET 200 https://registry.npmjs.org/base64id 160ms (cache revalidated)
202 silly packumentCache full:https://registry.npmjs.org/base64id set size:6136 disposed:false
203 http fetch GET 200 https://registry.npmjs.org/concat-stream 176ms (cache revalidated)
204 silly packumentCache full:https://registry.npmjs.org/concat-stream set size:63783 disposed:false
205 http fetch GET 200 https://registry.npmjs.org/socket.io-parser 148ms (cache revalidated)
206 silly packumentCache full:https://registry.npmjs.org/socket.io-parser set size:130849 disposed:false
207 http fetch GET 200 https://registry.npmjs.org/socket.io-adapter 177ms (cache revalidated)
208 silly packumentCache full:https://registry.npmjs.org/socket.io-adapter set size:71138 disposed:false
209 http fetch GET 200 https://registry.npmjs.org/engine.io 196ms (cache revalidated)
210 silly packumentCache full:https://registry.npmjs.org/engine.io set size:396042 disposed:false
211 silly placeDep ROOT object-assign@4.1.1 OK for: cors@2.8.6 want: ^4
212 silly placeDep ROOT vary@1.1.2 OK for: cors@2.8.6 want: ^1
213 silly placeDep ROOT accepts@1.3.8 OK for: express@4.22.2 want: ~1.3.8
214 silly placeDep ROOT array-flatten@1.1.1 OK for: express@4.22.2 want: 1.1.1
215 silly placeDep ROOT body-parser@1.20.6 OK for: express@4.22.2 want: ~1.20.5
216 silly placeDep ROOT content-disposition@0.5.4 OK for: express@4.22.2 want: ~0.5.4
217 silly placeDep ROOT content-type@1.0.5 OK for: express@4.22.2 want: ~1.0.4
218 silly placeDep ROOT cookie@0.7.2 OK for: express@4.22.2 want: ~0.7.1
219 silly placeDep ROOT cookie-signature@1.0.7 OK for: express@4.22.2 want: ~1.0.6
220 silly placeDep ROOT debug@2.6.9 OK for: express@4.22.2 want: 2.6.9
221 silly placeDep ROOT depd@2.0.0 OK for: express@4.22.2 want: 2.0.0
222 silly placeDep ROOT encodeurl@2.0.0 OK for: express@4.22.2 want: ~2.0.0
223 silly placeDep ROOT escape-html@1.0.3 OK for: express@4.22.2 want: ~1.0.3
224 silly placeDep ROOT etag@1.8.1 OK for: express@4.22.2 want: ~1.8.1
225 silly placeDep ROOT finalhandler@1.3.2 OK for: express@4.22.2 want: ~1.3.1
226 silly placeDep ROOT fresh@0.5.2 OK for: express@4.22.2 want: ~0.5.2
227 silly placeDep ROOT http-errors@2.0.1 OK for: express@4.22.2 want: ~2.0.0
228 silly placeDep ROOT merge-descriptors@1.0.3 OK for: express@4.22.2 want: 1.0.3
229 silly placeDep ROOT methods@1.1.2 OK for: express@4.22.2 want: ~1.1.2
230 silly placeDep ROOT on-finished@2.4.1 OK for: express@4.22.2 want: ~2.4.1
231 silly placeDep ROOT parseurl@1.3.3 OK for: express@4.22.2 want: ~1.3.3
232 silly placeDep ROOT path-to-regexp@0.1.13 OK for: express@4.22.2 want: ~0.1.12
233 silly placeDep ROOT proxy-addr@2.0.7 OK for: express@4.22.2 want: ~2.0.7
234 silly placeDep ROOT qs@6.15.3 OK for: express@4.22.2 want: ~6.15.1
235 silly placeDep ROOT range-parser@1.2.1 OK for: express@4.22.2 want: ~1.2.1
236 silly placeDep ROOT safe-buffer@5.2.1 OK for: express@4.22.2 want: 5.2.1
237 silly placeDep ROOT send@0.19.2 OK for: express@4.22.2 want: ~0.19.0
238 silly placeDep ROOT serve-static@1.16.3 OK for: express@4.22.2 want: ~1.16.2
239 silly placeDep ROOT setprototypeof@1.2.0 OK for: express@4.22.2 want: 1.2.0
240 silly placeDep ROOT statuses@2.0.2 OK for: express@4.22.2 want: ~2.0.1
241 silly placeDep ROOT type-is@1.6.18 OK for: express@4.22.2 want: ~1.6.18
242 silly placeDep ROOT utils-merge@1.0.1 OK for: express@4.22.2 want: 1.0.1
243 silly fetch manifest mime-types@~2.1.34
244 silly packumentCache full:https://registry.npmjs.org/mime-types cache-miss
245 silly fetch manifest negotiator@0.6.3
246 silly packumentCache full:https://registry.npmjs.org/negotiator cache-miss
247 silly fetch manifest bytes@~3.1.2
248 silly packumentCache full:https://registry.npmjs.org/bytes cache-miss
249 silly fetch manifest content-type@~1.0.5
250 silly packumentCache full:https://registry.npmjs.org/content-type cache-hit
251 silly fetch manifest destroy@~1.2.0
252 silly packumentCache full:https://registry.npmjs.org/destroy cache-miss
253 silly fetch manifest http-errors@~2.0.1
254 silly packumentCache full:https://registry.npmjs.org/http-errors cache-hit
255 silly fetch manifest iconv-lite@~0.4.24
256 silly packumentCache full:https://registry.npmjs.org/iconv-lite cache-miss
257 silly fetch manifest raw-body@~2.5.3
258 silly packumentCache full:https://registry.npmjs.org/raw-body cache-miss
259 silly fetch manifest unpipe@~1.0.0
260 silly packumentCache full:https://registry.npmjs.org/unpipe cache-miss
261 http fetch GET 200 https://registry.npmjs.org/unpipe 121ms (cache revalidated)
262 silly packumentCache full:https://registry.npmjs.org/unpipe set size:3609 disposed:false
263 silly fetch manifest ms@2.0.0
264 silly packumentCache full:https://registry.npmjs.org/ms cache-miss
265 http fetch GET 200 https://registry.npmjs.org/bytes 144ms (cache revalidated)
266 silly packumentCache full:https://registry.npmjs.org/bytes set size:37018 disposed:false
267 silly fetch manifest statuses@~2.0.2
268 silly packumentCache full:https://registry.npmjs.org/statuses cache-hit
269 silly fetch manifest inherits@~2.0.4
270 silly packumentCache full:https://registry.npmjs.org/inherits cache-miss
271 http fetch GET 200 https://registry.npmjs.org/negotiator 162ms (cache revalidated)
272 silly packumentCache full:https://registry.npmjs.org/negotiator set size:48046 disposed:false
273 silly fetch manifest setprototypeof@~1.2.0
274 silly packumentCache full:https://registry.npmjs.org/setprototypeof cache-hit
275 silly fetch manifest toidentifier@~1.0.1
276 silly packumentCache full:https://registry.npmjs.org/toidentifier cache-miss
277 http fetch GET 200 https://registry.npmjs.org/iconv-lite 165ms (cache revalidated)
278 silly packumentCache full:https://registry.npmjs.org/iconv-lite set size:126462 disposed:false
279 silly fetch manifest ee-first@1.1.1
280 silly packumentCache full:https://registry.npmjs.org/ee-first cache-miss
281 http fetch GET 200 https://registry.npmjs.org/destroy 183ms (cache revalidated)
282 silly packumentCache full:https://registry.npmjs.org/destroy set size:15738 disposed:false
283 silly fetch manifest forwarded@0.2.0
284 silly packumentCache full:https://registry.npmjs.org/forwarded cache-miss
285 http fetch GET 200 https://registry.npmjs.org/mime-types 201ms (cache revalidated)
286 silly packumentCache full:https://registry.npmjs.org/mime-types set size:139110 disposed:false
287 silly fetch manifest ipaddr.js@1.9.1
288 silly packumentCache full:https://registry.npmjs.org/ipaddr.js cache-miss
289 http fetch GET 200 https://registry.npmjs.org/raw-body 200ms (cache revalidated)
290 silly packumentCache full:https://registry.npmjs.org/raw-body set size:120042 disposed:false
291 silly fetch manifest side-channel@^1.1.1
292 silly packumentCache full:https://registry.npmjs.org/side-channel cache-miss
293 http fetch GET 200 https://registry.npmjs.org/ms 179ms (cache revalidated)
294 silly packumentCache full:https://registry.npmjs.org/ms set size:92208 disposed:false
295 silly fetch manifest es-define-property@^1.0.1
296 silly packumentCache full:https://registry.npmjs.org/es-define-property cache-miss
297 http fetch GET 200 https://registry.npmjs.org/inherits 178ms (cache revalidated)
298 silly packumentCache full:https://registry.npmjs.org/inherits set size:12925 disposed:false
299 silly fetch manifest ms@2.1.3
300 silly packumentCache full:https://registry.npmjs.org/ms cache-hit
301 silly fetch manifest mime@1.6.0
302 silly packumentCache full:https://registry.npmjs.org/mime cache-miss
303 http fetch GET 200 https://registry.npmjs.org/ee-first 170ms (cache revalidated)
304 silly packumentCache full:https://registry.npmjs.org/ee-first set size:15327 disposed:false
305 silly fetch manifest destroy@1.2.0
306 silly packumentCache full:https://registry.npmjs.org/destroy cache-hit
307 silly fetch manifest mime-types@~2.1.24
308 silly packumentCache full:https://registry.npmjs.org/mime-types cache-hit
309 silly fetch manifest media-typer@0.3.0
310 silly packumentCache full:https://registry.npmjs.org/media-typer cache-miss
311 http fetch GET 200 https://registry.npmjs.org/toidentifier 196ms (cache revalidated)
312 silly packumentCache full:https://registry.npmjs.org/toidentifier set size:12006 disposed:false
313 http fetch GET 200 https://registry.npmjs.org/ipaddr.js 184ms (cache revalidated)
314 silly packumentCache full:https://registry.npmjs.org/ipaddr.js set size:69549 disposed:false
315 http fetch GET 200 https://registry.npmjs.org/forwarded 209ms (cache revalidated)
316 silly packumentCache full:https://registry.npmjs.org/forwarded set size:11229 disposed:false
317 http fetch GET 200 https://registry.npmjs.org/side-channel 184ms (cache revalidated)
318 silly packumentCache full:https://registry.npmjs.org/side-channel set size:27650 disposed:false
319 http fetch GET 200 https://registry.npmjs.org/es-define-property 149ms (cache revalidated)
320 silly packumentCache full:https://registry.npmjs.org/es-define-property set size:8542 disposed:false
321 http fetch GET 200 https://registry.npmjs.org/mime 145ms (cache revalidated)
322 silly packumentCache full:https://registry.npmjs.org/mime set size:119236 disposed:false
323 http fetch GET 200 https://registry.npmjs.org/media-typer 141ms (cache revalidated)
324 silly packumentCache full:https://registry.npmjs.org/media-typer set size:22678 disposed:false
325 silly placeDep ROOT mime-types@2.1.35 OK for: accepts@1.3.8 want: ~2.1.34
326 silly placeDep ROOT negotiator@0.6.3 OK for: accepts@1.3.8 want: 0.6.3
327 silly fetch manifest mime-db@1.52.0
328 silly packumentCache full:https://registry.npmjs.org/mime-db cache-miss
329 http fetch GET 200 https://registry.npmjs.org/mime-db 111ms (cache revalidated)
330 silly packumentCache full:https://registry.npmjs.org/mime-db set size:164953 disposed:false
331 silly placeDep ROOT bytes@3.1.2 OK for: body-parser@1.20.6 want: ~3.1.2
332 silly placeDep ROOT destroy@1.2.0 OK for: body-parser@1.20.6 want: ~1.2.0
333 silly placeDep ROOT iconv-lite@0.4.24 OK for: body-parser@1.20.6 want: ~0.4.24
334 silly placeDep ROOT raw-body@2.5.3 OK for: body-parser@1.20.6 want: ~2.5.3
335 silly placeDep ROOT unpipe@1.0.0 OK for: body-parser@1.20.6 want: ~1.0.0
336 silly fetch manifest safer-buffer@>= 2.1.2 < 3
337 silly packumentCache full:https://registry.npmjs.org/safer-buffer cache-miss
338 http fetch GET 200 https://registry.npmjs.org/safer-buffer 114ms (cache revalidated)
339 silly packumentCache full:https://registry.npmjs.org/safer-buffer set size:18521 disposed:false
340 silly placeDep ROOT ms@2.0.0 OK for: debug@2.6.9 want: 2.0.0
341 silly placeDep ROOT inherits@2.0.4 OK for: http-errors@2.0.1 want: ~2.0.4
342 silly placeDep ROOT toidentifier@1.0.1 OK for: http-errors@2.0.1 want: ~1.0.1
343 silly placeDep ROOT safer-buffer@2.1.2 OK for: iconv-lite@0.4.24 want: >= 2.1.2 < 3
344 silly placeDep ROOT mime-db@1.52.0 OK for: mime-types@2.1.35 want: 1.52.0
345 silly placeDep ROOT append-field@1.0.0 OK for: multer@1.4.5-lts.2 want: ^1.0.0
346 silly placeDep ROOT busboy@1.6.0 OK for: multer@1.4.5-lts.2 want: ^1.0.0
347 silly placeDep ROOT concat-stream@1.6.2 OK for: multer@1.4.5-lts.2 want: ^1.5.2
348 silly placeDep ROOT mkdirp@0.5.6 OK for: multer@1.4.5-lts.2 want: ^0.5.4
349 silly placeDep ROOT xtend@4.0.2 OK for: multer@1.4.5-lts.2 want: ^4.0.0
350 silly fetch manifest streamsearch@^1.1.0
351 silly packumentCache full:https://registry.npmjs.org/streamsearch cache-miss
352 silly fetch manifest buffer-from@^1.0.0
353 silly packumentCache full:https://registry.npmjs.org/buffer-from cache-miss
354 silly fetch manifest readable-stream@^2.2.2
355 silly packumentCache full:https://registry.npmjs.org/readable-stream cache-miss
356 silly fetch manifest typedarray@^0.0.6
357 silly packumentCache full:https://registry.npmjs.org/typedarray cache-miss
358 silly fetch manifest minimist@^1.2.6
359 silly packumentCache full:https://registry.npmjs.org/minimist cache-miss
360 http fetch GET 200 https://registry.npmjs.org/typedarray 117ms (cache revalidated)
361 silly packumentCache full:https://registry.npmjs.org/typedarray set size:18469 disposed:false
362 http fetch GET 200 https://registry.npmjs.org/buffer-from 130ms (cache revalidated)
363 silly packumentCache full:https://registry.npmjs.org/buffer-from set size:15463 disposed:false
364 http fetch GET 200 https://registry.npmjs.org/minimist 130ms (cache revalidated)
365 silly packumentCache full:https://registry.npmjs.org/minimist set size:77063 disposed:false
366 http fetch GET 200 https://registry.npmjs.org/streamsearch 142ms (cache revalidated)
367 silly packumentCache full:https://registry.npmjs.org/streamsearch set size:27372 disposed:false
368 http fetch GET 200 https://registry.npmjs.org/readable-stream 143ms (cache revalidated)
369 silly packumentCache full:https://registry.npmjs.org/readable-stream set size:261096 disposed:false
370 silly placeDep ROOT streamsearch@1.1.0 OK for: busboy@1.6.0 want: ^1.1.0
371 silly placeDep ROOT buffer-from@1.1.2 OK for: concat-stream@1.6.2 want: ^1.0.0
372 silly placeDep ROOT readable-stream@2.3.8 OK for: concat-stream@1.6.2 want: ^2.2.2
373 silly placeDep ROOT typedarray@0.0.6 OK for: concat-stream@1.6.2 want: ^0.0.6
374 silly fetch manifest isarray@~1.0.0
375 silly packumentCache full:https://registry.npmjs.org/isarray cache-miss
376 silly fetch manifest safe-buffer@~5.1.1
377 silly packumentCache full:https://registry.npmjs.org/safe-buffer cache-hit
378 silly fetch manifest core-util-is@~1.0.0
379 silly packumentCache full:https://registry.npmjs.org/core-util-is cache-miss
380 silly fetch manifest string_decoder@~1.1.1
381 silly packumentCache full:https://registry.npmjs.org/string_decoder cache-miss
382 silly fetch manifest util-deprecate@~1.0.1
383 silly packumentCache full:https://registry.npmjs.org/util-deprecate cache-miss
384 silly fetch manifest process-nextick-args@~2.0.0
385 silly packumentCache full:https://registry.npmjs.org/process-nextick-args cache-miss
386 http fetch GET 200 https://registry.npmjs.org/util-deprecate 125ms (cache revalidated)
387 silly packumentCache full:https://registry.npmjs.org/util-deprecate set size:6674 disposed:false
388 http fetch GET 200 https://registry.npmjs.org/isarray 136ms (cache revalidated)
389 silly packumentCache full:https://registry.npmjs.org/isarray set size:17392 disposed:false
390 http fetch GET 200 https://registry.npmjs.org/process-nextick-args 142ms (cache revalidated)
391 silly packumentCache full:https://registry.npmjs.org/process-nextick-args set size:15428 disposed:false
392 http fetch GET 200 https://registry.npmjs.org/core-util-is 150ms (cache revalidated)
393 silly packumentCache full:https://registry.npmjs.org/core-util-is set size:7163 disposed:false
394 http fetch GET 200 https://registry.npmjs.org/string_decoder 153ms (cache revalidated)
395 silly packumentCache full:https://registry.npmjs.org/string_decoder set size:28441 disposed:false
396 silly placeDep ROOT minimist@1.2.8 OK for: mkdirp@0.5.6 want: ^1.2.6
397 silly placeDep ROOT ee-first@1.1.1 OK for: on-finished@2.4.1 want: 1.1.1
398 silly placeDep ROOT forwarded@0.2.0 OK for: proxy-addr@2.0.7 want: 0.2.0
399 silly placeDep ROOT ipaddr.js@1.9.1 OK for: proxy-addr@2.0.7 want: 1.9.1
400 silly placeDep ROOT es-define-property@1.0.1 OK for: qs@6.15.3 want: ^1.0.1
401 silly placeDep ROOT side-channel@1.1.1 OK for: qs@6.15.3 want: ^1.1.1
402 silly fetch manifest es-errors@^1.3.0
403 silly packumentCache full:https://registry.npmjs.org/es-errors cache-miss
404 silly fetch manifest object-inspect@^1.13.4
405 silly packumentCache full:https://registry.npmjs.org/object-inspect cache-miss
406 silly fetch manifest side-channel-list@^1.0.1
407 silly packumentCache full:https://registry.npmjs.org/side-channel-list cache-miss
408 silly fetch manifest side-channel-map@^1.0.1
409 silly packumentCache full:https://registry.npmjs.org/side-channel-map cache-miss
410 silly fetch manifest side-channel-weakmap@^1.0.2
411 silly packumentCache full:https://registry.npmjs.org/side-channel-weakmap cache-miss
412 http fetch GET 200 https://registry.npmjs.org/side-channel-map 114ms (cache revalidated)
413 silly packumentCache full:https://registry.npmjs.org/side-channel-map set size:9126 disposed:false
414 http fetch GET 200 https://registry.npmjs.org/side-channel-weakmap 129ms (cache revalidated)
415 silly packumentCache full:https://registry.npmjs.org/side-channel-weakmap set size:12620 disposed:false
416 http fetch GET 200 https://registry.npmjs.org/object-inspect 138ms (cache revalidated)
417 silly packumentCache full:https://registry.npmjs.org/object-inspect set size:101912 disposed:false
418 http fetch GET 200 https://registry.npmjs.org/side-channel-list 144ms (cache revalidated)
419 silly packumentCache full:https://registry.npmjs.org/side-channel-list set size:9021 disposed:false
420 http fetch GET 200 https://registry.npmjs.org/es-errors 151ms (cache revalidated)
421 silly packumentCache full:https://registry.npmjs.org/es-errors set size:16918 disposed:false
422 silly placeDep ROOT core-util-is@1.0.3 OK for: readable-stream@2.3.8 want: ~1.0.0
423 silly placeDep ROOT isarray@1.0.0 OK for: readable-stream@2.3.8 want: ~1.0.0
424 silly placeDep ROOT process-nextick-args@2.0.1 OK for: readable-stream@2.3.8 want: ~2.0.0
425 silly placeDep node_modules/readable-stream safe-buffer@5.1.2 OK for: readable-stream@2.3.8 want: ~5.1.1
426 silly placeDep ROOT string_decoder@1.1.1 OK for: readable-stream@2.3.8 want: ~1.1.1
427 silly placeDep ROOT util-deprecate@1.0.2 OK for: readable-stream@2.3.8 want: ~1.0.1
428 silly fetch manifest safe-buffer@~5.1.0
429 silly packumentCache full:https://registry.npmjs.org/safe-buffer cache-hit
430 silly placeDep ROOT mime@1.6.0 OK for: send@0.19.2 want: 1.6.0
431 silly placeDep node_modules/send ms@2.1.3 OK for: send@0.19.2 want: 2.1.3
432 silly placeDep ROOT es-errors@1.3.0 OK for: side-channel@1.1.1 want: ^1.3.0
433 silly placeDep ROOT object-inspect@1.13.4 OK for: side-channel@1.1.1 want: ^1.13.4
434 silly placeDep ROOT side-channel-list@1.0.1 OK for: side-channel@1.1.1 want: ^1.0.1
435 silly placeDep ROOT side-channel-map@1.0.1 OK for: side-channel@1.1.1 want: ^1.0.1
436 silly placeDep ROOT side-channel-weakmap@1.0.2 OK for: side-channel@1.1.1 want: ^1.0.2
437 silly fetch manifest call-bound@^1.0.2
438 silly packumentCache full:https://registry.npmjs.org/call-bound cache-miss
439 silly fetch manifest get-intrinsic@^1.2.5
440 silly packumentCache full:https://registry.npmjs.org/get-intrinsic cache-miss
441 silly fetch manifest call-bound@^1.0.2
442 silly packumentCache full:https://registry.npmjs.org/call-bound cache-miss
443 silly fetch manifest get-intrinsic@^1.2.5
444 silly packumentCache full:https://registry.npmjs.org/get-intrinsic cache-miss
445 http fetch GET 200 https://registry.npmjs.org/get-intrinsic 128ms (cache revalidated)
446 silly packumentCache full:https://registry.npmjs.org/get-intrinsic set size:60985 disposed:false
447 http fetch GET 200 https://registry.npmjs.org/get-intrinsic 132ms (cache revalidated)
448 silly packumentCache full:https://registry.npmjs.org/get-intrinsic set size:60985 disposed:false
449 silly packumentCache full:https://registry.npmjs.org/get-intrinsic dispose
450 http fetch GET 200 https://registry.npmjs.org/call-bound 138ms (cache revalidated)
451 silly packumentCache full:https://registry.npmjs.org/call-bound set size:15317 disposed:false
452 http fetch GET 200 https://registry.npmjs.org/call-bound 146ms (cache revalidated)
453 silly packumentCache full:https://registry.npmjs.org/call-bound set size:15317 disposed:false
454 silly packumentCache full:https://registry.npmjs.org/call-bound dispose
455 silly placeDep ROOT call-bound@1.0.4 OK for: side-channel-map@1.0.1 want: ^1.0.2
456 silly placeDep ROOT get-intrinsic@1.3.0 OK for: side-channel-map@1.0.1 want: ^1.2.5
457 silly fetch manifest call-bind-apply-helpers@^1.0.2
458 silly packumentCache full:https://registry.npmjs.org/call-bind-apply-helpers cache-miss
459 silly fetch manifest get-intrinsic@^1.3.0
460 silly packumentCache full:https://registry.npmjs.org/get-intrinsic cache-hit
461 silly fetch manifest gopd@^1.2.0
462 silly packumentCache full:https://registry.npmjs.org/gopd cache-miss
463 silly fetch manifest hasown@^2.0.2
464 silly packumentCache full:https://registry.npmjs.org/hasown cache-miss
465 silly fetch manifest get-proto@^1.0.1
466 silly packumentCache full:https://registry.npmjs.org/get-proto cache-miss
467 silly fetch manifest has-symbols@^1.1.0
468 silly packumentCache full:https://registry.npmjs.org/has-symbols cache-miss
469 silly fetch manifest function-bind@^1.1.2
470 silly packumentCache full:https://registry.npmjs.org/function-bind cache-miss
471 silly fetch manifest es-object-atoms@^1.1.1
472 silly packumentCache full:https://registry.npmjs.org/es-object-atoms cache-miss
473 http fetch GET 200 https://registry.npmjs.org/gopd 128ms (cache revalidated)
474 silly packumentCache full:https://registry.npmjs.org/gopd set size:11483 disposed:false
475 silly fetch manifest math-intrinsics@^1.1.0
476 silly packumentCache full:https://registry.npmjs.org/math-intrinsics cache-miss
477 http fetch GET 200 https://registry.npmjs.org/get-proto 133ms (cache revalidated)
478 silly packumentCache full:https://registry.npmjs.org/get-proto set size:8300 disposed:false
479 silly fetch manifest call-bind-apply-helpers@^1.0.2
480 silly packumentCache full:https://registry.npmjs.org/call-bind-apply-helpers cache-miss
481 http fetch GET 200 https://registry.npmjs.org/has-symbols 156ms (cache revalidated)
482 silly packumentCache full:https://registry.npmjs.org/has-symbols set size:21550 disposed:false
483 http fetch GET 200 https://registry.npmjs.org/function-bind 158ms (cache revalidated)
484 silly packumentCache full:https://registry.npmjs.org/function-bind set size:15733 disposed:false
485 http fetch GET 200 https://registry.npmjs.org/es-object-atoms 156ms (cache revalidated)
486 silly packumentCache full:https://registry.npmjs.org/es-object-atoms set size:18278 disposed:false
487 http fetch GET 200 https://registry.npmjs.org/hasown 170ms (cache revalidated)
488 silly packumentCache full:https://registry.npmjs.org/hasown set size:18361 disposed:false
489 http fetch GET 200 https://registry.npmjs.org/call-bind-apply-helpers 182ms (cache revalidated)
490 silly packumentCache full:https://registry.npmjs.org/call-bind-apply-helpers set size:12744 disposed:false
491 http fetch GET 200 https://registry.npmjs.org/math-intrinsics 141ms (cache revalidated)
492 silly packumentCache full:https://registry.npmjs.org/math-intrinsics set size:9265 disposed:false
493 http fetch GET 200 https://registry.npmjs.org/call-bind-apply-helpers 150ms (cache revalidated)
494 silly packumentCache full:https://registry.npmjs.org/call-bind-apply-helpers set size:12744 disposed:false
495 silly packumentCache full:https://registry.npmjs.org/call-bind-apply-helpers dispose
496 silly placeDep ROOT call-bind-apply-helpers@1.0.2 OK for: call-bound@1.0.4 want: ^1.0.2
497 silly placeDep ROOT function-bind@1.1.2 OK for: call-bind-apply-helpers@1.0.2 want: ^1.1.2
498 silly placeDep ROOT es-object-atoms@1.1.2 OK for: get-intrinsic@1.3.0 want: ^1.1.1
499 silly placeDep ROOT get-proto@1.0.1 OK for: get-intrinsic@1.3.0 want: ^1.0.1
500 silly placeDep ROOT gopd@1.2.0 OK for: get-intrinsic@1.3.0 want: ^1.2.0
501 silly placeDep ROOT has-symbols@1.1.0 OK for: get-intrinsic@1.3.0 want: ^1.1.0
502 silly placeDep ROOT hasown@2.0.4 OK for: get-intrinsic@1.3.0 want: ^2.0.2
503 silly placeDep ROOT math-intrinsics@1.1.0 OK for: get-intrinsic@1.3.0 want: ^1.1.0
504 silly fetch manifest dunder-proto@^1.0.1
505 silly packumentCache full:https://registry.npmjs.org/dunder-proto cache-miss
506 http fetch GET 200 https://registry.npmjs.org/dunder-proto 104ms (cache revalidated)
507 silly packumentCache full:https://registry.npmjs.org/dunder-proto set size:8256 disposed:false
508 silly placeDep ROOT dunder-proto@1.0.1 OK for: get-proto@1.0.1 want: ^1.0.1
509 silly placeDep ROOT base64id@2.0.0 OK for: socket.io@4.8.3 want: ~2.0.0
510 silly placeDep node_modules/socket.io debug@4.4.3 OK for: socket.io@4.8.3 want: ~4.4.1
511 silly placeDep ROOT engine.io@6.6.9 OK for: socket.io@4.8.3 want: ~6.6.0
512 silly placeDep ROOT socket.io-adapter@2.5.8 OK for: socket.io@4.8.3 want: ~2.5.2
513 silly placeDep ROOT socket.io-parser@4.2.7 OK for: socket.io@4.8.3 want: ~4.2.4
514 silly fetch manifest ms@^2.1.3
515 silly packumentCache full:https://registry.npmjs.org/ms cache-hit
516 silly fetch manifest ws@~8.21.0
517 silly packumentCache full:https://registry.npmjs.org/ws cache-miss
518 silly fetch manifest @types/ws@^8.5.12
519 silly packumentCache full:https://registry.npmjs.org/@types%2fws cache-miss
520 silly fetch manifest @types/cors@^2.8.12
521 silly packumentCache full:https://registry.npmjs.org/@types%2fcors cache-miss
522 silly fetch manifest @types/node@>=10.0.0
523 silly packumentCache full:https://registry.npmjs.org/@types%2fnode cache-miss
524 silly fetch manifest engine.io-parser@~5.2.1
525 silly packumentCache full:https://registry.npmjs.org/engine.io-parser cache-miss
526 silly fetch manifest ws@~8.21.0
527 silly packumentCache full:https://registry.npmjs.org/ws cache-miss
528 silly fetch manifest @socket.io/component-emitter@~3.1.0
529 silly packumentCache full:https://registry.npmjs.org/@socket.io%2fcomponent-emitter cache-miss
530 http fetch GET 200 https://registry.npmjs.org/ws 176ms (cache revalidated)
531 silly packumentCache full:https://registry.npmjs.org/ws set size:426890 disposed:false
532 http fetch GET 200 https://registry.npmjs.org/ws 195ms (cache revalidated)
533 silly packumentCache full:https://registry.npmjs.org/ws set size:426890 disposed:false
534 silly packumentCache full:https://registry.npmjs.org/ws dispose
535 http fetch GET 200 https://registry.npmjs.org/@types%2fws 228ms (cache revalidated)
536 silly packumentCache full:https://registry.npmjs.org/@types%2fws set size:167959 disposed:false
537 http fetch GET 200 https://registry.npmjs.org/engine.io-parser 231ms (cache revalidated)
538 silly packumentCache full:https://registry.npmjs.org/engine.io-parser set size:116455 disposed:false
539 http fetch GET 200 https://registry.npmjs.org/@types%2fcors 248ms (cache revalidated)
540 silly packumentCache full:https://registry.npmjs.org/@types%2fcors set size:56991 disposed:false
541 http fetch GET 200 https://registry.npmjs.org/@socket.io%2fcomponent-emitter 242ms (cache revalidated)
542 silly packumentCache full:https://registry.npmjs.org/@socket.io%2fcomponent-emitter set size:14099 disposed:false
543 http fetch GET 200 https://registry.npmjs.org/@types%2fnode 282ms (cache revalidated)
544 silly packumentCache full:https://registry.npmjs.org/@types%2fnode set size:11080817 disposed:false
545 silly fetch manifest bufferutil@^4.0.1
546 silly packumentCache full:https://registry.npmjs.org/bufferutil cache-miss
547 http fetch GET 200 https://registry.npmjs.org/bufferutil 139ms (cache revalidated)
548 silly packumentCache full:https://registry.npmjs.org/bufferutil set size:52763 disposed:false
549 silly fetch manifest utf-8-validate@>=5.0.2
550 silly packumentCache full:https://registry.npmjs.org/utf-8-validate cache-miss
551 http fetch GET 200 https://registry.npmjs.org/utf-8-validate 121ms (cache revalidated)
552 silly packumentCache full:https://registry.npmjs.org/utf-8-validate set size:77148 disposed:false
553 silly placeDep ROOT @types/cors@2.8.19 OK for: engine.io@6.6.9 want: ^2.8.12
554 silly placeDep ROOT @types/node@26.1.1 OK for: engine.io@6.6.9 want: >=10.0.0
555 silly placeDep ROOT @types/ws@8.18.1 OK for: engine.io@6.6.9 want: ^8.5.12
556 silly placeDep node_modules/engine.io debug@4.4.3 OK for: engine.io@6.6.9 want: ~4.4.1
557 silly placeDep ROOT engine.io-parser@5.2.3 OK for: engine.io@6.6.9 want: ~5.2.1
558 silly placeDep ROOT ws@8.21.1 OK for: engine.io@6.6.9 want: ~8.21.0
559 silly fetch manifest @types/node@*
560 silly packumentCache full:https://registry.npmjs.org/@types%2fnode cache-miss
561 silly fetch manifest undici-types@~8.3.0
562 silly packumentCache full:https://registry.npmjs.org/undici-types cache-miss
563 http cache https://registry.npmjs.org/@types%2fnode 91ms (cache hit)
564 silly packumentCache full:https://registry.npmjs.org/@types%2fnode set size:11080817 disposed:false
565 http fetch GET 200 https://registry.npmjs.org/undici-types 430ms (cache revalidated)
566 silly packumentCache full:https://registry.npmjs.org/undici-types set size:239474 disposed:false
567 silly placeDep ROOT undici-types@8.3.0 OK for: @types/node@26.1.1 want: ~8.3.0
568 silly placeDep node_modules/socket.io-adapter debug@4.4.3 OK for: socket.io-adapter@2.5.8 want: ~4.4.1
569 silly placeDep ROOT @socket.io/component-emitter@3.1.2 OK for: socket.io-parser@4.2.7 want: ~3.1.0
570 silly placeDep node_modules/socket.io-parser debug@4.4.3 OK for: socket.io-parser@4.2.7 want: ~4.4.1
571 silly placeDep node_modules/string_decoder safe-buffer@5.1.2 OK for: string_decoder@1.1.1 want: ~5.1.0
572 silly placeDep ROOT media-typer@0.3.0 OK for: type-is@1.6.18 want: 0.3.0
573 silly placeDep node_modules/engine.io ms@2.1.3 OK for: debug@4.4.3 want: ^2.1.3
574 silly placeDep node_modules/socket.io-adapter ms@2.1.3 OK for: debug@4.4.3 want: ^2.1.3
575 silly placeDep node_modules/socket.io-parser ms@2.1.3 OK for: debug@4.4.3 want: ^2.1.3
576 silly placeDep node_modules/socket.io ms@2.1.3 OK for: debug@4.4.3 want: ^2.1.3
577 silly reify moves {}
578 silly audit bulk request {
578 silly audit   cors: [ '2.8.6' ],
578 silly audit   express: [ '4.22.2' ],
578 silly audit   multer: [ '1.4.5-lts.2' ],
578 silly audit   'socket.io': [ '4.8.3' ],
578 silly audit   'object-assign': [ '4.1.1' ],
578 silly audit   vary: [ '1.1.2' ],
578 silly audit   accepts: [ '1.3.8' ],
578 silly audit   'array-flatten': [ '1.1.1' ],
578 silly audit   'body-parser': [ '1.20.6' ],
578 silly audit   'content-disposition': [ '0.5.4' ],
578 silly audit   'content-type': [ '1.0.5' ],
578 silly audit   cookie: [ '0.7.2' ],
578 silly audit   'cookie-signature': [ '1.0.7' ],
578 silly audit   debug: [ '2.6.9', '4.4.3' ],
578 silly audit   depd: [ '2.0.0' ],
578 silly audit   encodeurl: [ '2.0.0' ],
578 silly audit   'escape-html': [ '1.0.3' ],
578 silly audit   etag: [ '1.8.1' ],
578 silly audit   finalhandler: [ '1.3.2' ],
578 silly audit   fresh: [ '0.5.2' ],
578 silly audit   'http-errors': [ '2.0.1' ],
578 silly audit   'merge-descriptors': [ '1.0.3' ],
578 silly audit   methods: [ '1.1.2' ],
578 silly audit   'on-finished': [ '2.4.1' ],
578 silly audit   parseurl: [ '1.3.3' ],
578 silly audit   'path-to-regexp': [ '0.1.13' ],
578 silly audit   'proxy-addr': [ '2.0.7' ],
578 silly audit   qs: [ '6.15.3' ],
578 silly audit   'range-parser': [ '1.2.1' ],
578 silly audit   'safe-buffer': [ '5.2.1', '5.1.2' ],
578 silly audit   send: [ '0.19.2' ],
578 silly audit   'serve-static': [ '1.16.3' ],
578 silly audit   setprototypeof: [ '1.2.0' ],
578 silly audit   statuses: [ '2.0.2' ],
578 silly audit   'type-is': [ '1.6.18' ],
578 silly audit   'utils-merge': [ '1.0.1' ],
578 silly audit   'mime-types': [ '2.1.35' ],
578 silly audit   negotiator: [ '0.6.3' ],
578 silly audit   bytes: [ '3.1.2' ],
578 silly audit   destroy: [ '1.2.0' ],
578 silly audit   'iconv-lite': [ '0.4.24' ],
578 silly audit   'raw-body': [ '2.5.3' ],
578 silly audit   unpipe: [ '1.0.0' ],
578 silly audit   ms: [ '2.0.0', '2.1.3' ],
578 silly audit   inherits: [ '2.0.4' ],
578 silly audit   toidentifier: [ '1.0.1' ],
578 silly audit   'safer-buffer': [ '2.1.2' ],
578 silly audit   'mime-db': [ '1.52.0' ],
578 silly audit   'append-field': [ '1.0.0' ],
578 silly audit   busboy: [ '1.6.0' ],
578 silly audit   'concat-stream': [ '1.6.2' ],
578 silly audit   mkdirp: [ '0.5.6' ],
578 silly audit   xtend: [ '4.0.2' ],
578 silly audit   streamsearch: [ '1.1.0' ],
578 silly audit   'buffer-from': [ '1.1.2' ],
578 silly audit   'readable-stream': [ '2.3.8' ],
578 silly audit   typedarray: [ '0.0.6' ],
578 silly audit   minimist: [ '1.2.8' ],
578 silly audit   'ee-first': [ '1.1.1' ],
578 silly audit   forwarded: [ '0.2.0' ],
578 silly audit   'ipaddr.js': [ '1.9.1' ],
578 silly audit   'es-define-property': [ '1.0.1' ],
578 silly audit   'side-channel': [ '1.1.1' ],
578 silly audit   'core-util-is': [ '1.0.3' ],
578 silly audit   isarray: [ '1.0.0' ],
578 silly audit   'process-nextick-args': [ '2.0.1' ],
578 silly audit   string_decoder: [ '1.1.1' ],
578 silly audit   'util-deprecate': [ '1.0.2' ],
578 silly audit   mime: [ '1.6.0' ],
578 silly audit   'es-errors': [ '1.3.0' ],
578 silly audit   'object-inspect': [ '1.13.4' ],
578 silly audit   'side-channel-list': [ '1.0.1' ],
578 silly audit   'side-channel-map': [ '1.0.1' ],
578 silly audit   'side-channel-weakmap': [ '1.0.2' ],
578 silly audit   'call-bound': [ '1.0.4' ],
578 silly audit   'get-intrinsic': [ '1.3.0' ],
578 silly audit   'call-bind-apply-helpers': [ '1.0.2' ],
578 silly audit   'function-bind': [ '1.1.2' ],
578 silly audit   'es-object-atoms': [ '1.1.2' ],
578 silly audit   'get-proto': [ '1.0.1' ],
578 silly audit   gopd: [ '1.2.0' ],
578 silly audit   'has-symbols': [ '1.1.0' ],
578 silly audit   hasown: [ '2.0.4' ],
578 silly audit   'math-intrinsics': [ '1.1.0' ],
578 silly audit   'dunder-proto': [ '1.0.1' ],
578 silly audit   base64id: [ '2.0.0' ],
578 silly audit   'engine.io': [ '6.6.9' ],
578 silly audit   'socket.io-adapter': [ '2.5.8' ],
578 silly audit   'socket.io-parser': [ '4.2.7' ],
578 silly audit   '@types/cors': [ '2.8.19' ],
578 silly audit   '@types/node': [ '26.1.1' ],
578 silly audit   '@types/ws': [ '8.18.1' ],
578 silly audit   'engine.io-parser': [ '5.2.3' ],
578 silly audit   ws: [ '8.21.1' ],
578 silly audit   'undici-types': [ '8.3.0' ],
578 silly audit   '@socket.io/component-emitter': [ '3.1.2' ],
578 silly audit   'media-typer': [ '0.3.0' ]
578 silly audit }
579 http cache media-typer@https://registry.npmjs.org/media-typer/-/media-typer-0.3.0.tgz 0ms (cache hit)
580 http cache @socket.io/component-emitter@https://registry.npmjs.org/@socket.io/component-emitter/-/component-emitter-3.1.2.tgz 0ms (cache hit)
581 http cache undici-types@https://registry.npmjs.org/undici-types/-/undici-types-8.3.0.tgz 2ms (cache hit)
582 http cache ws@https://registry.npmjs.org/ws/-/ws-8.21.1.tgz 0ms (cache hit)
583 http cache @types/ws@https://registry.npmjs.org/@types/ws/-/ws-8.18.1.tgz 0ms (cache hit)
584 http cache @types/cors@https://registry.npmjs.org/@types/cors/-/cors-2.8.19.tgz 0ms (cache hit)
585 http cache @types/node@https://registry.npmjs.org/@types/node/-/node-26.1.1.tgz 0ms (cache hit)
586 http cache socket.io-parser@https://registry.npmjs.org/socket.io-parser/-/socket.io-parser-4.2.7.tgz 0ms (cache hit)
587 http cache socket.io-adapter@https://registry.npmjs.org/socket.io-adapter/-/socket.io-adapter-2.5.8.tgz 0ms (cache hit)
588 http cache engine.io@https://registry.npmjs.org/engine.io/-/engine.io-6.6.9.tgz 1ms (cache hit)
589 http cache base64id@https://registry.npmjs.org/base64id/-/base64id-2.0.0.tgz 0ms (cache hit)
590 http cache dunder-proto@https://registry.npmjs.org/dunder-proto/-/dunder-proto-1.0.1.tgz 0ms (cache hit)
591 http cache math-intrinsics@https://registry.npmjs.org/math-intrinsics/-/math-intrinsics-1.1.0.tgz 0ms (cache hit)
592 http cache has-symbols@https://registry.npmjs.org/has-symbols/-/has-symbols-1.1.0.tgz 0ms (cache hit)
593 http cache gopd@https://registry.npmjs.org/gopd/-/gopd-1.2.0.tgz 0ms (cache hit)
594 http cache get-proto@https://registry.npmjs.org/get-proto/-/get-proto-1.0.1.tgz 0ms (cache hit)
595 http cache es-object-atoms@https://registry.npmjs.org/es-object-atoms/-/es-object-atoms-1.1.2.tgz 0ms (cache hit)
596 http cache function-bind@https://registry.npmjs.org/function-bind/-/function-bind-1.1.2.tgz 0ms (cache hit)
597 http cache call-bind-apply-helpers@https://registry.npmjs.org/call-bind-apply-helpers/-/call-bind-apply-helpers-1.0.2.tgz 0ms (cache hit)
598 http cache hasown@https://registry.npmjs.org/hasown/-/hasown-2.0.4.tgz 0ms (cache hit)
599 http cache get-intrinsic@https://registry.npmjs.org/get-intrinsic/-/get-intrinsic-1.3.0.tgz 0ms (cache hit)
600 http cache call-bound@https://registry.npmjs.org/call-bound/-/call-bound-1.0.4.tgz 0ms (cache hit)
601 http cache side-channel-weakmap@https://registry.npmjs.org/side-channel-weakmap/-/side-channel-weakmap-1.0.2.tgz 0ms (cache hit)
602 http cache side-channel-map@https://registry.npmjs.org/side-channel-map/-/side-channel-map-1.0.1.tgz 0ms (cache hit)
603 http cache side-channel-list@https://registry.npmjs.org/side-channel-list/-/side-channel-list-1.0.1.tgz 0ms (cache hit)
604 http cache object-inspect@https://registry.npmjs.org/object-inspect/-/object-inspect-1.13.4.tgz 0ms (cache hit)
605 http cache es-errors@https://registry.npmjs.org/es-errors/-/es-errors-1.3.0.tgz 0ms (cache hit)
606 http cache util-deprecate@https://registry.npmjs.org/util-deprecate/-/util-deprecate-1.0.2.tgz 0ms (cache hit)
607 http cache string_decoder@https://registry.npmjs.org/string_decoder/-/string_decoder-1.1.1.tgz 0ms (cache hit)
608 http cache process-nextick-args@https://registry.npmjs.org/process-nextick-args/-/process-nextick-args-2.0.1.tgz 0ms (cache hit)
609 http cache isarray@https://registry.npmjs.org/isarray/-/isarray-1.0.0.tgz 0ms (cache hit)
610 http cache core-util-is@https://registry.npmjs.org/core-util-is/-/core-util-is-1.0.3.tgz 0ms (cache hit)
611 http cache side-channel@https://registry.npmjs.org/side-channel/-/side-channel-1.1.1.tgz 0ms (cache hit)
612 http cache es-define-property@https://registry.npmjs.org/es-define-property/-/es-define-property-1.0.1.tgz 1ms (cache hit)
613 http cache ipaddr.js@https://registry.npmjs.org/ipaddr.js/-/ipaddr.js-1.9.1.tgz 0ms (cache hit)
614 http cache forwarded@https://registry.npmjs.org/forwarded/-/forwarded-0.2.0.tgz 0ms (cache hit)
615 http cache ee-first@https://registry.npmjs.org/ee-first/-/ee-first-1.1.1.tgz 0ms (cache hit)
616 http cache minimist@https://registry.npmjs.org/minimist/-/minimist-1.2.8.tgz 0ms (cache hit)
617 http cache typedarray@https://registry.npmjs.org/typedarray/-/typedarray-0.0.6.tgz 0ms (cache hit)
618 http cache readable-stream@https://registry.npmjs.org/readable-stream/-/readable-stream-2.3.8.tgz 0ms (cache hit)
619 http cache buffer-from@https://registry.npmjs.org/buffer-from/-/buffer-from-1.1.2.tgz 0ms (cache hit)
620 http cache streamsearch@https://registry.npmjs.org/streamsearch/-/streamsearch-1.1.0.tgz 1ms (cache hit)
621 http cache xtend@https://registry.npmjs.org/xtend/-/xtend-4.0.2.tgz 0ms (cache hit)
622 http cache concat-stream@https://registry.npmjs.org/concat-stream/-/concat-stream-1.6.2.tgz 0ms (cache hit)
623 http cache append-field@https://registry.npmjs.org/append-field/-/append-field-1.0.0.tgz 0ms (cache hit)
624 http cache busboy@https://registry.npmjs.org/busboy/-/busboy-1.6.0.tgz 1ms (cache hit)
625 http cache mime-db@https://registry.npmjs.org/mime-db/-/mime-db-1.52.0.tgz 0ms (cache hit)
626 http cache safer-buffer@https://registry.npmjs.org/safer-buffer/-/safer-buffer-2.1.2.tgz 0ms (cache hit)
627 http cache toidentifier@https://registry.npmjs.org/toidentifier/-/toidentifier-1.0.1.tgz 0ms (cache hit)
628 http cache inherits@https://registry.npmjs.org/inherits/-/inherits-2.0.4.tgz 0ms (cache hit)
629 http cache ms@https://registry.npmjs.org/ms/-/ms-2.0.0.tgz 0ms (cache hit)
630 http cache unpipe@https://registry.npmjs.org/unpipe/-/unpipe-1.0.0.tgz 0ms (cache hit)
631 http cache raw-body@https://registry.npmjs.org/raw-body/-/raw-body-2.5.3.tgz 0ms (cache hit)
632 http cache iconv-lite@https://registry.npmjs.org/iconv-lite/-/iconv-lite-0.4.24.tgz 0ms (cache hit)
633 http cache destroy@https://registry.npmjs.org/destroy/-/destroy-1.2.0.tgz 0ms (cache hit)
634 http cache bytes@https://registry.npmjs.org/bytes/-/bytes-3.1.2.tgz 0ms (cache hit)
635 http cache negotiator@https://registry.npmjs.org/negotiator/-/negotiator-0.6.3.tgz 0ms (cache hit)
636 http cache mime-types@https://registry.npmjs.org/mime-types/-/mime-types-2.1.35.tgz 1ms (cache hit)
637 http cache statuses@https://registry.npmjs.org/statuses/-/statuses-2.0.2.tgz 0ms (cache hit)
638 http cache type-is@https://registry.npmjs.org/type-is/-/type-is-1.6.18.tgz 0ms (cache hit)
639 http cache utils-merge@https://registry.npmjs.org/utils-merge/-/utils-merge-1.0.1.tgz 0ms (cache hit)
640 http cache setprototypeof@https://registry.npmjs.org/setprototypeof/-/setprototypeof-1.2.0.tgz 0ms (cache hit)
641 http cache serve-static@https://registry.npmjs.org/serve-static/-/serve-static-1.16.3.tgz 0ms (cache hit)
642 http cache safe-buffer@https://registry.npmjs.org/safe-buffer/-/safe-buffer-5.2.1.tgz 0ms (cache hit)
643 http cache range-parser@https://registry.npmjs.org/range-parser/-/range-parser-1.2.1.tgz 0ms (cache hit)
644 http cache mkdirp@https://registry.npmjs.org/mkdirp/-/mkdirp-0.5.6.tgz 0ms (cache hit)
645 http cache send@https://registry.npmjs.org/send/-/send-0.19.2.tgz 0ms (cache hit)
646 http cache proxy-addr@https://registry.npmjs.org/proxy-addr/-/proxy-addr-2.0.7.tgz 0ms (cache hit)
647 http cache qs@https://registry.npmjs.org/qs/-/qs-6.15.3.tgz 1ms (cache hit)
648 http cache on-finished@https://registry.npmjs.org/on-finished/-/on-finished-2.4.1.tgz 0ms (cache hit)
649 http cache methods@https://registry.npmjs.org/methods/-/methods-1.1.2.tgz 0ms (cache hit)
650 http cache parseurl@https://registry.npmjs.org/parseurl/-/parseurl-1.3.3.tgz 0ms (cache hit)
651 http cache merge-descriptors@https://registry.npmjs.org/merge-descriptors/-/merge-descriptors-1.0.3.tgz 0ms (cache hit)
652 http cache http-errors@https://registry.npmjs.org/http-errors/-/http-errors-2.0.1.tgz 0ms (cache hit)
653 http cache finalhandler@https://registry.npmjs.org/finalhandler/-/finalhandler-1.3.2.tgz 1ms (cache hit)
654 http cache fresh@https://registry.npmjs.org/fresh/-/fresh-0.5.2.tgz 0ms (cache hit)
655 http cache etag@https://registry.npmjs.org/etag/-/etag-1.8.1.tgz 0ms (cache hit)
656 http cache path-to-regexp@https://registry.npmjs.org/path-to-regexp/-/path-to-regexp-0.1.13.tgz 0ms (cache hit)
657 http cache encodeurl@https://registry.npmjs.org/encodeurl/-/encodeurl-2.0.0.tgz 0ms (cache hit)
658 http cache depd@https://registry.npmjs.org/depd/-/depd-2.0.0.tgz 2ms (cache hit)
659 http cache debug@https://registry.npmjs.org/debug/-/debug-2.6.9.tgz 2ms (cache hit)
660 http cache escape-html@https://registry.npmjs.org/escape-html/-/escape-html-1.0.3.tgz 0ms (cache hit)
661 http cache cookie@https://registry.npmjs.org/cookie/-/cookie-0.7.2.tgz 1ms (cache hit)
662 http cache content-type@https://registry.npmjs.org/content-type/-/content-type-1.0.5.tgz 0ms (cache hit)
663 http cache cookie-signature@https://registry.npmjs.org/cookie-signature/-/cookie-signature-1.0.7.tgz 0ms (cache hit)
664 http cache content-disposition@https://registry.npmjs.org/content-disposition/-/content-disposition-0.5.4.tgz 1ms (cache hit)
665 http cache body-parser@https://registry.npmjs.org/body-parser/-/body-parser-1.20.6.tgz 0ms (cache hit)
666 http cache array-flatten@https://registry.npmjs.org/array-flatten/-/array-flatten-1.1.1.tgz 0ms (cache hit)
667 http cache vary@https://registry.npmjs.org/vary/-/vary-1.1.2.tgz 0ms (cache hit)
668 http cache object-assign@https://registry.npmjs.org/object-assign/-/object-assign-4.1.1.tgz 0ms (cache hit)
669 http cache mime@https://registry.npmjs.org/mime/-/mime-1.6.0.tgz 0ms (cache hit)
670 http cache engine.io-parser@https://registry.npmjs.org/engine.io-parser/-/engine.io-parser-5.2.3.tgz 0ms (cache hit)
671 http cache express@https://registry.npmjs.org/express/-/express-4.22.2.tgz 0ms (cache hit)
672 http cache cors@https://registry.npmjs.org/cors/-/cors-2.8.6.tgz 0ms (cache hit)
673 http cache ms@https://registry.npmjs.org/ms/-/ms-2.1.3.tgz 0ms (cache hit)
674 http cache ms@https://registry.npmjs.org/ms/-/ms-2.1.3.tgz 0ms (cache hit)
675 http cache debug@https://registry.npmjs.org/debug/-/debug-4.4.3.tgz 0ms (cache hit)
676 http cache debug@https://registry.npmjs.org/debug/-/debug-4.4.3.tgz 0ms (cache hit)
677 http cache ms@https://registry.npmjs.org/ms/-/ms-2.1.3.tgz 0ms (cache hit)
678 http cache debug@https://registry.npmjs.org/debug/-/debug-4.4.3.tgz 0ms (cache hit)
679 http cache safe-buffer@https://registry.npmjs.org/safe-buffer/-/safe-buffer-5.1.2.tgz 0ms (cache hit)
680 http cache safe-buffer@https://registry.npmjs.org/safe-buffer/-/safe-buffer-5.1.2.tgz 0ms (cache hit)
681 http cache ms@https://registry.npmjs.org/ms/-/ms-2.1.3.tgz 0ms (cache hit)
682 http cache ms@https://registry.npmjs.org/ms/-/ms-2.1.3.tgz 0ms (cache hit)
683 http cache debug@https://registry.npmjs.org/debug/-/debug-4.4.3.tgz 0ms (cache hit)
684 http cache multer@https://registry.npmjs.org/multer/-/multer-1.4.5-lts.2.tgz 0ms (cache hit)
685 http cache accepts@https://registry.npmjs.org/accepts/-/accepts-1.3.8.tgz 0ms (cache hit)
686 http cache socket.io@https://registry.npmjs.org/socket.io/-/socket.io-4.8.3.tgz 0ms (cache hit)
687 http fetch POST 200 https://registry.npmjs.org/-/npm/v1/security/advisories/bulk 1374ms
688 silly audit report {}
689 warn deprecated multer@1.4.5-lts.2: Multer 1.x is impacted by a number of vulnerabilities, which have been patched in 2.x. You should upgrade to the latest 2.x version.
690 silly ADD node_modules/media-typer
691 silly ADD node_modules/@socket.io/component-emitter
692 silly ADD node_modules/undici-types
693 silly ADD node_modules/ws
694 silly ADD node_modules/engine.io-parser
695 silly ADD node_modules/@types/ws
696 silly ADD node_modules/@types/node
697 silly ADD node_modules/@types/cors
698 silly ADD node_modules/socket.io-parser
699 silly ADD node_modules/socket.io-parser/node_modules/ms
700 silly ADD node_modules/socket.io-parser/node_modules/debug
701 silly ADD node_modules/socket.io-adapter
702 silly ADD node_modules/socket.io-adapter/node_modules/ms
703 silly ADD node_modules/socket.io-adapter/node_modules/debug
704 silly ADD node_modules/engine.io
705 silly ADD node_modules/engine.io/node_modules/ms
706 silly ADD node_modules/engine.io/node_modules/debug
707 silly ADD node_modules/base64id
708 silly ADD node_modules/dunder-proto
709 silly ADD node_modules/math-intrinsics
710 silly ADD node_modules/hasown
711 silly ADD node_modules/has-symbols
712 silly ADD node_modules/gopd
713 silly ADD node_modules/get-proto
714 silly ADD node_modules/es-object-atoms
715 silly ADD node_modules/function-bind
716 silly ADD node_modules/call-bind-apply-helpers
717 silly ADD node_modules/get-intrinsic
718 silly ADD node_modules/call-bound
719 silly ADD node_modules/side-channel-weakmap
720 silly ADD node_modules/side-channel-map
721 silly ADD node_modules/side-channel-list
722 silly ADD node_modules/object-inspect
723 silly ADD node_modules/es-errors
724 silly ADD node_modules/mime
725 silly ADD node_modules/util-deprecate
726 silly ADD node_modules/string_decoder
727 silly ADD node_modules/string_decoder/node_modules/safe-buffer
728 silly ADD node_modules/process-nextick-args
729 silly ADD node_modules/isarray
730 silly ADD node_modules/core-util-is
731 silly ADD node_modules/side-channel
732 silly ADD node_modules/es-define-property
733 silly ADD node_modules/ipaddr.js
734 silly ADD node_modules/forwarded
735 silly ADD node_modules/ee-first
736 silly ADD node_modules/minimist
737 silly ADD node_modules/typedarray
738 silly ADD node_modules/readable-stream
739 silly ADD node_modules/readable-stream/node_modules/safe-buffer
740 silly ADD node_modules/buffer-from
741 silly ADD node_modules/streamsearch
742 silly ADD node_modules/xtend
743 silly ADD node_modules/mkdirp
744 silly ADD node_modules/concat-stream
745 silly ADD node_modules/busboy
746 silly ADD node_modules/append-field
747 silly ADD node_modules/mime-db
748 silly ADD node_modules/safer-buffer
749 silly ADD node_modules/toidentifier
750 silly ADD node_modules/inherits
751 silly ADD node_modules/ms
752 silly ADD node_modules/unpipe
753 silly ADD node_modules/raw-body
754 silly ADD node_modules/iconv-lite
755 silly ADD node_modules/destroy
756 silly ADD node_modules/bytes
757 silly ADD node_modules/negotiator
758 silly ADD node_modules/mime-types
759 silly ADD node_modules/utils-merge
760 silly ADD node_modules/type-is
761 silly ADD node_modules/statuses
762 silly ADD node_modules/setprototypeof
763 silly ADD node_modules/serve-static
764 silly ADD node_modules/send
765 silly ADD node_modules/send/node_modules/ms
766 silly ADD node_modules/safe-buffer
767 silly ADD node_modules/range-parser
768 silly ADD node_modules/qs
769 silly ADD node_modules/proxy-addr
770 silly ADD node_modules/path-to-regexp
771 silly ADD node_modules/parseurl
772 silly ADD node_modules/on-finished
773 silly ADD node_modules/methods
774 silly ADD node_modules/merge-descriptors
775 silly ADD node_modules/http-errors
776 silly ADD node_modules/fresh
777 silly ADD node_modules/finalhandler
778 silly ADD node_modules/etag
779 silly ADD node_modules/escape-html
780 silly ADD node_modules/encodeurl
781 silly ADD node_modules/depd
782 silly ADD node_modules/debug
783 silly ADD node_modules/cookie-signature
784 silly ADD node_modules/cookie
785 silly ADD node_modules/content-type
786 silly ADD node_modules/content-disposition
787 silly ADD node_modules/body-parser
788 silly ADD node_modules/array-flatten
789 silly ADD node_modules/accepts
790 silly ADD node_modules/vary
791 silly ADD node_modules/object-assign
792 silly ADD node_modules/socket.io
793 silly ADD node_modules/socket.io/node_modules/ms
794 silly ADD node_modules/socket.io/node_modules/debug
795 silly ADD node_modules/multer
796 silly ADD node_modules/express
797 silly ADD node_modules/cors
798 verbose cwd /data/data/com.termux/files/home
799 verbose os Linux 6.6.89-android15-8-o-g59160d8212a5-4k
800 verbose node v26.4.0
801 verbose npm  v11.18.0
802 verbose exit 0
803 info ok
