0 verbose cli /data/data/com.termux/files/usr/bin/node /data/data/com.termux/files/usr/bin/npm
1 info using npm@11.18.0
2 info using node@v26.4.0
3 silly config load:file:/data/data/com.termux/files/usr/lib/node_modules/npm/npmrc
4 silly config load:file:/data/data/com.termux/files/home/.npmrc
5 silly config load:file:/data/data/com.termux/files/usr/etc/npmrc
6 verbose title npm install
7 verbose argv "install"
8 verbose logfile logs-max:10 dir:/data/data/com.termux/files/home/.npm/_logs/2026-07-20T03_50_35_973Z-
9 verbose logfile /data/data/com.termux/files/home/.npm/_logs/2026-07-20T03_50_35_973Z-debug-0.log
10 silly logfile start cleaning logs, removing 1 files
11 silly logfile done cleaning log files
12 silly packumentCache heap:1174405120 maxSize:293601280 maxEntrySize:146800640
13 silly idealTree buildDeps
14 silly fetch manifest express@^4.19.2
15 silly packumentCache full:https://registry.npmjs.org/express cache-miss
16 http fetch GET 200 https://registry.npmjs.org/express 866ms (cache revalidated)
17 silly packumentCache full:https://registry.npmjs.org/express set size:804956 disposed:false
18 silly fetch manifest socket.io@^4.7.5
19 silly packumentCache full:https://registry.npmjs.org/socket.io cache-miss
20 http fetch GET 200 https://registry.npmjs.org/socket.io 167ms (cache revalidated)
21 silly packumentCache full:https://registry.npmjs.org/socket.io set size:379231 disposed:false
22 silly fetch manifest cors@^2.8.5
23 silly packumentCache full:https://registry.npmjs.org/cors cache-miss
24 http fetch GET 200 https://registry.npmjs.org/cors 155ms (cache revalidated)
25 silly packumentCache full:https://registry.npmjs.org/cors set size:77956 disposed:false
26 silly fetch manifest multer@^1.4.5-lts.1
27 silly packumentCache full:https://registry.npmjs.org/multer cache-miss
28 http fetch GET 200 https://registry.npmjs.org/multer 124ms (cache revalidated)
29 silly packumentCache full:https://registry.npmjs.org/multer set size:156441 disposed:false
30 silly placeDep ROOT cors@2.8.6 OK for: pingpong-server@1.0.0 want: ^2.8.5
31 silly placeDep ROOT express@4.22.2 OK for: pingpong-server@1.0.0 want: ^4.19.2
32 silly placeDep ROOT multer@1.4.5-lts.2 OK for: pingpong-server@1.0.0 want: ^1.4.5-lts.1
33 silly placeDep ROOT socket.io@4.8.3 OK for: pingpong-server@1.0.0 want: ^4.7.5
34 silly fetch manifest object-assign@^4
35 silly packumentCache full:https://registry.npmjs.org/object-assign cache-miss
36 silly fetch manifest vary@^1
37 silly packumentCache full:https://registry.npmjs.org/vary cache-miss
38 silly fetch manifest qs@~6.15.1
39 silly packumentCache full:https://registry.npmjs.org/qs cache-miss
40 silly fetch manifest depd@2.0.0
41 silly packumentCache full:https://registry.npmjs.org/depd cache-miss
42 silly fetch manifest etag@~1.8.1
43 silly packumentCache full:https://registry.npmjs.org/etag cache-miss
44 silly fetch manifest send@~0.19.0
45 silly packumentCache full:https://registry.npmjs.org/send cache-miss
46 silly fetch manifest vary@~1.1.2
47 silly packumentCache full:https://registry.npmjs.org/vary cache-miss
48 http fetch GET 200 https://registry.npmjs.org/object-assign 146ms (cache revalidated)
49 silly packumentCache full:https://registry.npmjs.org/object-assign set size:28988 disposed:false
50 silly fetch manifest debug@2.6.9
51 silly packumentCache full:https://registry.npmjs.org/debug cache-miss
52 http fetch GET 200 https://registry.npmjs.org/debug 131ms (cache revalidated)
53 silly packumentCache full:https://registry.npmjs.org/debug set size:195840 disposed:false
54 silly fetch manifest fresh@~0.5.2
55 silly packumentCache full:https://registry.npmjs.org/fresh cache-miss
56 http fetch GET 200 https://registry.npmjs.org/fresh 119ms (cache revalidated)
57 silly packumentCache full:https://registry.npmjs.org/fresh set size:25427 disposed:false
58 silly fetch manifest cookie@~0.7.1
59 silly packumentCache full:https://registry.npmjs.org/cookie cache-miss
60 http fetch GET 200 https://registry.npmjs.org/depd 431ms (cache revalidated)
61 silly packumentCache full:https://registry.npmjs.org/depd set size:40182 disposed:false
62 silly fetch manifest accepts@~1.3.8
63 silly packumentCache full:https://registry.npmjs.org/accepts cache-miss
64 http fetch GET 200 https://registry.npmjs.org/send 451ms (cache revalidated)
65 silly packumentCache full:https://registry.npmjs.org/send set size:152810 disposed:false
66 silly fetch manifest methods@~1.1.2
67 silly packumentCache full:https://registry.npmjs.org/methods cache-miss
68 http fetch GET 200 https://registry.npmjs.org/vary 477ms (cache revalidated)
69 silly packumentCache full:https://registry.npmjs.org/vary set size:15994 disposed:false
70 silly fetch manifest type-is@~1.6.18
71 silly packumentCache full:https://registry.npmjs.org/type-is cache-miss
72 http fetch GET 200 https://registry.npmjs.org/vary 475ms (cache revalidated)
73 silly packumentCache full:https://registry.npmjs.org/vary set size:15994 disposed:false
74 silly packumentCache full:https://registry.npmjs.org/vary dispose
75 silly fetch manifest parseurl@~1.3.3
76 silly packumentCache full:https://registry.npmjs.org/parseurl cache-miss
77 http fetch GET 200 https://registry.npmjs.org/qs 488ms (cache revalidated)
78 silly packumentCache full:https://registry.npmjs.org/qs set size:360318 disposed:false
79 silly fetch manifest statuses@~2.0.1
80 silly packumentCache full:https://registry.npmjs.org/statuses cache-miss
81 http fetch GET 200 https://registry.npmjs.org/etag 521ms (cache revalidated)
82 silly packumentCache full:https://registry.npmjs.org/etag set size:30032 disposed:false
83 silly fetch manifest encodeurl@~2.0.0
84 silly packumentCache full:https://registry.npmjs.org/encodeurl cache-miss
85 http fetch GET 200 https://registry.npmjs.org/cookie 288ms (cache revalidated)
86 silly packumentCache full:https://registry.npmjs.org/cookie set size:78274 disposed:false
87 silly fetch manifest proxy-addr@~2.0.7
88 silly packumentCache full:https://registry.npmjs.org/proxy-addr cache-miss
89 http fetch GET 200 https://registry.npmjs.org/accepts 310ms (cache revalidated)
90 silly packumentCache full:https://registry.npmjs.org/accepts set size:77054 disposed:false
91 silly fetch manifest body-parser@~1.20.5
92 silly packumentCache full:https://registry.npmjs.org/body-parser cache-miss
93 http fetch GET 200 https://registry.npmjs.org/type-is 317ms (cache revalidated)
94 silly packumentCache full:https://registry.npmjs.org/type-is set size:88614 disposed:false
95 silly fetch manifest escape-html@~1.0.3
96 silly packumentCache full:https://registry.npmjs.org/escape-html cache-miss
97 http fetch GET 200 https://registry.npmjs.org/parseurl 330ms (cache revalidated)
98 silly packumentCache full:https://registry.npmjs.org/parseurl set size:24148 disposed:false
99 silly fetch manifest http-errors@~2.0.0
100 silly packumentCache full:https://registry.npmjs.org/http-errors cache-miss
101 http fetch GET 200 https://registry.npmjs.org/statuses 328ms (cache revalidated)
102 silly packumentCache full:https://registry.npmjs.org/statuses set size:37117 disposed:false
103 silly fetch manifest on-finished@~2.4.1
104 silly packumentCache full:https://registry.npmjs.org/on-finished cache-miss
105 http fetch GET 200 https://registry.npmjs.org/encodeurl 323ms (cache revalidated)
106 silly packumentCache full:https://registry.npmjs.org/encodeurl set size:12296 disposed:false
107 silly fetch manifest safe-buffer@5.2.1
108 silly packumentCache full:https://registry.npmjs.org/safe-buffer cache-miss
109 http fetch GET 200 https://registry.npmjs.org/methods 439ms (cache revalidated)
110 silly packumentCache full:https://registry.npmjs.org/methods set size:12600 disposed:false
111 silly fetch manifest utils-merge@1.0.1
112 silly packumentCache full:https://registry.npmjs.org/utils-merge cache-miss
113 http fetch GET 200 https://registry.npmjs.org/body-parser 222ms (cache revalidated)
114 silly packumentCache full:https://registry.npmjs.org/body-parser set size:204544 disposed:false
115 silly fetch manifest content-type@~1.0.4
116 silly packumentCache full:https://registry.npmjs.org/content-type cache-miss
117 http fetch GET 200 https://registry.npmjs.org/proxy-addr 282ms (cache revalidated)
118 silly packumentCache full:https://registry.npmjs.org/proxy-addr set size:61619 disposed:false
119 silly fetch manifest finalhandler@~1.3.1
120 silly packumentCache full:https://registry.npmjs.org/finalhandler cache-miss
121 http fetch GET 200 https://registry.npmjs.org/escape-html 233ms (cache revalidated)
122 silly packumentCache full:https://registry.npmjs.org/escape-html set size:7345 disposed:false
123 silly fetch manifest range-parser@~1.2.1
124 silly packumentCache full:https://registry.npmjs.org/range-parser cache-miss
125 http fetch GET 200 https://registry.npmjs.org/http-errors 228ms (cache revalidated)
126 silly packumentCache full:https://registry.npmjs.org/http-errors set size:71987 disposed:false
127 silly fetch manifest serve-static@~1.16.2
128 silly packumentCache full:https://registry.npmjs.org/serve-static cache-miss
129 http fetch GET 200 https://registry.npmjs.org/safe-buffer 233ms (cache revalidated)
130 silly packumentCache full:https://registry.npmjs.org/safe-buffer set size:41183 disposed:false
131 silly fetch manifest array-flatten@1.1.1
132 silly packumentCache full:https://registry.npmjs.org/array-flatten cache-miss
133 http fetch GET 200 https://registry.npmjs.org/utils-merge 183ms (cache revalidated)
134 silly packumentCache full:https://registry.npmjs.org/utils-merge set size:5237 disposed:false
135 silly fetch manifest path-to-regexp@~0.1.12
136 silly packumentCache full:https://registry.npmjs.org/path-to-regexp cache-miss
137 http fetch GET 200 https://registry.npmjs.org/on-finished 265ms (cache revalidated)
138 silly packumentCache full:https://registry.npmjs.org/on-finished set size:23212 disposed:false
139 silly fetch manifest setprototypeof@1.2.0
140 silly packumentCache full:https://registry.npmjs.org/setprototypeof cache-miss
141 http fetch GET 200 https://registry.npmjs.org/content-type 199ms (cache revalidated)
142 silly packumentCache full:https://registry.npmjs.org/content-type set size:18994 disposed:false
143 silly fetch manifest cookie-signature@~1.0.6
144 silly packumentCache full:https://registry.npmjs.org/cookie-signature cache-miss
145 http fetch GET 200 https://registry.npmjs.org/finalhandler 310ms (cache revalidated)
146 silly packumentCache full:https://registry.npmjs.org/finalhandler set size:79291 disposed:false
147 silly fetch manifest merge-descriptors@1.0.3
148 silly packumentCache full:https://registry.npmjs.org/merge-descriptors cache-miss
149 http fetch GET 200 https://registry.npmjs.org/range-parser 308ms (cache revalidated)
150 silly packumentCache full:https://registry.npmjs.org/range-parser set size:24852 disposed:false
151 silly fetch manifest content-disposition@~0.5.4
152 silly packumentCache full:https://registry.npmjs.org/content-disposition cache-miss
153 http fetch GET 200 https://registry.npmjs.org/serve-static 311ms (cache revalidated)
154 silly packumentCache full:https://registry.npmjs.org/serve-static set size:150391 disposed:false
155 silly fetch manifest xtend@^4.0.0
156 silly packumentCache full:https://registry.npmjs.org/xtend cache-miss
157 http fetch GET 200 https://registry.npmjs.org/path-to-regexp 283ms (cache revalidated)
158 silly packumentCache full:https://registry.npmjs.org/path-to-regexp set size:216334 disposed:false
159 silly fetch manifest busboy@^1.0.0
160 silly packumentCache full:https://registry.npmjs.org/busboy cache-miss
161 http fetch GET 200 https://registry.npmjs.org/array-flatten 314ms (cache revalidated)
162 silly packumentCache full:https://registry.npmjs.org/array-flatten set size:24005 disposed:false
163 silly fetch manifest mkdirp@^0.5.4
164 silly packumentCache full:https://registry.npmjs.org/mkdirp cache-miss
165 http fetch GET 200 https://registry.npmjs.org/setprototypeof 304ms (cache revalidated)
166 silly packumentCache full:https://registry.npmjs.org/setprototypeof set size:14532 disposed:false
167 silly fetch manifest type-is@^1.6.4
168 silly packumentCache full:https://registry.npmjs.org/type-is cache-hit
169 silly fetch manifest append-field@^1.0.0
170 silly packumentCache full:https://registry.npmjs.org/append-field cache-miss
171 http fetch GET 200 https://registry.npmjs.org/cookie-signature 361ms (cache revalidated)
172 silly packumentCache full:https://registry.npmjs.org/cookie-signature set size:21777 disposed:false
173 silly fetch manifest concat-stream@^1.5.2
174 silly packumentCache full:https://registry.npmjs.org/concat-stream cache-miss
175 http fetch GET 200 https://registry.npmjs.org/merge-descriptors 234ms (cache revalidated)
176 silly packumentCache full:https://registry.npmjs.org/merge-descriptors set size:16527 disposed:false
177 silly fetch manifest object-assign@^4.1.1
178 silly packumentCache full:https://registry.npmjs.org/object-assign cache-hit
179 silly fetch manifest accepts@~1.3.4
180 silly packumentCache full:https://registry.npmjs.org/accepts cache-hit
181 silly fetch manifest base64id@~2.0.0
182 silly packumentCache full:https://registry.npmjs.org/base64id cache-miss
183 http fetch GET 200 https://registry.npmjs.org/content-disposition 237ms (cache revalidated)
184 silly packumentCache full:https://registry.npmjs.org/content-disposition set size:42862 disposed:false
185 silly fetch manifest debug@~4.4.1
186 silly packumentCache full:https://registry.npmjs.org/debug cache-hit
187 silly fetch manifest engine.io@~6.6.0
188 silly packumentCache full:https://registry.npmjs.org/engine.io cache-miss
189 http fetch GET 200 https://registry.npmjs.org/xtend 240ms (cache revalidated)
190 silly packumentCache full:https://registry.npmjs.org/xtend set size:28314 disposed:false
191 silly fetch manifest socket.io-adapter@~2.5.2
192 silly packumentCache full:https://registry.npmjs.org/socket.io-adapter cache-miss
193 http fetch GET 200 https://registry.npmjs.org/mkdirp 222ms (cache revalidated)
194 silly packumentCache full:https://registry.npmjs.org/mkdirp set size:116415 disposed:false
195 silly fetch manifest socket.io-parser@~4.2.4
196 silly packumentCache full:https://registry.npmjs.org/socket.io-parser cache-miss
197 http fetch GET 200 https://registry.npmjs.org/concat-stream 203ms (cache revalidated)
198 silly packumentCache full:https://registry.npmjs.org/concat-stream set size:63783 disposed:false
199 http fetch GET 200 https://registry.npmjs.org/socket.io-parser 229ms (cache revalidated)
200 silly packumentCache full:https://registry.npmjs.org/socket.io-parser set size:130849 disposed:false
201 http fetch GET 200 https://registry.npmjs.org/busboy 485ms (cache revalidated)
202 silly packumentCache full:https://registry.npmjs.org/busboy set size:78901 disposed:false
203 http fetch GET 200 https://registry.npmjs.org/append-field 470ms (cache revalidated)
204 silly packumentCache full:https://registry.npmjs.org/append-field set size:7798 disposed:false
205 http fetch GET 200 https://registry.npmjs.org/base64id 402ms (cache revalidated)
206 silly packumentCache full:https://registry.npmjs.org/base64id set size:6136 disposed:false
207 http fetch GET 200 https://registry.npmjs.org/engine.io 396ms (cache revalidated)
208 silly packumentCache full:https://registry.npmjs.org/engine.io set size:396042 disposed:false
209 http fetch GET 200 https://registry.npmjs.org/socket.io-adapter 403ms (cache revalidated)
210 silly packumentCache full:https://registry.npmjs.org/socket.io-adapter set size:71138 disposed:false
211 silly placeDep ROOT object-assign@4.1.1 OK for: cors@2.8.6 want: ^4
212 silly placeDep ROOT vary@1.1.2 OK for: cors@2.8.6 want: ^1
213 silly placeDep ROOT accepts@1.3.8 OK for: express@4.22.2 want: ~1.3.8
214 silly placeDep ROOT array-flatten@1.1.1 OK for: express@4.22.2 want: 1.1.1
215 silly placeDep ROOT body-parser@1.20.6 OK for: express@4.22.2 want: ~1.20.5
216 silly placeDep ROOT content-disposition@0.5.4 OK for: express@4.22.2 want: ~0.5.4
217 silly placeDep ROOT content-type@1.0.5 OK for: express@4.22.2 want: ~1.0.4
218 silly placeDep ROOT cookie@0.7.2 OK for: express@4.22.2 want: ~0.7.1
219 silly placeDep ROOT cookie-signature@1.0.7 OK for: express@4.22.2 want: ~1.0.6
220 silly placeDep ROOT debug@2.6.9 OK for: express@4.22.2 want: 2.6.9
221 silly placeDep ROOT depd@2.0.0 OK for: express@4.22.2 want: 2.0.0
222 silly placeDep ROOT encodeurl@2.0.0 OK for: express@4.22.2 want: ~2.0.0
223 silly placeDep ROOT escape-html@1.0.3 OK for: express@4.22.2 want: ~1.0.3
224 silly placeDep ROOT etag@1.8.1 OK for: express@4.22.2 want: ~1.8.1
225 silly placeDep ROOT finalhandler@1.3.2 OK for: express@4.22.2 want: ~1.3.1
226 silly placeDep ROOT fresh@0.5.2 OK for: express@4.22.2 want: ~0.5.2
227 silly placeDep ROOT http-errors@2.0.1 OK for: express@4.22.2 want: ~2.0.0
228 silly placeDep ROOT merge-descriptors@1.0.3 OK for: express@4.22.2 want: 1.0.3
229 silly placeDep ROOT methods@1.1.2 OK for: express@4.22.2 want: ~1.1.2
230 silly placeDep ROOT on-finished@2.4.1 OK for: express@4.22.2 want: ~2.4.1
231 silly placeDep ROOT parseurl@1.3.3 OK for: express@4.22.2 want: ~1.3.3
232 silly placeDep ROOT path-to-regexp@0.1.13 OK for: express@4.22.2 want: ~0.1.12
233 silly placeDep ROOT proxy-addr@2.0.7 OK for: express@4.22.2 want: ~2.0.7
234 silly placeDep ROOT qs@6.15.3 OK for: express@4.22.2 want: ~6.15.1
235 silly placeDep ROOT range-parser@1.2.1 OK for: express@4.22.2 want: ~1.2.1
236 silly placeDep ROOT safe-buffer@5.2.1 OK for: express@4.22.2 want: 5.2.1
237 silly placeDep ROOT send@0.19.2 OK for: express@4.22.2 want: ~0.19.0
238 silly placeDep ROOT serve-static@1.16.3 OK for: express@4.22.2 want: ~1.16.2
239 silly placeDep ROOT setprototypeof@1.2.0 OK for: express@4.22.2 want: 1.2.0
240 silly placeDep ROOT statuses@2.0.2 OK for: express@4.22.2 want: ~2.0.1
241 silly placeDep ROOT type-is@1.6.18 OK for: express@4.22.2 want: ~1.6.18
242 silly placeDep ROOT utils-merge@1.0.1 OK for: express@4.22.2 want: 1.0.1
243 silly fetch manifest mime-types@~2.1.34
244 silly packumentCache full:https://registry.npmjs.org/mime-types cache-miss
245 silly fetch manifest negotiator@0.6.3
246 silly packumentCache full:https://registry.npmjs.org/negotiator cache-miss
247 silly fetch manifest bytes@~3.1.2
248 silly packumentCache full:https://registry.npmjs.org/bytes cache-miss
249 silly fetch manifest content-type@~1.0.5
250 silly packumentCache full:https://registry.npmjs.org/content-type cache-hit
251 silly fetch manifest destroy@~1.2.0
252 silly packumentCache full:https://registry.npmjs.org/destroy cache-miss
253 silly fetch manifest http-errors@~2.0.1
254 silly packumentCache full:https://registry.npmjs.org/http-errors cache-hit
255 silly fetch manifest iconv-lite@~0.4.24
256 silly packumentCache full:https://registry.npmjs.org/iconv-lite cache-miss
257 silly fetch manifest raw-body@~2.5.3
258 silly packumentCache full:https://registry.npmjs.org/raw-body cache-miss
259 silly fetch manifest unpipe@~1.0.0
260 silly packumentCache full:https://registry.npmjs.org/unpipe cache-miss
261 http fetch GET 200 https://registry.npmjs.org/bytes 140ms (cache revalidated)
262 silly packumentCache full:https://registry.npmjs.org/bytes set size:37018 disposed:false
263 silly fetch manifest ms@2.0.0
264 silly packumentCache full:https://registry.npmjs.org/ms cache-miss
265 http fetch GET 200 https://registry.npmjs.org/unpipe 133ms (cache revalidated)
266 silly packumentCache full:https://registry.npmjs.org/unpipe set size:3609 disposed:false
267 silly fetch manifest statuses@~2.0.2
268 silly packumentCache full:https://registry.npmjs.org/statuses cache-hit
269 silly fetch manifest inherits@~2.0.4
270 silly packumentCache full:https://registry.npmjs.org/inherits cache-miss
271 http fetch GET 200 https://registry.npmjs.org/negotiator 189ms (cache revalidated)
272 silly packumentCache full:https://registry.npmjs.org/negotiator set size:48046 disposed:false
273 silly fetch manifest setprototypeof@~1.2.0
274 silly packumentCache full:https://registry.npmjs.org/setprototypeof cache-hit
275 silly fetch manifest toidentifier@~1.0.1
276 silly packumentCache full:https://registry.npmjs.org/toidentifier cache-miss
277 http fetch GET 200 https://registry.npmjs.org/raw-body 184ms (cache revalidated)
278 silly packumentCache full:https://registry.npmjs.org/raw-body set size:120042 disposed:false
279 silly fetch manifest ee-first@1.1.1
280 silly packumentCache full:https://registry.npmjs.org/ee-first cache-miss
281 http fetch GET 200 https://registry.npmjs.org/iconv-lite 208ms (cache revalidated)
282 silly packumentCache full:https://registry.npmjs.org/iconv-lite set size:126462 disposed:false
283 silly fetch manifest forwarded@0.2.0
284 silly packumentCache full:https://registry.npmjs.org/forwarded cache-miss
285 http fetch GET 200 https://registry.npmjs.org/inherits 176ms (cache revalidated)
286 silly packumentCache full:https://registry.npmjs.org/inherits set size:12925 disposed:false
287 silly fetch manifest ipaddr.js@1.9.1
288 silly packumentCache full:https://registry.npmjs.org/ipaddr.js cache-miss
289 http fetch GET 200 https://registry.npmjs.org/ms 192ms (cache revalidated)
290 silly packumentCache full:https://registry.npmjs.org/ms set size:92208 disposed:false
291 silly fetch manifest side-channel@^1.1.1
292 silly packumentCache full:https://registry.npmjs.org/side-channel cache-miss
293 http fetch GET 200 https://registry.npmjs.org/toidentifier 171ms (cache revalidated)
294 silly packumentCache full:https://registry.npmjs.org/toidentifier set size:12006 disposed:false
295 silly fetch manifest es-define-property@^1.0.1
296 silly packumentCache full:https://registry.npmjs.org/es-define-property cache-miss
297 http fetch GET 200 https://registry.npmjs.org/ee-first 162ms (cache revalidated)
298 silly packumentCache full:https://registry.npmjs.org/ee-first set size:15327 disposed:false
299 silly fetch manifest ms@2.1.3
300 silly packumentCache full:https://registry.npmjs.org/ms cache-hit
301 silly fetch manifest mime@1.6.0
302 silly packumentCache full:https://registry.npmjs.org/mime cache-miss
303 http fetch GET 200 https://registry.npmjs.org/forwarded 158ms (cache revalidated)
304 silly packumentCache full:https://registry.npmjs.org/forwarded set size:11229 disposed:false
305 silly fetch manifest destroy@1.2.0
306 silly packumentCache full:https://registry.npmjs.org/destroy cache-miss
307 http fetch GET 200 https://registry.npmjs.org/mime-types 463ms (cache revalidated)
308 silly packumentCache full:https://registry.npmjs.org/mime-types set size:139110 disposed:false
309 silly fetch manifest mime-types@~2.1.24
310 silly packumentCache full:https://registry.npmjs.org/mime-types cache-hit
311 silly fetch manifest media-typer@0.3.0
312 silly packumentCache full:https://registry.npmjs.org/media-typer cache-miss
313 http fetch GET 200 https://registry.npmjs.org/destroy 471ms (cache revalidated)
314 silly packumentCache full:https://registry.npmjs.org/destroy set size:15738 disposed:false
315 http fetch GET 200 https://registry.npmjs.org/ipaddr.js 164ms (cache revalidated)
316 silly packumentCache full:https://registry.npmjs.org/ipaddr.js set size:69549 disposed:false
317 http fetch GET 200 https://registry.npmjs.org/side-channel 160ms (cache revalidated)
318 silly packumentCache full:https://registry.npmjs.org/side-channel set size:27650 disposed:false
319 http fetch GET 200 https://registry.npmjs.org/es-define-property 145ms (cache revalidated)
320 silly packumentCache full:https://registry.npmjs.org/es-define-property set size:8542 disposed:false
321 http fetch GET 200 https://registry.npmjs.org/destroy 151ms (cache revalidated)
322 silly packumentCache full:https://registry.npmjs.org/destroy set size:15738 disposed:false
323 silly packumentCache full:https://registry.npmjs.org/destroy dispose
324 http fetch GET 200 https://registry.npmjs.org/mime 160ms (cache revalidated)
325 silly packumentCache full:https://registry.npmjs.org/mime set size:119236 disposed:false
326 http fetch GET 200 https://registry.npmjs.org/media-typer 118ms (cache revalidated)
327 silly packumentCache full:https://registry.npmjs.org/media-typer set size:22678 disposed:false
328 silly placeDep ROOT mime-types@2.1.35 OK for: accepts@1.3.8 want: ~2.1.34
329 silly placeDep ROOT negotiator@0.6.3 OK for: accepts@1.3.8 want: 0.6.3
330 silly fetch manifest mime-db@1.52.0
331 silly packumentCache full:https://registry.npmjs.org/mime-db cache-miss
332 http fetch GET 200 https://registry.npmjs.org/mime-db 144ms (cache revalidated)
333 silly packumentCache full:https://registry.npmjs.org/mime-db set size:164953 disposed:false
334 silly placeDep ROOT bytes@3.1.2 OK for: body-parser@1.20.6 want: ~3.1.2
335 silly placeDep ROOT destroy@1.2.0 OK for: body-parser@1.20.6 want: ~1.2.0
336 silly placeDep ROOT iconv-lite@0.4.24 OK for: body-parser@1.20.6 want: ~0.4.24
337 silly placeDep ROOT raw-body@2.5.3 OK for: body-parser@1.20.6 want: ~2.5.3
338 silly placeDep ROOT unpipe@1.0.0 OK for: body-parser@1.20.6 want: ~1.0.0
339 silly fetch manifest safer-buffer@>= 2.1.2 < 3
340 silly packumentCache full:https://registry.npmjs.org/safer-buffer cache-miss
341 http fetch GET 200 https://registry.npmjs.org/safer-buffer 113ms (cache revalidated)
342 silly packumentCache full:https://registry.npmjs.org/safer-buffer set size:18521 disposed:false
343 silly placeDep ROOT ms@2.0.0 OK for: debug@2.6.9 want: 2.0.0
344 silly placeDep ROOT inherits@2.0.4 OK for: http-errors@2.0.1 want: ~2.0.4
345 silly placeDep ROOT toidentifier@1.0.1 OK for: http-errors@2.0.1 want: ~1.0.1
346 silly placeDep ROOT safer-buffer@2.1.2 OK for: iconv-lite@0.4.24 want: >= 2.1.2 < 3
347 silly placeDep ROOT mime-db@1.52.0 OK for: mime-types@2.1.35 want: 1.52.0
348 silly placeDep ROOT append-field@1.0.0 OK for: multer@1.4.5-lts.2 want: ^1.0.0
349 silly placeDep ROOT busboy@1.6.0 OK for: multer@1.4.5-lts.2 want: ^1.0.0
350 silly placeDep ROOT concat-stream@1.6.2 OK for: multer@1.4.5-lts.2 want: ^1.5.2
351 silly placeDep ROOT mkdirp@0.5.6 OK for: multer@1.4.5-lts.2 want: ^0.5.4
352 silly placeDep ROOT xtend@4.0.2 OK for: multer@1.4.5-lts.2 want: ^4.0.0
353 silly fetch manifest streamsearch@^1.1.0
354 silly packumentCache full:https://registry.npmjs.org/streamsearch cache-miss
355 silly fetch manifest buffer-from@^1.0.0
356 silly packumentCache full:https://registry.npmjs.org/buffer-from cache-miss
357 silly fetch manifest readable-stream@^2.2.2
358 silly packumentCache full:https://registry.npmjs.org/readable-stream cache-miss
359 silly fetch manifest typedarray@^0.0.6
360 silly packumentCache full:https://registry.npmjs.org/typedarray cache-miss
361 silly fetch manifest minimist@^1.2.6
362 silly packumentCache full:https://registry.npmjs.org/minimist cache-miss
363 http fetch GET 200 https://registry.npmjs.org/streamsearch 148ms (cache revalidated)
364 silly packumentCache full:https://registry.npmjs.org/streamsearch set size:27372 disposed:false
365 http fetch GET 200 https://registry.npmjs.org/readable-stream 157ms (cache revalidated)
366 silly packumentCache full:https://registry.npmjs.org/readable-stream set size:261096 disposed:false
367 http fetch GET 200 https://registry.npmjs.org/typedarray 187ms (cache revalidated)
368 silly packumentCache full:https://registry.npmjs.org/typedarray set size:18469 disposed:false
369 http fetch GET 200 https://registry.npmjs.org/minimist 195ms (cache revalidated)
370 silly packumentCache full:https://registry.npmjs.org/minimist set size:77063 disposed:false
371 http fetch GET 200 https://registry.npmjs.org/buffer-from 208ms (cache revalidated)
372 silly packumentCache full:https://registry.npmjs.org/buffer-from set size:15463 disposed:false
373 silly placeDep ROOT streamsearch@1.1.0 OK for: busboy@1.6.0 want: ^1.1.0
374 silly placeDep ROOT buffer-from@1.1.2 OK for: concat-stream@1.6.2 want: ^1.0.0
375 silly placeDep ROOT readable-stream@2.3.8 OK for: concat-stream@1.6.2 want: ^2.2.2
376 silly placeDep ROOT typedarray@0.0.6 OK for: concat-stream@1.6.2 want: ^0.0.6
377 silly fetch manifest isarray@~1.0.0
378 silly packumentCache full:https://registry.npmjs.org/isarray cache-miss
379 silly fetch manifest safe-buffer@~5.1.1
380 silly packumentCache full:https://registry.npmjs.org/safe-buffer cache-hit
381 silly fetch manifest core-util-is@~1.0.0
382 silly packumentCache full:https://registry.npmjs.org/core-util-is cache-miss
383 silly fetch manifest string_decoder@~1.1.1
384 silly packumentCache full:https://registry.npmjs.org/string_decoder cache-miss
385 silly fetch manifest util-deprecate@~1.0.1
386 silly packumentCache full:https://registry.npmjs.org/util-deprecate cache-miss
387 silly fetch manifest process-nextick-args@~2.0.0
388 silly packumentCache full:https://registry.npmjs.org/process-nextick-args cache-miss
389 http fetch GET 200 https://registry.npmjs.org/core-util-is 176ms (cache revalidated)
390 silly packumentCache full:https://registry.npmjs.org/core-util-is set size:7163 disposed:false
391 http fetch GET 200 https://registry.npmjs.org/isarray 189ms (cache revalidated)
392 silly packumentCache full:https://registry.npmjs.org/isarray set size:17392 disposed:false
393 http fetch GET 200 https://registry.npmjs.org/string_decoder 187ms (cache revalidated)
394 silly packumentCache full:https://registry.npmjs.org/string_decoder set size:28441 disposed:false
395 http fetch GET 200 https://registry.npmjs.org/util-deprecate 190ms (cache revalidated)
396 silly packumentCache full:https://registry.npmjs.org/util-deprecate set size:6674 disposed:false
397 http fetch GET 200 https://registry.npmjs.org/process-nextick-args 195ms (cache revalidated)
398 silly packumentCache full:https://registry.npmjs.org/process-nextick-args set size:15428 disposed:false
399 silly placeDep ROOT minimist@1.2.8 OK for: mkdirp@0.5.6 want: ^1.2.6
400 silly placeDep ROOT ee-first@1.1.1 OK for: on-finished@2.4.1 want: 1.1.1
401 silly placeDep ROOT forwarded@0.2.0 OK for: proxy-addr@2.0.7 want: 0.2.0
402 silly placeDep ROOT ipaddr.js@1.9.1 OK for: proxy-addr@2.0.7 want: 1.9.1
403 silly placeDep ROOT es-define-property@1.0.1 OK for: qs@6.15.3 want: ^1.0.1
404 silly placeDep ROOT side-channel@1.1.1 OK for: qs@6.15.3 want: ^1.1.1
405 silly fetch manifest es-errors@^1.3.0
406 silly packumentCache full:https://registry.npmjs.org/es-errors cache-miss
407 silly fetch manifest object-inspect@^1.13.4
408 silly packumentCache full:https://registry.npmjs.org/object-inspect cache-miss
409 silly fetch manifest side-channel-list@^1.0.1
410 silly packumentCache full:https://registry.npmjs.org/side-channel-list cache-miss
411 silly fetch manifest side-channel-map@^1.0.1
412 silly packumentCache full:https://registry.npmjs.org/side-channel-map cache-miss
413 silly fetch manifest side-channel-weakmap@^1.0.2
414 silly packumentCache full:https://registry.npmjs.org/side-channel-weakmap cache-miss
415 http fetch GET 200 https://registry.npmjs.org/es-errors 154ms (cache revalidated)
416 silly packumentCache full:https://registry.npmjs.org/es-errors set size:16918 disposed:false
417 http fetch GET 200 https://registry.npmjs.org/side-channel-map 160ms (cache revalidated)
418 silly packumentCache full:https://registry.npmjs.org/side-channel-map set size:9126 disposed:false
419 http fetch GET 200 https://registry.npmjs.org/side-channel-weakmap 175ms (cache revalidated)
420 silly packumentCache full:https://registry.npmjs.org/side-channel-weakmap set size:12620 disposed:false
421 http fetch GET 200 https://registry.npmjs.org/side-channel-list 187ms (cache revalidated)
422 silly packumentCache full:https://registry.npmjs.org/side-channel-list set size:9021 disposed:false
423 http fetch GET 200 https://registry.npmjs.org/object-inspect 196ms (cache revalidated)
424 silly packumentCache full:https://registry.npmjs.org/object-inspect set size:101912 disposed:false
425 silly placeDep ROOT core-util-is@1.0.3 OK for: readable-stream@2.3.8 want: ~1.0.0
426 silly placeDep ROOT isarray@1.0.0 OK for: readable-stream@2.3.8 want: ~1.0.0
427 silly placeDep ROOT process-nextick-args@2.0.1 OK for: readable-stream@2.3.8 want: ~2.0.0
428 silly placeDep node_modules/readable-stream safe-buffer@5.1.2 OK for: readable-stream@2.3.8 want: ~5.1.1
429 silly placeDep ROOT string_decoder@1.1.1 OK for: readable-stream@2.3.8 want: ~1.1.1
430 silly placeDep ROOT util-deprecate@1.0.2 OK for: readable-stream@2.3.8 want: ~1.0.1
431 silly fetch manifest safe-buffer@~5.1.0
432 silly packumentCache full:https://registry.npmjs.org/safe-buffer cache-hit
433 silly placeDep ROOT mime@1.6.0 OK for: send@0.19.2 want: 1.6.0
434 silly placeDep node_modules/send ms@2.1.3 OK for: send@0.19.2 want: 2.1.3
435 silly placeDep ROOT es-errors@1.3.0 OK for: side-channel@1.1.1 want: ^1.3.0
436 silly placeDep ROOT object-inspect@1.13.4 OK for: side-channel@1.1.1 want: ^1.13.4
437 silly placeDep ROOT side-channel-list@1.0.1 OK for: side-channel@1.1.1 want: ^1.0.1
438 silly placeDep ROOT side-channel-map@1.0.1 OK for: side-channel@1.1.1 want: ^1.0.1
439 silly placeDep ROOT side-channel-weakmap@1.0.2 OK for: side-channel@1.1.1 want: ^1.0.2
440 silly fetch manifest call-bound@^1.0.2
441 silly packumentCache full:https://registry.npmjs.org/call-bound cache-miss
442 silly fetch manifest get-intrinsic@^1.2.5
443 silly packumentCache full:https://registry.npmjs.org/get-intrinsic cache-miss
444 silly fetch manifest call-bound@^1.0.2
445 silly packumentCache full:https://registry.npmjs.org/call-bound cache-miss
446 silly fetch manifest get-intrinsic@^1.2.5
447 silly packumentCache full:https://registry.npmjs.org/get-intrinsic cache-miss
448 http fetch GET 200 https://registry.npmjs.org/get-intrinsic 142ms (cache revalidated)
449 silly packumentCache full:https://registry.npmjs.org/get-intrinsic set size:60985 disposed:false
450 http fetch GET 200 https://registry.npmjs.org/get-intrinsic 166ms (cache revalidated)
451 silly packumentCache full:https://registry.npmjs.org/get-intrinsic set size:60985 disposed:false
452 silly packumentCache full:https://registry.npmjs.org/get-intrinsic dispose
453 http fetch GET 200 https://registry.npmjs.org/call-bound 190ms (cache revalidated)
454 silly packumentCache full:https://registry.npmjs.org/call-bound set size:15317 disposed:false
455 http fetch GET 200 https://registry.npmjs.org/call-bound 200ms (cache revalidated)
456 silly packumentCache full:https://registry.npmjs.org/call-bound set size:15317 disposed:false
457 silly packumentCache full:https://registry.npmjs.org/call-bound dispose
458 silly placeDep ROOT call-bound@1.0.4 OK for: side-channel-map@1.0.1 want: ^1.0.2
459 silly placeDep ROOT get-intrinsic@1.3.0 OK for: side-channel-map@1.0.1 want: ^1.2.5
460 silly fetch manifest call-bind-apply-helpers@^1.0.2
461 silly packumentCache full:https://registry.npmjs.org/call-bind-apply-helpers cache-miss
462 silly fetch manifest get-intrinsic@^1.3.0
463 silly packumentCache full:https://registry.npmjs.org/get-intrinsic cache-hit
464 silly fetch manifest gopd@^1.2.0
465 silly packumentCache full:https://registry.npmjs.org/gopd cache-miss
466 silly fetch manifest hasown@^2.0.2
467 silly packumentCache full:https://registry.npmjs.org/hasown cache-miss
468 silly fetch manifest get-proto@^1.0.1
469 silly packumentCache full:https://registry.npmjs.org/get-proto cache-miss
470 silly fetch manifest has-symbols@^1.1.0
471 silly packumentCache full:https://registry.npmjs.org/has-symbols cache-miss
472 silly fetch manifest function-bind@^1.1.2
473 silly packumentCache full:https://registry.npmjs.org/function-bind cache-miss
474 silly fetch manifest es-object-atoms@^1.1.1
475 silly packumentCache full:https://registry.npmjs.org/es-object-atoms cache-miss
476 http fetch GET 200 https://registry.npmjs.org/call-bind-apply-helpers 143ms (cache revalidated)
477 silly packumentCache full:https://registry.npmjs.org/call-bind-apply-helpers set size:12744 disposed:false
478 silly fetch manifest math-intrinsics@^1.1.0
479 silly packumentCache full:https://registry.npmjs.org/math-intrinsics cache-miss
480 http fetch GET 200 https://registry.npmjs.org/gopd 169ms (cache revalidated)
481 silly packumentCache full:https://registry.npmjs.org/gopd set size:11483 disposed:false
482 http fetch GET 200 https://registry.npmjs.org/function-bind 177ms (cache revalidated)
483 silly packumentCache full:https://registry.npmjs.org/function-bind set size:15733 disposed:false
484 http fetch GET 200 https://registry.npmjs.org/hasown 191ms (cache revalidated)
485 silly packumentCache full:https://registry.npmjs.org/hasown set size:18361 disposed:false
486 http fetch GET 200 https://registry.npmjs.org/get-proto 196ms (cache revalidated)
487 silly packumentCache full:https://registry.npmjs.org/get-proto set size:8300 disposed:false
488 http fetch GET 200 https://registry.npmjs.org/has-symbols 199ms (cache revalidated)
489 silly packumentCache full:https://registry.npmjs.org/has-symbols set size:21550 disposed:false
490 http fetch GET 200 https://registry.npmjs.org/es-object-atoms 198ms (cache revalidated)
491 silly packumentCache full:https://registry.npmjs.org/es-object-atoms set size:18278 disposed:false
492 http fetch GET 200 https://registry.npmjs.org/math-intrinsics 174ms (cache revalidated)
493 silly packumentCache full:https://registry.npmjs.org/math-intrinsics set size:9265 disposed:false
494 silly placeDep ROOT call-bind-apply-helpers@1.0.2 OK for: call-bound@1.0.4 want: ^1.0.2
495 silly placeDep ROOT function-bind@1.1.2 OK for: call-bind-apply-helpers@1.0.2 want: ^1.1.2
496 silly placeDep ROOT es-object-atoms@1.1.2 OK for: get-intrinsic@1.3.0 want: ^1.1.1
497 silly placeDep ROOT get-proto@1.0.1 OK for: get-intrinsic@1.3.0 want: ^1.0.1
498 silly placeDep ROOT gopd@1.2.0 OK for: get-intrinsic@1.3.0 want: ^1.2.0
499 silly placeDep ROOT has-symbols@1.1.0 OK for: get-intrinsic@1.3.0 want: ^1.1.0
500 silly placeDep ROOT hasown@2.0.4 OK for: get-intrinsic@1.3.0 want: ^2.0.2
501 silly placeDep ROOT math-intrinsics@1.1.0 OK for: get-intrinsic@1.3.0 want: ^1.1.0
502 silly fetch manifest dunder-proto@^1.0.1
503 silly packumentCache full:https://registry.npmjs.org/dunder-proto cache-miss
504 http fetch GET 200 https://registry.npmjs.org/dunder-proto 246ms (cache revalidated)
505 silly packumentCache full:https://registry.npmjs.org/dunder-proto set size:8256 disposed:false
506 silly placeDep ROOT dunder-proto@1.0.1 OK for: get-proto@1.0.1 want: ^1.0.1
507 silly placeDep ROOT base64id@2.0.0 OK for: socket.io@4.8.3 want: ~2.0.0
508 silly placeDep node_modules/socket.io debug@4.4.3 OK for: socket.io@4.8.3 want: ~4.4.1
509 silly placeDep ROOT engine.io@6.6.9 OK for: socket.io@4.8.3 want: ~6.6.0
510 silly placeDep ROOT socket.io-adapter@2.5.8 OK for: socket.io@4.8.3 want: ~2.5.2
511 silly placeDep ROOT socket.io-parser@4.2.7 OK for: socket.io@4.8.3 want: ~4.2.4
512 silly fetch manifest ms@^2.1.3
513 silly packumentCache full:https://registry.npmjs.org/ms cache-hit
514 silly fetch manifest ws@~8.21.0
515 silly packumentCache full:https://registry.npmjs.org/ws cache-miss
516 silly fetch manifest @types/ws@^8.5.12
517 silly packumentCache full:https://registry.npmjs.org/@types%2fws cache-miss
518 silly fetch manifest @types/cors@^2.8.12
519 silly packumentCache full:https://registry.npmjs.org/@types%2fcors cache-miss
520 silly fetch manifest @types/node@>=10.0.0
521 silly packumentCache full:https://registry.npmjs.org/@types%2fnode cache-miss
522 silly fetch manifest engine.io-parser@~5.2.1
523 silly packumentCache full:https://registry.npmjs.org/engine.io-parser cache-miss
524 silly fetch manifest ws@~8.21.0
525 silly packumentCache full:https://registry.npmjs.org/ws cache-miss
526 silly fetch manifest @socket.io/component-emitter@~3.1.0
527 silly packumentCache full:https://registry.npmjs.org/@socket.io%2fcomponent-emitter cache-miss
528 http fetch GET 200 https://registry.npmjs.org/@types%2fcors 162ms (cache revalidated)
529 silly packumentCache full:https://registry.npmjs.org/@types%2fcors set size:56991 disposed:false
530 http fetch GET 200 https://registry.npmjs.org/ws 185ms (cache revalidated)
531 silly packumentCache full:https://registry.npmjs.org/ws set size:426890 disposed:false
532 http fetch GET 200 https://registry.npmjs.org/ws 209ms (cache revalidated)
533 silly packumentCache full:https://registry.npmjs.org/ws set size:426890 disposed:false
534 silly packumentCache full:https://registry.npmjs.org/ws dispose
535 http fetch GET 200 https://registry.npmjs.org/@types%2fws 250ms (cache revalidated)
536 silly packumentCache full:https://registry.npmjs.org/@types%2fws set size:167959 disposed:false
537 http fetch GET 200 https://registry.npmjs.org/@types%2fnode 286ms (cache revalidated)
538 silly packumentCache full:https://registry.npmjs.org/@types%2fnode set size:11080817 disposed:false
539 http fetch GET 200 https://registry.npmjs.org/engine.io-parser 528ms (cache revalidated)
540 silly packumentCache full:https://registry.npmjs.org/engine.io-parser set size:116455 disposed:false
541 http fetch GET 200 https://registry.npmjs.org/@socket.io%2fcomponent-emitter 586ms (cache revalidated)
542 silly packumentCache full:https://registry.npmjs.org/@socket.io%2fcomponent-emitter set size:14099 disposed:false
543 silly fetch manifest bufferutil@^4.0.1
544 silly packumentCache full:https://registry.npmjs.org/bufferutil cache-miss
545 http fetch GET 200 https://registry.npmjs.org/bufferutil 130ms (cache revalidated)
546 silly packumentCache full:https://registry.npmjs.org/bufferutil set size:52763 disposed:false
547 silly fetch manifest utf-8-validate@>=5.0.2
548 silly packumentCache full:https://registry.npmjs.org/utf-8-validate cache-miss
549 http fetch GET 200 https://registry.npmjs.org/utf-8-validate 144ms (cache revalidated)
550 silly packumentCache full:https://registry.npmjs.org/utf-8-validate set size:77148 disposed:false
551 silly placeDep ROOT @types/cors@2.8.19 OK for: engine.io@6.6.9 want: ^2.8.12
552 silly placeDep ROOT @types/node@26.1.1 OK for: engine.io@6.6.9 want: >=10.0.0
553 silly placeDep ROOT @types/ws@8.18.1 OK for: engine.io@6.6.9 want: ^8.5.12
554 silly placeDep node_modules/engine.io debug@4.4.3 OK for: engine.io@6.6.9 want: ~4.4.1
555 silly placeDep ROOT engine.io-parser@5.2.3 OK for: engine.io@6.6.9 want: ~5.2.1
556 silly placeDep ROOT ws@8.21.1 OK for: engine.io@6.6.9 want: ~8.21.0
557 silly fetch manifest @types/node@*
558 silly packumentCache full:https://registry.npmjs.org/@types%2fnode cache-miss
559 silly fetch manifest undici-types@~8.3.0
560 silly packumentCache full:https://registry.npmjs.org/undici-types cache-miss
561 http cache https://registry.npmjs.org/@types%2fnode 135ms (cache hit)
562 silly packumentCache full:https://registry.npmjs.org/@types%2fnode set size:11080817 disposed:false
563 http fetch GET 200 https://registry.npmjs.org/undici-types 463ms (cache revalidated)
564 silly packumentCache full:https://registry.npmjs.org/undici-types set size:239474 disposed:false
565 silly placeDep ROOT undici-types@8.3.0 OK for: @types/node@26.1.1 want: ~8.3.0
566 silly placeDep node_modules/socket.io-adapter debug@4.4.3 OK for: socket.io-adapter@2.5.8 want: ~4.4.1
567 silly placeDep ROOT @socket.io/component-emitter@3.1.2 OK for: socket.io-parser@4.2.7 want: ~3.1.0
568 silly placeDep node_modules/socket.io-parser debug@4.4.3 OK for: socket.io-parser@4.2.7 want: ~4.4.1
569 silly placeDep node_modules/string_decoder safe-buffer@5.1.2 OK for: string_decoder@1.1.1 want: ~5.1.0
570 silly placeDep ROOT media-typer@0.3.0 OK for: type-is@1.6.18 want: 0.3.0
571 silly placeDep node_modules/engine.io ms@2.1.3 OK for: debug@4.4.3 want: ^2.1.3
572 silly placeDep node_modules/socket.io-adapter ms@2.1.3 OK for: debug@4.4.3 want: ^2.1.3
573 silly placeDep node_modules/socket.io-parser ms@2.1.3 OK for: debug@4.4.3 want: ^2.1.3
574 silly placeDep node_modules/socket.io ms@2.1.3 OK for: debug@4.4.3 want: ^2.1.3
575 silly reify moves {}
576 silly audit bulk request {
576 silly audit   cors: [ '2.8.6' ],
576 silly audit   express: [ '4.22.2' ],
576 silly audit   multer: [ '1.4.5-lts.2' ],
576 silly audit   'socket.io': [ '4.8.3' ],
576 silly audit   'object-assign': [ '4.1.1' ],
576 silly audit   vary: [ '1.1.2' ],
576 silly audit   accepts: [ '1.3.8' ],
576 silly audit   'array-flatten': [ '1.1.1' ],
576 silly audit   'body-parser': [ '1.20.6' ],
576 silly audit   'content-disposition': [ '0.5.4' ],
576 silly audit   'content-type': [ '1.0.5' ],
576 silly audit   cookie: [ '0.7.2' ],
576 silly audit   'cookie-signature': [ '1.0.7' ],
576 silly audit   debug: [ '2.6.9', '4.4.3' ],
576 silly audit   depd: [ '2.0.0' ],
576 silly audit   encodeurl: [ '2.0.0' ],
576 silly audit   'escape-html': [ '1.0.3' ],
576 silly audit   etag: [ '1.8.1' ],
576 silly audit   finalhandler: [ '1.3.2' ],
576 silly audit   fresh: [ '0.5.2' ],
576 silly audit   'http-errors': [ '2.0.1' ],
576 silly audit   'merge-descriptors': [ '1.0.3' ],
576 silly audit   methods: [ '1.1.2' ],
576 silly audit   'on-finished': [ '2.4.1' ],
576 silly audit   parseurl: [ '1.3.3' ],
576 silly audit   'path-to-regexp': [ '0.1.13' ],
576 silly audit   'proxy-addr': [ '2.0.7' ],
576 silly audit   qs: [ '6.15.3' ],
576 silly audit   'range-parser': [ '1.2.1' ],
576 silly audit   'safe-buffer': [ '5.2.1', '5.1.2' ],
576 silly audit   send: [ '0.19.2' ],
576 silly audit   'serve-static': [ '1.16.3' ],
576 silly audit   setprototypeof: [ '1.2.0' ],
576 silly audit   statuses: [ '2.0.2' ],
576 silly audit   'type-is': [ '1.6.18' ],
576 silly audit   'utils-merge': [ '1.0.1' ],
576 silly audit   'mime-types': [ '2.1.35' ],
576 silly audit   negotiator: [ '0.6.3' ],
576 silly audit   bytes: [ '3.1.2' ],
576 silly audit   destroy: [ '1.2.0' ],
576 silly audit   'iconv-lite': [ '0.4.24' ],
576 silly audit   'raw-body': [ '2.5.3' ],
576 silly audit   unpipe: [ '1.0.0' ],
576 silly audit   ms: [ '2.0.0', '2.1.3' ],
576 silly audit   inherits: [ '2.0.4' ],
576 silly audit   toidentifier: [ '1.0.1' ],
576 silly audit   'safer-buffer': [ '2.1.2' ],
576 silly audit   'mime-db': [ '1.52.0' ],
576 silly audit   'append-field': [ '1.0.0' ],
576 silly audit   busboy: [ '1.6.0' ],
576 silly audit   'concat-stream': [ '1.6.2' ],
576 silly audit   mkdirp: [ '0.5.6' ],
576 silly audit   xtend: [ '4.0.2' ],
576 silly audit   streamsearch: [ '1.1.0' ],
576 silly audit   'buffer-from': [ '1.1.2' ],
576 silly audit   'readable-stream': [ '2.3.8' ],
576 silly audit   typedarray: [ '0.0.6' ],
576 silly audit   minimist: [ '1.2.8' ],
576 silly audit   'ee-first': [ '1.1.1' ],
576 silly audit   forwarded: [ '0.2.0' ],
576 silly audit   'ipaddr.js': [ '1.9.1' ],
576 silly audit   'es-define-property': [ '1.0.1' ],
576 silly audit   'side-channel': [ '1.1.1' ],
576 silly audit   'core-util-is': [ '1.0.3' ],
576 silly audit   isarray: [ '1.0.0' ],
576 silly audit   'process-nextick-args': [ '2.0.1' ],
576 silly audit   string_decoder: [ '1.1.1' ],
576 silly audit   'util-deprecate': [ '1.0.2' ],
576 silly audit   mime: [ '1.6.0' ],
576 silly audit   'es-errors': [ '1.3.0' ],
576 silly audit   'object-inspect': [ '1.13.4' ],
576 silly audit   'side-channel-list': [ '1.0.1' ],
576 silly audit   'side-channel-map': [ '1.0.1' ],
576 silly audit   'side-channel-weakmap': [ '1.0.2' ],
576 silly audit   'call-bound': [ '1.0.4' ],
576 silly audit   'get-intrinsic': [ '1.3.0' ],
576 silly audit   'call-bind-apply-helpers': [ '1.0.2' ],
576 silly audit   'function-bind': [ '1.1.2' ],
576 silly audit   'es-object-atoms': [ '1.1.2' ],
576 silly audit   'get-proto': [ '1.0.1' ],
576 silly audit   gopd: [ '1.2.0' ],
576 silly audit   'has-symbols': [ '1.1.0' ],
576 silly audit   hasown: [ '2.0.4' ],
576 silly audit   'math-intrinsics': [ '1.1.0' ],
576 silly audit   'dunder-proto': [ '1.0.1' ],
576 silly audit   base64id: [ '2.0.0' ],
576 silly audit   'engine.io': [ '6.6.9' ],
576 silly audit   'socket.io-adapter': [ '2.5.8' ],
576 silly audit   'socket.io-parser': [ '4.2.7' ],
576 silly audit   '@types/cors': [ '2.8.19' ],
576 silly audit   '@types/node': [ '26.1.1' ],
576 silly audit   '@types/ws': [ '8.18.1' ],
576 silly audit   'engine.io-parser': [ '5.2.3' ],
576 silly audit   ws: [ '8.21.1' ],
576 silly audit   'undici-types': [ '8.3.0' ],
576 silly audit   '@socket.io/component-emitter': [ '3.1.2' ],
576 silly audit   'media-typer': [ '0.3.0' ]
576 silly audit }
577 http cache @socket.io/component-emitter@https://registry.npmjs.org/@socket.io/component-emitter/-/component-emitter-3.1.2.tgz 0ms (cache hit)
578 http cache undici-types@https://registry.npmjs.org/undici-types/-/undici-types-8.3.0.tgz 0ms (cache hit)
579 http cache media-typer@https://registry.npmjs.org/media-typer/-/media-typer-0.3.0.tgz 0ms (cache hit)
580 http cache ws@https://registry.npmjs.org/ws/-/ws-8.21.1.tgz 0ms (cache hit)
581 http cache engine.io-parser@https://registry.npmjs.org/engine.io-parser/-/engine.io-parser-5.2.3.tgz 0ms (cache hit)
582 http cache @types/node@https://registry.npmjs.org/@types/node/-/node-26.1.1.tgz 0ms (cache hit)
583 http cache @types/ws@https://registry.npmjs.org/@types/ws/-/ws-8.18.1.tgz 0ms (cache hit)
584 http cache socket.io-parser@https://registry.npmjs.org/socket.io-parser/-/socket.io-parser-4.2.7.tgz 0ms (cache hit)
585 http cache @types/cors@https://registry.npmjs.org/@types/cors/-/cors-2.8.19.tgz 0ms (cache hit)
586 http cache socket.io-adapter@https://registry.npmjs.org/socket.io-adapter/-/socket.io-adapter-2.5.8.tgz 0ms (cache hit)
587 http cache engine.io@https://registry.npmjs.org/engine.io/-/engine.io-6.6.9.tgz 0ms (cache hit)
588 http cache base64id@https://registry.npmjs.org/base64id/-/base64id-2.0.0.tgz 0ms (cache hit)
589 http cache dunder-proto@https://registry.npmjs.org/dunder-proto/-/dunder-proto-1.0.1.tgz 0ms (cache hit)
590 http cache math-intrinsics@https://registry.npmjs.org/math-intrinsics/-/math-intrinsics-1.1.0.tgz 0ms (cache hit)
591 http cache hasown@https://registry.npmjs.org/hasown/-/hasown-2.0.4.tgz 0ms (cache hit)
592 http cache has-symbols@https://registry.npmjs.org/has-symbols/-/has-symbols-1.1.0.tgz 0ms (cache hit)
593 http cache gopd@https://registry.npmjs.org/gopd/-/gopd-1.2.0.tgz 0ms (cache hit)
594 http cache get-proto@https://registry.npmjs.org/get-proto/-/get-proto-1.0.1.tgz 0ms (cache hit)
595 http cache es-object-atoms@https://registry.npmjs.org/es-object-atoms/-/es-object-atoms-1.1.2.tgz 0ms (cache hit)
596 http cache function-bind@https://registry.npmjs.org/function-bind/-/function-bind-1.1.2.tgz 0ms (cache hit)
597 http cache call-bind-apply-helpers@https://registry.npmjs.org/call-bind-apply-helpers/-/call-bind-apply-helpers-1.0.2.tgz 0ms (cache hit)
598 http cache get-intrinsic@https://registry.npmjs.org/get-intrinsic/-/get-intrinsic-1.3.0.tgz 0ms (cache hit)
599 http cache call-bound@https://registry.npmjs.org/call-bound/-/call-bound-1.0.4.tgz 0ms (cache hit)
600 http cache side-channel-weakmap@https://registry.npmjs.org/side-channel-weakmap/-/side-channel-weakmap-1.0.2.tgz 0ms (cache hit)
601 http cache side-channel-map@https://registry.npmjs.org/side-channel-map/-/side-channel-map-1.0.1.tgz 0ms (cache hit)
602 http cache side-channel-list@https://registry.npmjs.org/side-channel-list/-/side-channel-list-1.0.1.tgz 0ms (cache hit)
603 http cache object-inspect@https://registry.npmjs.org/object-inspect/-/object-inspect-1.13.4.tgz 0ms (cache hit)
604 http cache es-errors@https://registry.npmjs.org/es-errors/-/es-errors-1.3.0.tgz 0ms (cache hit)
605 http cache mime@https://registry.npmjs.org/mime/-/mime-1.6.0.tgz 0ms (cache hit)
606 http cache util-deprecate@https://registry.npmjs.org/util-deprecate/-/util-deprecate-1.0.2.tgz 0ms (cache hit)
607 http cache string_decoder@https://registry.npmjs.org/string_decoder/-/string_decoder-1.1.1.tgz 0ms (cache hit)
608 http cache process-nextick-args@https://registry.npmjs.org/process-nextick-args/-/process-nextick-args-2.0.1.tgz 0ms (cache hit)
609 http cache core-util-is@https://registry.npmjs.org/core-util-is/-/core-util-is-1.0.3.tgz 0ms (cache hit)
610 http cache side-channel@https://registry.npmjs.org/side-channel/-/side-channel-1.1.1.tgz 0ms (cache hit)
611 http cache isarray@https://registry.npmjs.org/isarray/-/isarray-1.0.0.tgz 0ms (cache hit)
612 http cache es-define-property@https://registry.npmjs.org/es-define-property/-/es-define-property-1.0.1.tgz 0ms (cache hit)
613 http cache ipaddr.js@https://registry.npmjs.org/ipaddr.js/-/ipaddr.js-1.9.1.tgz 0ms (cache hit)
614 http cache forwarded@https://registry.npmjs.org/forwarded/-/forwarded-0.2.0.tgz 0ms (cache hit)
615 http cache ee-first@https://registry.npmjs.org/ee-first/-/ee-first-1.1.1.tgz 0ms (cache hit)
616 http cache minimist@https://registry.npmjs.org/minimist/-/minimist-1.2.8.tgz 0ms (cache hit)
617 http cache typedarray@https://registry.npmjs.org/typedarray/-/typedarray-0.0.6.tgz 0ms (cache hit)
618 http cache readable-stream@https://registry.npmjs.org/readable-stream/-/readable-stream-2.3.8.tgz 0ms (cache hit)
619 http cache buffer-from@https://registry.npmjs.org/buffer-from/-/buffer-from-1.1.2.tgz 0ms (cache hit)
620 http cache streamsearch@https://registry.npmjs.org/streamsearch/-/streamsearch-1.1.0.tgz 1ms (cache hit)
621 http cache xtend@https://registry.npmjs.org/xtend/-/xtend-4.0.2.tgz 0ms (cache hit)
622 http cache mkdirp@https://registry.npmjs.org/mkdirp/-/mkdirp-0.5.6.tgz 0ms (cache hit)
623 http cache concat-stream@https://registry.npmjs.org/concat-stream/-/concat-stream-1.6.2.tgz 0ms (cache hit)
624 http cache busboy@https://registry.npmjs.org/busboy/-/busboy-1.6.0.tgz 0ms (cache hit)
625 http cache append-field@https://registry.npmjs.org/append-field/-/append-field-1.0.0.tgz 0ms (cache hit)
626 http cache mime-db@https://registry.npmjs.org/mime-db/-/mime-db-1.52.0.tgz 0ms (cache hit)
627 http cache safer-buffer@https://registry.npmjs.org/safer-buffer/-/safer-buffer-2.1.2.tgz 0ms (cache hit)
628 http cache toidentifier@https://registry.npmjs.org/toidentifier/-/toidentifier-1.0.1.tgz 0ms (cache hit)
629 http cache inherits@https://registry.npmjs.org/inherits/-/inherits-2.0.4.tgz 0ms (cache hit)
630 http cache ms@https://registry.npmjs.org/ms/-/ms-2.0.0.tgz 0ms (cache hit)
631 http cache unpipe@https://registry.npmjs.org/unpipe/-/unpipe-1.0.0.tgz 0ms (cache hit)
632 http cache raw-body@https://registry.npmjs.org/raw-body/-/raw-body-2.5.3.tgz 0ms (cache hit)
633 http cache iconv-lite@https://registry.npmjs.org/iconv-lite/-/iconv-lite-0.4.24.tgz 0ms (cache hit)
634 http cache destroy@https://registry.npmjs.org/destroy/-/destroy-1.2.0.tgz 0ms (cache hit)
635 http cache bytes@https://registry.npmjs.org/bytes/-/bytes-3.1.2.tgz 0ms (cache hit)
636 http cache negotiator@https://registry.npmjs.org/negotiator/-/negotiator-0.6.3.tgz 0ms (cache hit)
637 http cache mime-types@https://registry.npmjs.org/mime-types/-/mime-types-2.1.35.tgz 0ms (cache hit)
638 http cache utils-merge@https://registry.npmjs.org/utils-merge/-/utils-merge-1.0.1.tgz 0ms (cache hit)
639 http cache type-is@https://registry.npmjs.org/type-is/-/type-is-1.6.18.tgz 0ms (cache hit)
640 http cache statuses@https://registry.npmjs.org/statuses/-/statuses-2.0.2.tgz 0ms (cache hit)
641 http cache setprototypeof@https://registry.npmjs.org/setprototypeof/-/setprototypeof-1.2.0.tgz 0ms (cache hit)
642 http cache serve-static@https://registry.npmjs.org/serve-static/-/serve-static-1.16.3.tgz 0ms (cache hit)
643 http cache send@https://registry.npmjs.org/send/-/send-0.19.2.tgz 0ms (cache hit)
644 http cache safe-buffer@https://registry.npmjs.org/safe-buffer/-/safe-buffer-5.2.1.tgz 0ms (cache hit)
645 http cache proxy-addr@https://registry.npmjs.org/proxy-addr/-/proxy-addr-2.0.7.tgz 0ms (cache hit)
646 http cache range-parser@https://registry.npmjs.org/range-parser/-/range-parser-1.2.1.tgz 0ms (cache hit)
647 http cache qs@https://registry.npmjs.org/qs/-/qs-6.15.3.tgz 0ms (cache hit)
648 http cache path-to-regexp@https://registry.npmjs.org/path-to-regexp/-/path-to-regexp-0.1.13.tgz 0ms (cache hit)
649 http cache parseurl@https://registry.npmjs.org/parseurl/-/parseurl-1.3.3.tgz 0ms (cache hit)
650 http cache on-finished@https://registry.npmjs.org/on-finished/-/on-finished-2.4.1.tgz 0ms (cache hit)
651 http cache methods@https://registry.npmjs.org/methods/-/methods-1.1.2.tgz 0ms (cache hit)
652 http cache merge-descriptors@https://registry.npmjs.org/merge-descriptors/-/merge-descriptors-1.0.3.tgz 0ms (cache hit)
653 http cache http-errors@https://registry.npmjs.org/http-errors/-/http-errors-2.0.1.tgz 0ms (cache hit)
654 http cache fresh@https://registry.npmjs.org/fresh/-/fresh-0.5.2.tgz 0ms (cache hit)
655 http cache finalhandler@https://registry.npmjs.org/finalhandler/-/finalhandler-1.3.2.tgz 0ms (cache hit)
656 http cache etag@https://registry.npmjs.org/etag/-/etag-1.8.1.tgz 0ms (cache hit)
657 http cache escape-html@https://registry.npmjs.org/escape-html/-/escape-html-1.0.3.tgz 0ms (cache hit)
658 http cache encodeurl@https://registry.npmjs.org/encodeurl/-/encodeurl-2.0.0.tgz 0ms (cache hit)
659 http cache depd@https://registry.npmjs.org/depd/-/depd-2.0.0.tgz 0ms (cache hit)
660 http cache debug@https://registry.npmjs.org/debug/-/debug-2.6.9.tgz 0ms (cache hit)
661 http cache cookie-signature@https://registry.npmjs.org/cookie-signature/-/cookie-signature-1.0.7.tgz 0ms (cache hit)
662 http cache cookie@https://registry.npmjs.org/cookie/-/cookie-0.7.2.tgz 0ms (cache hit)
663 http cache content-type@https://registry.npmjs.org/content-type/-/content-type-1.0.5.tgz 0ms (cache hit)
664 http cache content-disposition@https://registry.npmjs.org/content-disposition/-/content-disposition-0.5.4.tgz 0ms (cache hit)
665 http cache body-parser@https://registry.npmjs.org/body-parser/-/body-parser-1.20.6.tgz 0ms (cache hit)
666 http cache array-flatten@https://registry.npmjs.org/array-flatten/-/array-flatten-1.1.1.tgz 0ms (cache hit)
667 http cache accepts@https://registry.npmjs.org/accepts/-/accepts-1.3.8.tgz 0ms (cache hit)
668 http cache vary@https://registry.npmjs.org/vary/-/vary-1.1.2.tgz 0ms (cache hit)
669 http cache object-assign@https://registry.npmjs.org/object-assign/-/object-assign-4.1.1.tgz 0ms (cache hit)
670 http cache socket.io@https://registry.npmjs.org/socket.io/-/socket.io-4.8.3.tgz 0ms (cache hit)
671 http cache multer@https://registry.npmjs.org/multer/-/multer-1.4.5-lts.2.tgz 0ms (cache hit)
672 http cache cors@https://registry.npmjs.org/cors/-/cors-2.8.6.tgz 0ms (cache hit)
673 http cache express@https://registry.npmjs.org/express/-/express-4.22.2.tgz 0ms (cache hit)
674 http cache ms@https://registry.npmjs.org/ms/-/ms-2.1.3.tgz 0ms (cache hit)
675 http cache ms@https://registry.npmjs.org/ms/-/ms-2.1.3.tgz 0ms (cache hit)
676 http cache debug@https://registry.npmjs.org/debug/-/debug-4.4.3.tgz 0ms (cache hit)
677 http cache debug@https://registry.npmjs.org/debug/-/debug-4.4.3.tgz 0ms (cache hit)
678 http cache ms@https://registry.npmjs.org/ms/-/ms-2.1.3.tgz 0ms (cache hit)
679 http cache safe-buffer@https://registry.npmjs.org/safe-buffer/-/safe-buffer-5.1.2.tgz 0ms (cache hit)
680 http cache safe-buffer@https://registry.npmjs.org/safe-buffer/-/safe-buffer-5.1.2.tgz 0ms (cache hit)
681 http cache debug@https://registry.npmjs.org/debug/-/debug-4.4.3.tgz 0ms (cache hit)
682 http cache ms@https://registry.npmjs.org/ms/-/ms-2.1.3.tgz 0ms (cache hit)
683 http cache ms@https://registry.npmjs.org/ms/-/ms-2.1.3.tgz 0ms (cache hit)
684 http cache debug@https://registry.npmjs.org/debug/-/debug-4.4.3.tgz 0ms (cache hit)
685 http fetch POST 200 https://registry.npmjs.org/-/npm/v1/security/advisories/bulk 694ms
686 silly audit report {}
687 warn deprecated multer@1.4.5-lts.2: Multer 1.x is impacted by a number of vulnerabilities, which have been patched in 2.x. You should upgrade to the latest 2.x version.
688 silly ADD node_modules/media-typer
689 silly ADD node_modules/@socket.io/component-emitter
690 silly ADD node_modules/undici-types
691 silly ADD node_modules/ws
692 silly ADD node_modules/engine.io-parser
693 silly ADD node_modules/@types/ws
694 silly ADD node_modules/@types/node
695 silly ADD node_modules/@types/cors
696 silly ADD node_modules/socket.io-parser
697 silly ADD node_modules/socket.io-parser/node_modules/ms
698 silly ADD node_modules/socket.io-parser/node_modules/debug
699 silly ADD node_modules/socket.io-adapter
700 silly ADD node_modules/socket.io-adapter/node_modules/ms
701 silly ADD node_modules/socket.io-adapter/node_modules/debug
702 silly ADD node_modules/engine.io
703 silly ADD node_modules/engine.io/node_modules/ms
704 silly ADD node_modules/engine.io/node_modules/debug
705 silly ADD node_modules/base64id
706 silly ADD node_modules/dunder-proto
707 silly ADD node_modules/math-intrinsics
708 silly ADD node_modules/hasown
709 silly ADD node_modules/has-symbols
710 silly ADD node_modules/gopd
711 silly ADD node_modules/get-proto
712 silly ADD node_modules/es-object-atoms
713 silly ADD node_modules/function-bind
714 silly ADD node_modules/call-bind-apply-helpers
715 silly ADD node_modules/get-intrinsic
716 silly ADD node_modules/call-bound
717 silly ADD node_modules/side-channel-weakmap
718 silly ADD node_modules/side-channel-map
719 silly ADD node_modules/side-channel-list
720 silly ADD node_modules/object-inspect
721 silly ADD node_modules/es-errors
722 silly ADD node_modules/mime
723 silly ADD node_modules/util-deprecate
724 silly ADD node_modules/string_decoder
725 silly ADD node_modules/string_decoder/node_modules/safe-buffer
726 silly ADD node_modules/process-nextick-args
727 silly ADD node_modules/isarray
728 silly ADD node_modules/core-util-is
729 silly ADD node_modules/side-channel
730 silly ADD node_modules/es-define-property
731 silly ADD node_modules/ipaddr.js
732 silly ADD node_modules/forwarded
733 silly ADD node_modules/ee-first
734 silly ADD node_modules/minimist
735 silly ADD node_modules/typedarray
736 silly ADD node_modules/readable-stream
737 silly ADD node_modules/readable-stream/node_modules/safe-buffer
738 silly ADD node_modules/buffer-from
739 silly ADD node_modules/streamsearch
740 silly ADD node_modules/xtend
741 silly ADD node_modules/mkdirp
742 silly ADD node_modules/concat-stream
743 silly ADD node_modules/busboy
744 silly ADD node_modules/append-field
745 silly ADD node_modules/mime-db
746 silly ADD node_modules/safer-buffer
747 silly ADD node_modules/toidentifier
748 silly ADD node_modules/inherits
749 silly ADD node_modules/ms
750 silly ADD node_modules/unpipe
751 silly ADD node_modules/raw-body
752 silly ADD node_modules/iconv-lite
753 silly ADD node_modules/destroy
754 silly ADD node_modules/bytes
755 silly ADD node_modules/negotiator
756 silly ADD node_modules/mime-types
757 silly ADD node_modules/utils-merge
758 silly ADD node_modules/type-is
759 silly ADD node_modules/statuses
760 silly ADD node_modules/setprototypeof
761 silly ADD node_modules/serve-static
762 silly ADD node_modules/send
763 silly ADD node_modules/send/node_modules/ms
764 silly ADD node_modules/safe-buffer
765 silly ADD node_modules/range-parser
766 silly ADD node_modules/qs
767 silly ADD node_modules/proxy-addr
768 silly ADD node_modules/path-to-regexp
769 silly ADD node_modules/parseurl
770 silly ADD node_modules/on-finished
771 silly ADD node_modules/methods
772 silly ADD node_modules/merge-descriptors
773 silly ADD node_modules/http-errors
774 silly ADD node_modules/fresh
775 silly ADD node_modules/finalhandler
776 silly ADD node_modules/etag
777 silly ADD node_modules/escape-html
778 silly ADD node_modules/encodeurl
779 silly ADD node_modules/depd
780 silly ADD node_modules/debug
781 silly ADD node_modules/cookie-signature
782 silly ADD node_modules/cookie
783 silly ADD node_modules/content-type
784 silly ADD node_modules/content-disposition
785 silly ADD node_modules/body-parser
786 silly ADD node_modules/array-flatten
787 silly ADD node_modules/accepts
788 silly ADD node_modules/vary
789 silly ADD node_modules/object-assign
790 silly ADD node_modules/socket.io
791 silly ADD node_modules/socket.io/node_modules/ms
792 silly ADD node_modules/socket.io/node_modules/debug
793 silly ADD node_modules/multer
794 silly ADD node_modules/express
795 silly ADD node_modules/cors
796 verbose cwd /data/data/com.termux/files/home
797 verbose os Linux 6.6.89-android15-8-o-g59160d8212a5-4k
798 verbose node v26.4.0
799 verbose npm  v11.18.0
800 verbose exit 0
801 info ok
