0 verbose cli /data/data/com.termux/files/usr/bin/node /data/data/com.termux/files/usr/bin/npm
1 info using npm@11.18.0
2 info using node@v26.4.0
3 silly config load:file:/data/data/com.termux/files/usr/lib/node_modules/npm/npmrc
4 silly config load:file:/data/data/com.termux/files/home/downloads/.npmrc
5 silly config load:file:/data/data/com.termux/files/home/.npmrc
6 silly config load:file:/data/data/com.termux/files/usr/etc/npmrc
7 verbose title npm install
8 verbose argv "install"
9 verbose logfile logs-max:10 dir:/data/data/com.termux/files/home/.npm/_logs/2026-07-20T05_06_53_154Z-
10 verbose logfile /data/data/com.termux/files/home/.npm/_logs/2026-07-20T05_06_53_154Z-debug-0.log
11 silly logfile start cleaning logs, removing 1 files
12 silly logfile done cleaning log files
13 silly packumentCache heap:1174405120 maxSize:293601280 maxEntrySize:146800640
14 silly idealTree buildDeps
15 silly fetch manifest express@^4.19.2
16 silly packumentCache full:https://registry.npmjs.org/express cache-miss
17 http fetch GET 200 https://registry.npmjs.org/express 780ms (cache revalidated)
18 silly packumentCache full:https://registry.npmjs.org/express set size:804956 disposed:false
19 silly fetch manifest socket.io@^4.7.5
20 silly packumentCache full:https://registry.npmjs.org/socket.io cache-miss
21 http fetch GET 200 https://registry.npmjs.org/socket.io 427ms (cache revalidated)
22 silly packumentCache full:https://registry.npmjs.org/socket.io set size:379231 disposed:false
23 silly fetch manifest cors@^2.8.5
24 silly packumentCache full:https://registry.npmjs.org/cors cache-miss
25 http fetch GET 200 https://registry.npmjs.org/cors 137ms (cache revalidated)
26 silly packumentCache full:https://registry.npmjs.org/cors set size:77956 disposed:false
27 silly fetch manifest multer@^1.4.5-lts.1
28 silly packumentCache full:https://registry.npmjs.org/multer cache-miss
29 http fetch GET 200 https://registry.npmjs.org/multer 165ms (cache revalidated)
30 silly packumentCache full:https://registry.npmjs.org/multer set size:156441 disposed:false
31 silly placeDep ROOT cors@2.8.6 OK for: pingpong-server@1.0.0 want: ^2.8.5
32 silly placeDep ROOT express@4.22.2 OK for: pingpong-server@1.0.0 want: ^4.19.2
33 silly placeDep ROOT multer@1.4.5-lts.2 OK for: pingpong-server@1.0.0 want: ^1.4.5-lts.1
34 silly placeDep ROOT socket.io@4.8.3 OK for: pingpong-server@1.0.0 want: ^4.7.5
35 silly fetch manifest object-assign@^4
36 silly packumentCache full:https://registry.npmjs.org/object-assign cache-miss
37 silly fetch manifest vary@^1
38 silly packumentCache full:https://registry.npmjs.org/vary cache-miss
39 silly fetch manifest qs@~6.15.1
40 silly packumentCache full:https://registry.npmjs.org/qs cache-miss
41 silly fetch manifest depd@2.0.0
42 silly packumentCache full:https://registry.npmjs.org/depd cache-miss
43 silly fetch manifest etag@~1.8.1
44 silly packumentCache full:https://registry.npmjs.org/etag cache-miss
45 silly fetch manifest send@~0.19.0
46 silly packumentCache full:https://registry.npmjs.org/send cache-miss
47 silly fetch manifest vary@~1.1.2
48 silly packumentCache full:https://registry.npmjs.org/vary cache-miss
49 http fetch GET 200 https://registry.npmjs.org/qs 161ms (cache revalidated)
50 silly packumentCache full:https://registry.npmjs.org/qs set size:360318 disposed:false
51 silly fetch manifest debug@2.6.9
52 silly packumentCache full:https://registry.npmjs.org/debug cache-miss
53 http fetch GET 200 https://registry.npmjs.org/debug 144ms (cache revalidated)
54 silly packumentCache full:https://registry.npmjs.org/debug set size:195840 disposed:false
55 silly fetch manifest fresh@~0.5.2
56 silly packumentCache full:https://registry.npmjs.org/fresh cache-miss
57 http fetch GET 200 https://registry.npmjs.org/vary 486ms (cache revalidated)
58 silly packumentCache full:https://registry.npmjs.org/vary set size:15994 disposed:false
59 silly fetch manifest cookie@~0.7.1
60 silly packumentCache full:https://registry.npmjs.org/cookie cache-miss
61 http fetch GET 200 https://registry.npmjs.org/fresh 198ms (cache revalidated)
62 silly packumentCache full:https://registry.npmjs.org/fresh set size:25427 disposed:false
63 silly fetch manifest accepts@~1.3.8
64 silly packumentCache full:https://registry.npmjs.org/accepts cache-miss
65 http fetch GET 200 https://registry.npmjs.org/object-assign 566ms (cache revalidated)
66 silly packumentCache full:https://registry.npmjs.org/object-assign set size:28988 disposed:false
67 silly fetch manifest methods@~1.1.2
68 silly packumentCache full:https://registry.npmjs.org/methods cache-miss
69 http fetch GET 200 https://registry.npmjs.org/send 563ms (cache revalidated)
70 silly packumentCache full:https://registry.npmjs.org/send set size:152810 disposed:false
71 silly fetch manifest type-is@~1.6.18
72 silly packumentCache full:https://registry.npmjs.org/type-is cache-miss
73 http fetch GET 200 https://registry.npmjs.org/vary 572ms (cache revalidated)
74 silly packumentCache full:https://registry.npmjs.org/vary set size:15994 disposed:false
75 silly packumentCache full:https://registry.npmjs.org/vary dispose
76 silly fetch manifest parseurl@~1.3.3
77 silly packumentCache full:https://registry.npmjs.org/parseurl cache-miss
78 http fetch GET 200 https://registry.npmjs.org/etag 581ms (cache revalidated)
79 silly packumentCache full:https://registry.npmjs.org/etag set size:30032 disposed:false
80 silly fetch manifest statuses@~2.0.1
81 silly packumentCache full:https://registry.npmjs.org/statuses cache-miss
82 http fetch GET 200 https://registry.npmjs.org/depd 586ms (cache revalidated)
83 silly packumentCache full:https://registry.npmjs.org/depd set size:40182 disposed:false
84 silly fetch manifest encodeurl@~2.0.0
85 silly packumentCache full:https://registry.npmjs.org/encodeurl cache-miss
86 http fetch GET 200 https://registry.npmjs.org/accepts 171ms (cache revalidated)
87 silly packumentCache full:https://registry.npmjs.org/accepts set size:77054 disposed:false
88 silly fetch manifest proxy-addr@~2.0.7
89 silly packumentCache full:https://registry.npmjs.org/proxy-addr cache-miss
90 http fetch GET 200 https://registry.npmjs.org/cookie 246ms (cache revalidated)
91 silly packumentCache full:https://registry.npmjs.org/cookie set size:78274 disposed:false
92 silly fetch manifest body-parser@~1.20.5
93 silly packumentCache full:https://registry.npmjs.org/body-parser cache-miss
94 http fetch GET 200 https://registry.npmjs.org/encodeurl 168ms (cache revalidated)
95 silly packumentCache full:https://registry.npmjs.org/encodeurl set size:12296 disposed:false
96 silly fetch manifest escape-html@~1.0.3
97 silly packumentCache full:https://registry.npmjs.org/escape-html cache-miss
98 http fetch GET 200 https://registry.npmjs.org/methods 236ms (cache revalidated)
99 silly packumentCache full:https://registry.npmjs.org/methods set size:12600 disposed:false
100 silly fetch manifest http-errors@~2.0.0
101 silly packumentCache full:https://registry.npmjs.org/http-errors cache-miss
102 http fetch GET 200 https://registry.npmjs.org/type-is 231ms (cache revalidated)
103 silly packumentCache full:https://registry.npmjs.org/type-is set size:88614 disposed:false
104 silly fetch manifest on-finished@~2.4.1
105 silly packumentCache full:https://registry.npmjs.org/on-finished cache-miss
106 http fetch GET 200 https://registry.npmjs.org/parseurl 232ms (cache revalidated)
107 silly packumentCache full:https://registry.npmjs.org/parseurl set size:24148 disposed:false
108 silly fetch manifest safe-buffer@5.2.1
109 silly packumentCache full:https://registry.npmjs.org/safe-buffer cache-miss
110 http fetch GET 200 https://registry.npmjs.org/statuses 233ms (cache revalidated)
111 silly packumentCache full:https://registry.npmjs.org/statuses set size:37117 disposed:false
112 silly fetch manifest utils-merge@1.0.1
113 silly packumentCache full:https://registry.npmjs.org/utils-merge cache-miss
114 http fetch GET 200 https://registry.npmjs.org/proxy-addr 198ms (cache revalidated)
115 silly packumentCache full:https://registry.npmjs.org/proxy-addr set size:61619 disposed:false
116 silly fetch manifest content-type@~1.0.4
117 silly packumentCache full:https://registry.npmjs.org/content-type cache-miss
118 http fetch GET 200 https://registry.npmjs.org/body-parser 195ms (cache revalidated)
119 silly packumentCache full:https://registry.npmjs.org/body-parser set size:204544 disposed:false
120 silly fetch manifest finalhandler@~1.3.1
121 silly packumentCache full:https://registry.npmjs.org/finalhandler cache-miss
122 http fetch GET 200 https://registry.npmjs.org/escape-html 207ms (cache revalidated)
123 silly packumentCache full:https://registry.npmjs.org/escape-html set size:7345 disposed:false
124 silly fetch manifest range-parser@~1.2.1
125 silly packumentCache full:https://registry.npmjs.org/range-parser cache-miss
126 http fetch GET 200 https://registry.npmjs.org/safe-buffer 159ms (cache revalidated)
127 silly packumentCache full:https://registry.npmjs.org/safe-buffer set size:41183 disposed:false
128 silly fetch manifest serve-static@~1.16.2
129 silly packumentCache full:https://registry.npmjs.org/serve-static cache-miss
130 http fetch GET 200 https://registry.npmjs.org/http-errors 176ms (cache revalidated)
131 silly packumentCache full:https://registry.npmjs.org/http-errors set size:71987 disposed:false
132 silly fetch manifest array-flatten@1.1.1
133 silly packumentCache full:https://registry.npmjs.org/array-flatten cache-miss
134 http fetch GET 200 https://registry.npmjs.org/on-finished 176ms (cache revalidated)
135 silly packumentCache full:https://registry.npmjs.org/on-finished set size:23212 disposed:false
136 silly fetch manifest path-to-regexp@~0.1.12
137 silly packumentCache full:https://registry.npmjs.org/path-to-regexp cache-miss
138 http fetch GET 200 https://registry.npmjs.org/utils-merge 176ms (cache revalidated)
139 silly packumentCache full:https://registry.npmjs.org/utils-merge set size:5237 disposed:false
140 silly fetch manifest setprototypeof@1.2.0
141 silly packumentCache full:https://registry.npmjs.org/setprototypeof cache-miss
142 http fetch GET 200 https://registry.npmjs.org/content-type 169ms (cache revalidated)
143 silly packumentCache full:https://registry.npmjs.org/content-type set size:18994 disposed:false
144 silly fetch manifest cookie-signature@~1.0.6
145 silly packumentCache full:https://registry.npmjs.org/cookie-signature cache-miss
146 http fetch GET 200 https://registry.npmjs.org/range-parser 166ms (cache revalidated)
147 silly packumentCache full:https://registry.npmjs.org/range-parser set size:24852 disposed:false
148 silly fetch manifest merge-descriptors@1.0.3
149 silly packumentCache full:https://registry.npmjs.org/merge-descriptors cache-miss
150 http fetch GET 200 https://registry.npmjs.org/finalhandler 194ms (cache revalidated)
151 silly packumentCache full:https://registry.npmjs.org/finalhandler set size:79291 disposed:false
152 silly fetch manifest content-disposition@~0.5.4
153 silly packumentCache full:https://registry.npmjs.org/content-disposition cache-miss
154 http fetch GET 200 https://registry.npmjs.org/serve-static 228ms (cache revalidated)
155 silly packumentCache full:https://registry.npmjs.org/serve-static set size:150391 disposed:false
156 silly fetch manifest xtend@^4.0.0
157 silly packumentCache full:https://registry.npmjs.org/xtend cache-miss
158 http fetch GET 200 https://registry.npmjs.org/array-flatten 233ms (cache revalidated)
159 silly packumentCache full:https://registry.npmjs.org/array-flatten set size:24005 disposed:false
160 silly fetch manifest busboy@^1.0.0
161 silly packumentCache full:https://registry.npmjs.org/busboy cache-miss
162 http fetch GET 200 https://registry.npmjs.org/cookie-signature 165ms (cache revalidated)
163 silly packumentCache full:https://registry.npmjs.org/cookie-signature set size:21777 disposed:false
164 silly fetch manifest mkdirp@^0.5.4
165 silly packumentCache full:https://registry.npmjs.org/mkdirp cache-miss
166 http fetch GET 200 https://registry.npmjs.org/merge-descriptors 206ms (cache revalidated)
167 silly packumentCache full:https://registry.npmjs.org/merge-descriptors set size:16527 disposed:false
168 silly fetch manifest type-is@^1.6.4
169 silly packumentCache full:https://registry.npmjs.org/type-is cache-hit
170 silly fetch manifest append-field@^1.0.0
171 silly packumentCache full:https://registry.npmjs.org/append-field cache-miss
172 http fetch GET 200 https://registry.npmjs.org/content-disposition 220ms (cache revalidated)
173 silly packumentCache full:https://registry.npmjs.org/content-disposition set size:42862 disposed:false
174 silly fetch manifest concat-stream@^1.5.2
175 silly packumentCache full:https://registry.npmjs.org/concat-stream cache-miss
176 http fetch GET 200 https://registry.npmjs.org/mkdirp 135ms (cache revalidated)
177 silly packumentCache full:https://registry.npmjs.org/mkdirp set size:116415 disposed:false
178 silly fetch manifest object-assign@^4.1.1
179 silly packumentCache full:https://registry.npmjs.org/object-assign cache-hit
180 silly fetch manifest accepts@~1.3.4
181 silly packumentCache full:https://registry.npmjs.org/accepts cache-hit
182 silly fetch manifest base64id@~2.0.0
183 silly packumentCache full:https://registry.npmjs.org/base64id cache-miss
184 http fetch GET 200 https://registry.npmjs.org/setprototypeof 462ms (cache revalidated)
185 silly packumentCache full:https://registry.npmjs.org/setprototypeof set size:14532 disposed:false
186 silly fetch manifest debug@~4.4.1
187 silly packumentCache full:https://registry.npmjs.org/debug cache-hit
188 silly fetch manifest engine.io@~6.6.0
189 silly packumentCache full:https://registry.npmjs.org/engine.io cache-miss
190 http fetch GET 200 https://registry.npmjs.org/path-to-regexp 484ms (cache revalidated)
191 silly packumentCache full:https://registry.npmjs.org/path-to-regexp set size:216334 disposed:false
192 silly fetch manifest socket.io-adapter@~2.5.2
193 silly packumentCache full:https://registry.npmjs.org/socket.io-adapter cache-miss
194 http fetch GET 200 https://registry.npmjs.org/append-field 137ms (cache revalidated)
195 silly packumentCache full:https://registry.npmjs.org/append-field set size:7798 disposed:false
196 silly fetch manifest socket.io-parser@~4.2.4
197 silly packumentCache full:https://registry.npmjs.org/socket.io-parser cache-miss
198 http fetch GET 200 https://registry.npmjs.org/concat-stream 136ms (cache revalidated)
199 silly packumentCache full:https://registry.npmjs.org/concat-stream set size:63783 disposed:false
200 http fetch GET 200 https://registry.npmjs.org/base64id 150ms (cache revalidated)
201 silly packumentCache full:https://registry.npmjs.org/base64id set size:6136 disposed:false
202 http fetch GET 200 https://registry.npmjs.org/socket.io-adapter 155ms (cache revalidated)
203 silly packumentCache full:https://registry.npmjs.org/socket.io-adapter set size:71138 disposed:false
204 http fetch GET 200 https://registry.npmjs.org/socket.io-parser 146ms (cache revalidated)
205 silly packumentCache full:https://registry.npmjs.org/socket.io-parser set size:130849 disposed:false
206 http fetch GET 200 https://registry.npmjs.org/engine.io 199ms (cache revalidated)
207 silly packumentCache full:https://registry.npmjs.org/engine.io set size:396042 disposed:false
208 http fetch GET 200 https://registry.npmjs.org/xtend 486ms (cache revalidated)
209 silly packumentCache full:https://registry.npmjs.org/xtend set size:28314 disposed:false
210 http fetch GET 200 https://registry.npmjs.org/busboy 489ms (cache revalidated)
211 silly packumentCache full:https://registry.npmjs.org/busboy set size:78901 disposed:false
212 silly placeDep ROOT object-assign@4.1.1 OK for: cors@2.8.6 want: ^4
213 silly placeDep ROOT vary@1.1.2 OK for: cors@2.8.6 want: ^1
214 silly placeDep ROOT accepts@1.3.8 OK for: express@4.22.2 want: ~1.3.8
215 silly placeDep ROOT array-flatten@1.1.1 OK for: express@4.22.2 want: 1.1.1
216 silly placeDep ROOT body-parser@1.20.6 OK for: express@4.22.2 want: ~1.20.5
217 silly placeDep ROOT content-disposition@0.5.4 OK for: express@4.22.2 want: ~0.5.4
218 silly placeDep ROOT content-type@1.0.5 OK for: express@4.22.2 want: ~1.0.4
219 silly placeDep ROOT cookie@0.7.2 OK for: express@4.22.2 want: ~0.7.1
220 silly placeDep ROOT cookie-signature@1.0.7 OK for: express@4.22.2 want: ~1.0.6
221 silly placeDep ROOT debug@2.6.9 OK for: express@4.22.2 want: 2.6.9
222 silly placeDep ROOT depd@2.0.0 OK for: express@4.22.2 want: 2.0.0
223 silly placeDep ROOT encodeurl@2.0.0 OK for: express@4.22.2 want: ~2.0.0
224 silly placeDep ROOT escape-html@1.0.3 OK for: express@4.22.2 want: ~1.0.3
225 silly placeDep ROOT etag@1.8.1 OK for: express@4.22.2 want: ~1.8.1
226 silly placeDep ROOT finalhandler@1.3.2 OK for: express@4.22.2 want: ~1.3.1
227 silly placeDep ROOT fresh@0.5.2 OK for: express@4.22.2 want: ~0.5.2
228 silly placeDep ROOT http-errors@2.0.1 OK for: express@4.22.2 want: ~2.0.0
229 silly placeDep ROOT merge-descriptors@1.0.3 OK for: express@4.22.2 want: 1.0.3
230 silly placeDep ROOT methods@1.1.2 OK for: express@4.22.2 want: ~1.1.2
231 silly placeDep ROOT on-finished@2.4.1 OK for: express@4.22.2 want: ~2.4.1
232 silly placeDep ROOT parseurl@1.3.3 OK for: express@4.22.2 want: ~1.3.3
233 silly placeDep ROOT path-to-regexp@0.1.13 OK for: express@4.22.2 want: ~0.1.12
234 silly placeDep ROOT proxy-addr@2.0.7 OK for: express@4.22.2 want: ~2.0.7
235 silly placeDep ROOT qs@6.15.3 OK for: express@4.22.2 want: ~6.15.1
236 silly placeDep ROOT range-parser@1.2.1 OK for: express@4.22.2 want: ~1.2.1
237 silly placeDep ROOT safe-buffer@5.2.1 OK for: express@4.22.2 want: 5.2.1
238 silly placeDep ROOT send@0.19.2 OK for: express@4.22.2 want: ~0.19.0
239 silly placeDep ROOT serve-static@1.16.3 OK for: express@4.22.2 want: ~1.16.2
240 silly placeDep ROOT setprototypeof@1.2.0 OK for: express@4.22.2 want: 1.2.0
241 silly placeDep ROOT statuses@2.0.2 OK for: express@4.22.2 want: ~2.0.1
242 silly placeDep ROOT type-is@1.6.18 OK for: express@4.22.2 want: ~1.6.18
243 silly placeDep ROOT utils-merge@1.0.1 OK for: express@4.22.2 want: 1.0.1
244 silly fetch manifest mime-types@~2.1.34
245 silly packumentCache full:https://registry.npmjs.org/mime-types cache-miss
246 silly fetch manifest negotiator@0.6.3
247 silly packumentCache full:https://registry.npmjs.org/negotiator cache-miss
248 silly fetch manifest bytes@~3.1.2
249 silly packumentCache full:https://registry.npmjs.org/bytes cache-miss
250 silly fetch manifest content-type@~1.0.5
251 silly packumentCache full:https://registry.npmjs.org/content-type cache-hit
252 silly fetch manifest destroy@~1.2.0
253 silly packumentCache full:https://registry.npmjs.org/destroy cache-miss
254 silly fetch manifest http-errors@~2.0.1
255 silly packumentCache full:https://registry.npmjs.org/http-errors cache-hit
256 silly fetch manifest iconv-lite@~0.4.24
257 silly packumentCache full:https://registry.npmjs.org/iconv-lite cache-miss
258 silly fetch manifest raw-body@~2.5.3
259 silly packumentCache full:https://registry.npmjs.org/raw-body cache-miss
260 silly fetch manifest unpipe@~1.0.0
261 silly packumentCache full:https://registry.npmjs.org/unpipe cache-miss
262 http fetch GET 200 https://registry.npmjs.org/bytes 147ms (cache revalidated)
263 silly packumentCache full:https://registry.npmjs.org/bytes set size:37018 disposed:false
264 silly fetch manifest ms@2.0.0
265 silly packumentCache full:https://registry.npmjs.org/ms cache-miss
266 http fetch GET 200 https://registry.npmjs.org/mime-types 167ms (cache revalidated)
267 silly packumentCache full:https://registry.npmjs.org/mime-types set size:139110 disposed:false
268 silly fetch manifest unpipe@~1.0.0
269 silly packumentCache full:https://registry.npmjs.org/unpipe cache-miss
270 http fetch GET 200 https://registry.npmjs.org/destroy 198ms (cache revalidated)
271 silly packumentCache full:https://registry.npmjs.org/destroy set size:15738 disposed:false
272 silly fetch manifest statuses@~2.0.2
273 silly packumentCache full:https://registry.npmjs.org/statuses cache-hit
274 silly fetch manifest inherits@~2.0.4
275 silly packumentCache full:https://registry.npmjs.org/inherits cache-miss
276 http fetch GET 200 https://registry.npmjs.org/negotiator 217ms (cache revalidated)
277 silly packumentCache full:https://registry.npmjs.org/negotiator set size:48046 disposed:false
278 silly fetch manifest setprototypeof@~1.2.0
279 silly packumentCache full:https://registry.npmjs.org/setprototypeof cache-hit
280 silly fetch manifest toidentifier@~1.0.1
281 silly packumentCache full:https://registry.npmjs.org/toidentifier cache-miss
282 http fetch GET 200 https://registry.npmjs.org/iconv-lite 218ms (cache revalidated)
283 silly packumentCache full:https://registry.npmjs.org/iconv-lite set size:126462 disposed:false
284 silly fetch manifest ee-first@1.1.1
285 silly packumentCache full:https://registry.npmjs.org/ee-first cache-miss
286 http fetch GET 200 https://registry.npmjs.org/unpipe 223ms (cache revalidated)
287 silly packumentCache full:https://registry.npmjs.org/unpipe set size:3609 disposed:false
288 silly fetch manifest forwarded@0.2.0
289 silly packumentCache full:https://registry.npmjs.org/forwarded cache-miss
290 http fetch GET 200 https://registry.npmjs.org/unpipe 201ms (cache revalidated)
291 silly packumentCache full:https://registry.npmjs.org/unpipe set size:3609 disposed:false
292 silly packumentCache full:https://registry.npmjs.org/unpipe dispose
293 silly fetch manifest ipaddr.js@1.9.1
294 silly packumentCache full:https://registry.npmjs.org/ipaddr.js cache-miss
295 http fetch GET 200 https://registry.npmjs.org/ee-first 165ms (cache revalidated)
296 silly packumentCache full:https://registry.npmjs.org/ee-first set size:15327 disposed:false
297 silly fetch manifest side-channel@^1.1.1
298 silly packumentCache full:https://registry.npmjs.org/side-channel cache-miss
299 http fetch GET 200 https://registry.npmjs.org/toidentifier 188ms (cache revalidated)
300 silly packumentCache full:https://registry.npmjs.org/toidentifier set size:12006 disposed:false
301 silly fetch manifest es-define-property@^1.0.1
302 silly packumentCache full:https://registry.npmjs.org/es-define-property cache-miss
303 http fetch GET 200 https://registry.npmjs.org/inherits 207ms (cache revalidated)
304 silly packumentCache full:https://registry.npmjs.org/inherits set size:12925 disposed:false
305 silly fetch manifest ms@2.1.3
306 silly packumentCache full:https://registry.npmjs.org/ms cache-miss
307 http fetch GET 200 https://registry.npmjs.org/raw-body 455ms (cache revalidated)
308 silly packumentCache full:https://registry.npmjs.org/raw-body set size:120042 disposed:false
309 silly fetch manifest mime@1.6.0
310 silly packumentCache full:https://registry.npmjs.org/mime cache-miss
311 http fetch GET 200 https://registry.npmjs.org/ipaddr.js 159ms (cache revalidated)
312 silly packumentCache full:https://registry.npmjs.org/ipaddr.js set size:69549 disposed:false
313 silly fetch manifest destroy@1.2.0
314 silly packumentCache full:https://registry.npmjs.org/destroy cache-hit
315 silly fetch manifest mime-types@~2.1.24
316 silly packumentCache full:https://registry.npmjs.org/mime-types cache-hit
317 silly fetch manifest media-typer@0.3.0
318 silly packumentCache full:https://registry.npmjs.org/media-typer cache-miss
319 http fetch GET 200 https://registry.npmjs.org/ms 162ms (cache revalidated)
320 silly packumentCache full:https://registry.npmjs.org/ms set size:92208 disposed:false
321 http fetch GET 200 https://registry.npmjs.org/es-define-property 186ms (cache revalidated)
322 silly packumentCache full:https://registry.npmjs.org/es-define-property set size:8542 disposed:false
323 http fetch GET 200 https://registry.npmjs.org/mime 148ms (cache revalidated)
324 silly packumentCache full:https://registry.npmjs.org/mime set size:119236 disposed:false
325 http fetch GET 200 https://registry.npmjs.org/ms 504ms (cache revalidated)
326 silly packumentCache full:https://registry.npmjs.org/ms set size:92208 disposed:false
327 silly packumentCache full:https://registry.npmjs.org/ms dispose
328 http fetch GET 200 https://registry.npmjs.org/forwarded 446ms (cache revalidated)
329 silly packumentCache full:https://registry.npmjs.org/forwarded set size:11229 disposed:false
330 http fetch GET 200 https://registry.npmjs.org/media-typer 154ms (cache revalidated)
331 silly packumentCache full:https://registry.npmjs.org/media-typer set size:22678 disposed:false
332 http fetch GET 200 https://registry.npmjs.org/side-channel 467ms (cache revalidated)
333 silly packumentCache full:https://registry.npmjs.org/side-channel set size:27650 disposed:false
334 silly placeDep ROOT mime-types@2.1.35 OK for: accepts@1.3.8 want: ~2.1.34
335 silly placeDep ROOT negotiator@0.6.3 OK for: accepts@1.3.8 want: 0.6.3
336 silly fetch manifest mime-db@1.52.0
337 silly packumentCache full:https://registry.npmjs.org/mime-db cache-miss
338 http fetch GET 200 https://registry.npmjs.org/mime-db 158ms (cache revalidated)
339 silly packumentCache full:https://registry.npmjs.org/mime-db set size:164953 disposed:false
340 silly placeDep ROOT bytes@3.1.2 OK for: body-parser@1.20.6 want: ~3.1.2
341 silly placeDep ROOT destroy@1.2.0 OK for: body-parser@1.20.6 want: ~1.2.0
342 silly placeDep ROOT iconv-lite@0.4.24 OK for: body-parser@1.20.6 want: ~0.4.24
343 silly placeDep ROOT raw-body@2.5.3 OK for: body-parser@1.20.6 want: ~2.5.3
344 silly placeDep ROOT unpipe@1.0.0 OK for: body-parser@1.20.6 want: ~1.0.0
345 silly fetch manifest safer-buffer@>= 2.1.2 < 3
346 silly packumentCache full:https://registry.npmjs.org/safer-buffer cache-miss
347 http fetch GET 200 https://registry.npmjs.org/safer-buffer 144ms (cache revalidated)
348 silly packumentCache full:https://registry.npmjs.org/safer-buffer set size:18521 disposed:false
349 silly placeDep ROOT ms@2.0.0 OK for: debug@2.6.9 want: 2.0.0
350 silly placeDep ROOT inherits@2.0.4 OK for: http-errors@2.0.1 want: ~2.0.4
351 silly placeDep ROOT toidentifier@1.0.1 OK for: http-errors@2.0.1 want: ~1.0.1
352 silly placeDep ROOT safer-buffer@2.1.2 OK for: iconv-lite@0.4.24 want: >= 2.1.2 < 3
353 silly placeDep ROOT mime-db@1.52.0 OK for: mime-types@2.1.35 want: 1.52.0
354 silly placeDep ROOT append-field@1.0.0 OK for: multer@1.4.5-lts.2 want: ^1.0.0
355 silly placeDep ROOT busboy@1.6.0 OK for: multer@1.4.5-lts.2 want: ^1.0.0
356 silly placeDep ROOT concat-stream@1.6.2 OK for: multer@1.4.5-lts.2 want: ^1.5.2
357 silly placeDep ROOT mkdirp@0.5.6 OK for: multer@1.4.5-lts.2 want: ^0.5.4
358 silly placeDep ROOT xtend@4.0.2 OK for: multer@1.4.5-lts.2 want: ^4.0.0
359 silly fetch manifest streamsearch@^1.1.0
360 silly packumentCache full:https://registry.npmjs.org/streamsearch cache-miss
361 silly fetch manifest buffer-from@^1.0.0
362 silly packumentCache full:https://registry.npmjs.org/buffer-from cache-miss
363 silly fetch manifest readable-stream@^2.2.2
364 silly packumentCache full:https://registry.npmjs.org/readable-stream cache-miss
365 silly fetch manifest typedarray@^0.0.6
366 silly packumentCache full:https://registry.npmjs.org/typedarray cache-miss
367 silly fetch manifest minimist@^1.2.6
368 silly packumentCache full:https://registry.npmjs.org/minimist cache-miss
369 http fetch GET 200 https://registry.npmjs.org/streamsearch 159ms (cache revalidated)
370 silly packumentCache full:https://registry.npmjs.org/streamsearch set size:27372 disposed:false
371 http fetch GET 200 https://registry.npmjs.org/readable-stream 161ms (cache revalidated)
372 silly packumentCache full:https://registry.npmjs.org/readable-stream set size:261096 disposed:false
373 http fetch GET 200 https://registry.npmjs.org/typedarray 213ms (cache revalidated)
374 silly packumentCache full:https://registry.npmjs.org/typedarray set size:18469 disposed:false
375 http fetch GET 200 https://registry.npmjs.org/minimist 216ms (cache revalidated)
376 silly packumentCache full:https://registry.npmjs.org/minimist set size:77063 disposed:false
377 http fetch GET 200 https://registry.npmjs.org/buffer-from 482ms (cache revalidated)
378 silly packumentCache full:https://registry.npmjs.org/buffer-from set size:15463 disposed:false
379 silly placeDep ROOT streamsearch@1.1.0 OK for: busboy@1.6.0 want: ^1.1.0
380 silly placeDep ROOT buffer-from@1.1.2 OK for: concat-stream@1.6.2 want: ^1.0.0
381 silly placeDep ROOT readable-stream@2.3.8 OK for: concat-stream@1.6.2 want: ^2.2.2
382 silly placeDep ROOT typedarray@0.0.6 OK for: concat-stream@1.6.2 want: ^0.0.6
383 silly fetch manifest isarray@~1.0.0
384 silly packumentCache full:https://registry.npmjs.org/isarray cache-miss
385 silly fetch manifest safe-buffer@~5.1.1
386 silly packumentCache full:https://registry.npmjs.org/safe-buffer cache-hit
387 silly fetch manifest core-util-is@~1.0.0
388 silly packumentCache full:https://registry.npmjs.org/core-util-is cache-miss
389 silly fetch manifest string_decoder@~1.1.1
390 silly packumentCache full:https://registry.npmjs.org/string_decoder cache-miss
391 silly fetch manifest util-deprecate@~1.0.1
392 silly packumentCache full:https://registry.npmjs.org/util-deprecate cache-miss
393 silly fetch manifest process-nextick-args@~2.0.0
394 silly packumentCache full:https://registry.npmjs.org/process-nextick-args cache-miss
395 http fetch GET 200 https://registry.npmjs.org/util-deprecate 122ms (cache revalidated)
396 silly packumentCache full:https://registry.npmjs.org/util-deprecate set size:6674 disposed:false
397 http fetch GET 200 https://registry.npmjs.org/isarray 144ms (cache revalidated)
398 silly packumentCache full:https://registry.npmjs.org/isarray set size:17392 disposed:false
399 http fetch GET 200 https://registry.npmjs.org/string_decoder 156ms (cache revalidated)
400 silly packumentCache full:https://registry.npmjs.org/string_decoder set size:28441 disposed:false
401 http fetch GET 200 https://registry.npmjs.org/core-util-is 166ms (cache revalidated)
402 silly packumentCache full:https://registry.npmjs.org/core-util-is set size:7163 disposed:false
403 http fetch GET 200 https://registry.npmjs.org/process-nextick-args 167ms (cache revalidated)
404 silly packumentCache full:https://registry.npmjs.org/process-nextick-args set size:15428 disposed:false
405 silly placeDep ROOT minimist@1.2.8 OK for: mkdirp@0.5.6 want: ^1.2.6
406 silly placeDep ROOT ee-first@1.1.1 OK for: on-finished@2.4.1 want: 1.1.1
407 silly placeDep ROOT forwarded@0.2.0 OK for: proxy-addr@2.0.7 want: 0.2.0
408 silly placeDep ROOT ipaddr.js@1.9.1 OK for: proxy-addr@2.0.7 want: 1.9.1
409 silly placeDep ROOT es-define-property@1.0.1 OK for: qs@6.15.3 want: ^1.0.1
410 silly placeDep ROOT side-channel@1.1.1 OK for: qs@6.15.3 want: ^1.1.1
411 silly fetch manifest es-errors@^1.3.0
412 silly packumentCache full:https://registry.npmjs.org/es-errors cache-miss
413 silly fetch manifest object-inspect@^1.13.4
414 silly packumentCache full:https://registry.npmjs.org/object-inspect cache-miss
415 silly fetch manifest side-channel-list@^1.0.1
416 silly packumentCache full:https://registry.npmjs.org/side-channel-list cache-miss
417 silly fetch manifest side-channel-map@^1.0.1
418 silly packumentCache full:https://registry.npmjs.org/side-channel-map cache-miss
419 silly fetch manifest side-channel-weakmap@^1.0.2
420 silly packumentCache full:https://registry.npmjs.org/side-channel-weakmap cache-miss
421 http fetch GET 200 https://registry.npmjs.org/object-inspect 141ms (cache revalidated)
422 silly packumentCache full:https://registry.npmjs.org/object-inspect set size:101912 disposed:false
423 http fetch GET 200 https://registry.npmjs.org/side-channel-map 176ms (cache revalidated)
424 silly packumentCache full:https://registry.npmjs.org/side-channel-map set size:9126 disposed:false
425 http fetch GET 200 https://registry.npmjs.org/side-channel-weakmap 182ms (cache revalidated)
426 silly packumentCache full:https://registry.npmjs.org/side-channel-weakmap set size:12620 disposed:false
427 http fetch GET 200 https://registry.npmjs.org/es-errors 194ms (cache revalidated)
428 silly packumentCache full:https://registry.npmjs.org/es-errors set size:16918 disposed:false
429 http fetch GET 200 https://registry.npmjs.org/side-channel-list 446ms (cache revalidated)
430 silly packumentCache full:https://registry.npmjs.org/side-channel-list set size:9021 disposed:false
431 silly placeDep ROOT core-util-is@1.0.3 OK for: readable-stream@2.3.8 want: ~1.0.0
432 silly placeDep ROOT isarray@1.0.0 OK for: readable-stream@2.3.8 want: ~1.0.0
433 silly placeDep ROOT process-nextick-args@2.0.1 OK for: readable-stream@2.3.8 want: ~2.0.0
434 silly placeDep node_modules/readable-stream safe-buffer@5.1.2 OK for: readable-stream@2.3.8 want: ~5.1.1
435 silly placeDep ROOT string_decoder@1.1.1 OK for: readable-stream@2.3.8 want: ~1.1.1
436 silly placeDep ROOT util-deprecate@1.0.2 OK for: readable-stream@2.3.8 want: ~1.0.1
437 silly fetch manifest safe-buffer@~5.1.0
438 silly packumentCache full:https://registry.npmjs.org/safe-buffer cache-hit
439 silly placeDep ROOT mime@1.6.0 OK for: send@0.19.2 want: 1.6.0
440 silly placeDep node_modules/send ms@2.1.3 OK for: send@0.19.2 want: 2.1.3
441 silly placeDep ROOT es-errors@1.3.0 OK for: side-channel@1.1.1 want: ^1.3.0
442 silly placeDep ROOT object-inspect@1.13.4 OK for: side-channel@1.1.1 want: ^1.13.4
443 silly placeDep ROOT side-channel-list@1.0.1 OK for: side-channel@1.1.1 want: ^1.0.1
444 silly placeDep ROOT side-channel-map@1.0.1 OK for: side-channel@1.1.1 want: ^1.0.1
445 silly placeDep ROOT side-channel-weakmap@1.0.2 OK for: side-channel@1.1.1 want: ^1.0.2
446 silly fetch manifest call-bound@^1.0.2
447 silly packumentCache full:https://registry.npmjs.org/call-bound cache-miss
448 silly fetch manifest get-intrinsic@^1.2.5
449 silly packumentCache full:https://registry.npmjs.org/get-intrinsic cache-miss
450 silly fetch manifest call-bound@^1.0.2
451 silly packumentCache full:https://registry.npmjs.org/call-bound cache-miss
452 silly fetch manifest get-intrinsic@^1.2.5
453 silly packumentCache full:https://registry.npmjs.org/get-intrinsic cache-miss
454 http fetch GET 200 https://registry.npmjs.org/call-bound 149ms (cache revalidated)
455 silly packumentCache full:https://registry.npmjs.org/call-bound set size:15317 disposed:false
456 http fetch GET 200 https://registry.npmjs.org/get-intrinsic 153ms (cache revalidated)
457 silly packumentCache full:https://registry.npmjs.org/get-intrinsic set size:60985 disposed:false
458 http fetch GET 200 https://registry.npmjs.org/get-intrinsic 168ms (cache revalidated)
459 silly packumentCache full:https://registry.npmjs.org/get-intrinsic set size:60985 disposed:false
460 silly packumentCache full:https://registry.npmjs.org/get-intrinsic dispose
461 http fetch GET 200 https://registry.npmjs.org/call-bound 175ms (cache revalidated)
462 silly packumentCache full:https://registry.npmjs.org/call-bound set size:15317 disposed:false
463 silly packumentCache full:https://registry.npmjs.org/call-bound dispose
464 silly placeDep ROOT call-bound@1.0.4 OK for: side-channel-map@1.0.1 want: ^1.0.2
465 silly placeDep ROOT get-intrinsic@1.3.0 OK for: side-channel-map@1.0.1 want: ^1.2.5
466 silly fetch manifest call-bind-apply-helpers@^1.0.2
467 silly packumentCache full:https://registry.npmjs.org/call-bind-apply-helpers cache-miss
468 silly fetch manifest get-intrinsic@^1.3.0
469 silly packumentCache full:https://registry.npmjs.org/get-intrinsic cache-hit
470 silly fetch manifest gopd@^1.2.0
471 silly packumentCache full:https://registry.npmjs.org/gopd cache-miss
472 silly fetch manifest hasown@^2.0.2
473 silly packumentCache full:https://registry.npmjs.org/hasown cache-miss
474 silly fetch manifest get-proto@^1.0.1
475 silly packumentCache full:https://registry.npmjs.org/get-proto cache-miss
476 silly fetch manifest has-symbols@^1.1.0
477 silly packumentCache full:https://registry.npmjs.org/has-symbols cache-miss
478 silly fetch manifest function-bind@^1.1.2
479 silly packumentCache full:https://registry.npmjs.org/function-bind cache-miss
480 silly fetch manifest es-object-atoms@^1.1.1
481 silly packumentCache full:https://registry.npmjs.org/es-object-atoms cache-miss
482 http fetch GET 200 https://registry.npmjs.org/gopd 155ms (cache revalidated)
483 silly packumentCache full:https://registry.npmjs.org/gopd set size:11483 disposed:false
484 silly fetch manifest math-intrinsics@^1.1.0
485 silly packumentCache full:https://registry.npmjs.org/math-intrinsics cache-miss
486 http fetch GET 200 https://registry.npmjs.org/call-bind-apply-helpers 204ms (cache revalidated)
487 silly packumentCache full:https://registry.npmjs.org/call-bind-apply-helpers set size:12744 disposed:false
488 http fetch GET 200 https://registry.npmjs.org/hasown 207ms (cache revalidated)
489 silly packumentCache full:https://registry.npmjs.org/hasown set size:18361 disposed:false
490 http fetch GET 200 https://registry.npmjs.org/es-object-atoms 203ms (cache revalidated)
491 silly packumentCache full:https://registry.npmjs.org/es-object-atoms set size:18278 disposed:false
492 http fetch GET 200 https://registry.npmjs.org/function-bind 214ms (cache revalidated)
493 silly packumentCache full:https://registry.npmjs.org/function-bind set size:15733 disposed:false
494 http fetch GET 200 https://registry.npmjs.org/math-intrinsics 177ms (cache revalidated)
495 silly packumentCache full:https://registry.npmjs.org/math-intrinsics set size:9265 disposed:false
496 http fetch GET 200 https://registry.npmjs.org/get-proto 452ms (cache revalidated)
497 silly packumentCache full:https://registry.npmjs.org/get-proto set size:8300 disposed:false
498 http fetch GET 200 https://registry.npmjs.org/has-symbols 491ms (cache revalidated)
499 silly packumentCache full:https://registry.npmjs.org/has-symbols set size:21550 disposed:false
500 silly placeDep ROOT call-bind-apply-helpers@1.0.2 OK for: call-bound@1.0.4 want: ^1.0.2
501 silly placeDep ROOT function-bind@1.1.2 OK for: call-bind-apply-helpers@1.0.2 want: ^1.1.2
502 silly placeDep ROOT es-object-atoms@1.1.2 OK for: get-intrinsic@1.3.0 want: ^1.1.1
503 silly placeDep ROOT get-proto@1.0.1 OK for: get-intrinsic@1.3.0 want: ^1.0.1
504 silly placeDep ROOT gopd@1.2.0 OK for: get-intrinsic@1.3.0 want: ^1.2.0
505 silly placeDep ROOT has-symbols@1.1.0 OK for: get-intrinsic@1.3.0 want: ^1.1.0
506 silly placeDep ROOT hasown@2.0.4 OK for: get-intrinsic@1.3.0 want: ^2.0.2
507 silly placeDep ROOT math-intrinsics@1.1.0 OK for: get-intrinsic@1.3.0 want: ^1.1.0
508 silly fetch manifest dunder-proto@^1.0.1
509 silly packumentCache full:https://registry.npmjs.org/dunder-proto cache-miss
510 http fetch GET 200 https://registry.npmjs.org/dunder-proto 153ms (cache revalidated)
511 silly packumentCache full:https://registry.npmjs.org/dunder-proto set size:8256 disposed:false
512 silly placeDep ROOT dunder-proto@1.0.1 OK for: get-proto@1.0.1 want: ^1.0.1
513 silly placeDep ROOT base64id@2.0.0 OK for: socket.io@4.8.3 want: ~2.0.0
514 silly placeDep node_modules/socket.io debug@4.4.3 OK for: socket.io@4.8.3 want: ~4.4.1
515 silly placeDep ROOT engine.io@6.6.9 OK for: socket.io@4.8.3 want: ~6.6.0
516 silly placeDep ROOT socket.io-adapter@2.5.8 OK for: socket.io@4.8.3 want: ~2.5.2
517 silly placeDep ROOT socket.io-parser@4.2.7 OK for: socket.io@4.8.3 want: ~4.2.4
518 silly fetch manifest ms@^2.1.3
519 silly packumentCache full:https://registry.npmjs.org/ms cache-hit
520 silly fetch manifest ws@~8.21.0
521 silly packumentCache full:https://registry.npmjs.org/ws cache-miss
522 silly fetch manifest @types/ws@^8.5.12
523 silly packumentCache full:https://registry.npmjs.org/@types%2fws cache-miss
524 silly fetch manifest @types/cors@^2.8.12
525 silly packumentCache full:https://registry.npmjs.org/@types%2fcors cache-miss
526 silly fetch manifest @types/node@>=10.0.0
527 silly packumentCache full:https://registry.npmjs.org/@types%2fnode cache-miss
528 silly fetch manifest engine.io-parser@~5.2.1
529 silly packumentCache full:https://registry.npmjs.org/engine.io-parser cache-miss
530 silly fetch manifest ws@~8.21.0
531 silly packumentCache full:https://registry.npmjs.org/ws cache-miss
532 silly fetch manifest @socket.io/component-emitter@~3.1.0
533 silly packumentCache full:https://registry.npmjs.org/@socket.io%2fcomponent-emitter cache-miss
534 http fetch GET 200 https://registry.npmjs.org/@types%2fcors 184ms (cache revalidated)
535 silly packumentCache full:https://registry.npmjs.org/@types%2fcors set size:56991 disposed:false
536 http fetch GET 200 https://registry.npmjs.org/@types%2fws 201ms (cache revalidated)
537 silly packumentCache full:https://registry.npmjs.org/@types%2fws set size:167959 disposed:false
538 http fetch GET 200 https://registry.npmjs.org/engine.io-parser 233ms (cache revalidated)
539 silly packumentCache full:https://registry.npmjs.org/engine.io-parser set size:116455 disposed:false
540 http fetch GET 200 https://registry.npmjs.org/ws 258ms (cache revalidated)
541 silly packumentCache full:https://registry.npmjs.org/ws set size:426890 disposed:false
542 http fetch GET 200 https://registry.npmjs.org/ws 273ms (cache revalidated)
543 silly packumentCache full:https://registry.npmjs.org/ws set size:426890 disposed:false
544 silly packumentCache full:https://registry.npmjs.org/ws dispose
545 http fetch GET 200 https://registry.npmjs.org/@types%2fnode 360ms (cache revalidated)
546 silly packumentCache full:https://registry.npmjs.org/@types%2fnode set size:11080817 disposed:false
547 http fetch GET 200 https://registry.npmjs.org/@socket.io%2fcomponent-emitter 617ms (cache revalidated)
548 silly packumentCache full:https://registry.npmjs.org/@socket.io%2fcomponent-emitter set size:14099 disposed:false
549 silly fetch manifest bufferutil@^4.0.1
550 silly packumentCache full:https://registry.npmjs.org/bufferutil cache-miss
551 http fetch GET 200 https://registry.npmjs.org/bufferutil 144ms (cache revalidated)
552 silly packumentCache full:https://registry.npmjs.org/bufferutil set size:52763 disposed:false
553 silly fetch manifest utf-8-validate@>=5.0.2
554 silly packumentCache full:https://registry.npmjs.org/utf-8-validate cache-miss
555 http fetch GET 200 https://registry.npmjs.org/utf-8-validate 130ms (cache revalidated)
556 silly packumentCache full:https://registry.npmjs.org/utf-8-validate set size:77148 disposed:false
557 silly placeDep ROOT @types/cors@2.8.19 OK for: engine.io@6.6.9 want: ^2.8.12
558 silly placeDep ROOT @types/node@26.1.1 OK for: engine.io@6.6.9 want: >=10.0.0
559 silly placeDep ROOT @types/ws@8.18.1 OK for: engine.io@6.6.9 want: ^8.5.12
560 silly placeDep node_modules/engine.io debug@4.4.3 OK for: engine.io@6.6.9 want: ~4.4.1
561 silly placeDep ROOT engine.io-parser@5.2.3 OK for: engine.io@6.6.9 want: ~5.2.1
562 silly placeDep ROOT ws@8.21.1 OK for: engine.io@6.6.9 want: ~8.21.0
563 silly fetch manifest @types/node@*
564 silly packumentCache full:https://registry.npmjs.org/@types%2fnode cache-miss
565 silly fetch manifest undici-types@~8.3.0
566 silly packumentCache full:https://registry.npmjs.org/undici-types cache-miss
567 http cache https://registry.npmjs.org/@types%2fnode 103ms (cache hit)
568 silly packumentCache full:https://registry.npmjs.org/@types%2fnode set size:11080817 disposed:false
569 http fetch GET 200 https://registry.npmjs.org/undici-types 390ms (cache revalidated)
570 silly packumentCache full:https://registry.npmjs.org/undici-types set size:239474 disposed:false
571 silly placeDep ROOT undici-types@8.3.0 OK for: @types/node@26.1.1 want: ~8.3.0
572 silly placeDep node_modules/socket.io-adapter debug@4.4.3 OK for: socket.io-adapter@2.5.8 want: ~4.4.1
573 silly placeDep ROOT @socket.io/component-emitter@3.1.2 OK for: socket.io-parser@4.2.7 want: ~3.1.0
574 silly placeDep node_modules/socket.io-parser debug@4.4.3 OK for: socket.io-parser@4.2.7 want: ~4.4.1
575 silly placeDep node_modules/string_decoder safe-buffer@5.1.2 OK for: string_decoder@1.1.1 want: ~5.1.0
576 silly placeDep ROOT media-typer@0.3.0 OK for: type-is@1.6.18 want: 0.3.0
577 silly placeDep node_modules/engine.io ms@2.1.3 OK for: debug@4.4.3 want: ^2.1.3
578 silly placeDep node_modules/socket.io-adapter ms@2.1.3 OK for: debug@4.4.3 want: ^2.1.3
579 silly placeDep node_modules/socket.io-parser ms@2.1.3 OK for: debug@4.4.3 want: ^2.1.3
580 silly placeDep node_modules/socket.io ms@2.1.3 OK for: debug@4.4.3 want: ^2.1.3
581 silly reify moves {}
582 silly audit bulk request {
582 silly audit   cors: [ '2.8.6' ],
582 silly audit   express: [ '4.22.2' ],
582 silly audit   multer: [ '1.4.5-lts.2' ],
582 silly audit   'socket.io': [ '4.8.3' ],
582 silly audit   'object-assign': [ '4.1.1' ],
582 silly audit   vary: [ '1.1.2' ],
582 silly audit   accepts: [ '1.3.8' ],
582 silly audit   'array-flatten': [ '1.1.1' ],
582 silly audit   'body-parser': [ '1.20.6' ],
582 silly audit   'content-disposition': [ '0.5.4' ],
582 silly audit   'content-type': [ '1.0.5' ],
582 silly audit   cookie: [ '0.7.2' ],
582 silly audit   'cookie-signature': [ '1.0.7' ],
582 silly audit   debug: [ '2.6.9', '4.4.3' ],
582 silly audit   depd: [ '2.0.0' ],
582 silly audit   encodeurl: [ '2.0.0' ],
582 silly audit   'escape-html': [ '1.0.3' ],
582 silly audit   etag: [ '1.8.1' ],
582 silly audit   finalhandler: [ '1.3.2' ],
582 silly audit   fresh: [ '0.5.2' ],
582 silly audit   'http-errors': [ '2.0.1' ],
582 silly audit   'merge-descriptors': [ '1.0.3' ],
582 silly audit   methods: [ '1.1.2' ],
582 silly audit   'on-finished': [ '2.4.1' ],
582 silly audit   parseurl: [ '1.3.3' ],
582 silly audit   'path-to-regexp': [ '0.1.13' ],
582 silly audit   'proxy-addr': [ '2.0.7' ],
582 silly audit   qs: [ '6.15.3' ],
582 silly audit   'range-parser': [ '1.2.1' ],
582 silly audit   'safe-buffer': [ '5.2.1', '5.1.2' ],
582 silly audit   send: [ '0.19.2' ],
582 silly audit   'serve-static': [ '1.16.3' ],
582 silly audit   setprototypeof: [ '1.2.0' ],
582 silly audit   statuses: [ '2.0.2' ],
582 silly audit   'type-is': [ '1.6.18' ],
582 silly audit   'utils-merge': [ '1.0.1' ],
582 silly audit   'mime-types': [ '2.1.35' ],
582 silly audit   negotiator: [ '0.6.3' ],
582 silly audit   bytes: [ '3.1.2' ],
582 silly audit   destroy: [ '1.2.0' ],
582 silly audit   'iconv-lite': [ '0.4.24' ],
582 silly audit   'raw-body': [ '2.5.3' ],
582 silly audit   unpipe: [ '1.0.0' ],
582 silly audit   ms: [ '2.0.0', '2.1.3' ],
582 silly audit   inherits: [ '2.0.4' ],
582 silly audit   toidentifier: [ '1.0.1' ],
582 silly audit   'safer-buffer': [ '2.1.2' ],
582 silly audit   'mime-db': [ '1.52.0' ],
582 silly audit   'append-field': [ '1.0.0' ],
582 silly audit   busboy: [ '1.6.0' ],
582 silly audit   'concat-stream': [ '1.6.2' ],
582 silly audit   mkdirp: [ '0.5.6' ],
582 silly audit   xtend: [ '4.0.2' ],
582 silly audit   streamsearch: [ '1.1.0' ],
582 silly audit   'buffer-from': [ '1.1.2' ],
582 silly audit   'readable-stream': [ '2.3.8' ],
582 silly audit   typedarray: [ '0.0.6' ],
582 silly audit   minimist: [ '1.2.8' ],
582 silly audit   'ee-first': [ '1.1.1' ],
582 silly audit   forwarded: [ '0.2.0' ],
582 silly audit   'ipaddr.js': [ '1.9.1' ],
582 silly audit   'es-define-property': [ '1.0.1' ],
582 silly audit   'side-channel': [ '1.1.1' ],
582 silly audit   'core-util-is': [ '1.0.3' ],
582 silly audit   isarray: [ '1.0.0' ],
582 silly audit   'process-nextick-args': [ '2.0.1' ],
582 silly audit   string_decoder: [ '1.1.1' ],
582 silly audit   'util-deprecate': [ '1.0.2' ],
582 silly audit   mime: [ '1.6.0' ],
582 silly audit   'es-errors': [ '1.3.0' ],
582 silly audit   'object-inspect': [ '1.13.4' ],
582 silly audit   'side-channel-list': [ '1.0.1' ],
582 silly audit   'side-channel-map': [ '1.0.1' ],
582 silly audit   'side-channel-weakmap': [ '1.0.2' ],
582 silly audit   'call-bound': [ '1.0.4' ],
582 silly audit   'get-intrinsic': [ '1.3.0' ],
582 silly audit   'call-bind-apply-helpers': [ '1.0.2' ],
582 silly audit   'function-bind': [ '1.1.2' ],
582 silly audit   'es-object-atoms': [ '1.1.2' ],
582 silly audit   'get-proto': [ '1.0.1' ],
582 silly audit   gopd: [ '1.2.0' ],
582 silly audit   'has-symbols': [ '1.1.0' ],
582 silly audit   hasown: [ '2.0.4' ],
582 silly audit   'math-intrinsics': [ '1.1.0' ],
582 silly audit   'dunder-proto': [ '1.0.1' ],
582 silly audit   base64id: [ '2.0.0' ],
582 silly audit   'engine.io': [ '6.6.9' ],
582 silly audit   'socket.io-adapter': [ '2.5.8' ],
582 silly audit   'socket.io-parser': [ '4.2.7' ],
582 silly audit   '@types/cors': [ '2.8.19' ],
582 silly audit   '@types/node': [ '26.1.1' ],
582 silly audit   '@types/ws': [ '8.18.1' ],
582 silly audit   'engine.io-parser': [ '5.2.3' ],
582 silly audit   ws: [ '8.21.1' ],
582 silly audit   'undici-types': [ '8.3.0' ],
582 silly audit   '@socket.io/component-emitter': [ '3.1.2' ],
582 silly audit   'media-typer': [ '0.3.0' ]
582 silly audit }
583 http cache media-typer@https://registry.npmjs.org/media-typer/-/media-typer-0.3.0.tgz 0ms (cache hit)
584 http cache undici-types@https://registry.npmjs.org/undici-types/-/undici-types-8.3.0.tgz 0ms (cache hit)
585 http cache @socket.io/component-emitter@https://registry.npmjs.org/@socket.io/component-emitter/-/component-emitter-3.1.2.tgz 0ms (cache hit)
586 http cache ws@https://registry.npmjs.org/ws/-/ws-8.21.1.tgz 0ms (cache hit)
587 http cache @types/ws@https://registry.npmjs.org/@types/ws/-/ws-8.18.1.tgz 0ms (cache hit)
588 http cache engine.io-parser@https://registry.npmjs.org/engine.io-parser/-/engine.io-parser-5.2.3.tgz 0ms (cache hit)
589 http cache @types/node@https://registry.npmjs.org/@types/node/-/node-26.1.1.tgz 0ms (cache hit)
590 http cache @types/cors@https://registry.npmjs.org/@types/cors/-/cors-2.8.19.tgz 0ms (cache hit)
591 http cache socket.io-parser@https://registry.npmjs.org/socket.io-parser/-/socket.io-parser-4.2.7.tgz 0ms (cache hit)
592 http cache socket.io-adapter@https://registry.npmjs.org/socket.io-adapter/-/socket.io-adapter-2.5.8.tgz 0ms (cache hit)
593 http cache engine.io@https://registry.npmjs.org/engine.io/-/engine.io-6.6.9.tgz 0ms (cache hit)
594 http cache base64id@https://registry.npmjs.org/base64id/-/base64id-2.0.0.tgz 0ms (cache hit)
595 http cache dunder-proto@https://registry.npmjs.org/dunder-proto/-/dunder-proto-1.0.1.tgz 0ms (cache hit)
596 http cache math-intrinsics@https://registry.npmjs.org/math-intrinsics/-/math-intrinsics-1.1.0.tgz 0ms (cache hit)
597 http cache hasown@https://registry.npmjs.org/hasown/-/hasown-2.0.4.tgz 0ms (cache hit)
598 http cache has-symbols@https://registry.npmjs.org/has-symbols/-/has-symbols-1.1.0.tgz 0ms (cache hit)
599 http cache gopd@https://registry.npmjs.org/gopd/-/gopd-1.2.0.tgz 0ms (cache hit)
600 http cache get-proto@https://registry.npmjs.org/get-proto/-/get-proto-1.0.1.tgz 0ms (cache hit)
601 http cache es-object-atoms@https://registry.npmjs.org/es-object-atoms/-/es-object-atoms-1.1.2.tgz 0ms (cache hit)
602 http cache function-bind@https://registry.npmjs.org/function-bind/-/function-bind-1.1.2.tgz 0ms (cache hit)
603 http cache call-bind-apply-helpers@https://registry.npmjs.org/call-bind-apply-helpers/-/call-bind-apply-helpers-1.0.2.tgz 0ms (cache hit)
604 http cache get-intrinsic@https://registry.npmjs.org/get-intrinsic/-/get-intrinsic-1.3.0.tgz 0ms (cache hit)
605 http cache call-bound@https://registry.npmjs.org/call-bound/-/call-bound-1.0.4.tgz 0ms (cache hit)
606 http cache side-channel-weakmap@https://registry.npmjs.org/side-channel-weakmap/-/side-channel-weakmap-1.0.2.tgz 0ms (cache hit)
607 http cache side-channel-map@https://registry.npmjs.org/side-channel-map/-/side-channel-map-1.0.1.tgz 0ms (cache hit)
608 http cache side-channel-list@https://registry.npmjs.org/side-channel-list/-/side-channel-list-1.0.1.tgz 0ms (cache hit)
609 http cache object-inspect@https://registry.npmjs.org/object-inspect/-/object-inspect-1.13.4.tgz 0ms (cache hit)
610 http cache mime@https://registry.npmjs.org/mime/-/mime-1.6.0.tgz 0ms (cache hit)
611 http cache es-errors@https://registry.npmjs.org/es-errors/-/es-errors-1.3.0.tgz 0ms (cache hit)
612 http cache util-deprecate@https://registry.npmjs.org/util-deprecate/-/util-deprecate-1.0.2.tgz 0ms (cache hit)
613 http cache string_decoder@https://registry.npmjs.org/string_decoder/-/string_decoder-1.1.1.tgz 0ms (cache hit)
614 http cache process-nextick-args@https://registry.npmjs.org/process-nextick-args/-/process-nextick-args-2.0.1.tgz 0ms (cache hit)
615 http cache isarray@https://registry.npmjs.org/isarray/-/isarray-1.0.0.tgz 0ms (cache hit)
616 http cache core-util-is@https://registry.npmjs.org/core-util-is/-/core-util-is-1.0.3.tgz 0ms (cache hit)
617 http cache side-channel@https://registry.npmjs.org/side-channel/-/side-channel-1.1.1.tgz 0ms (cache hit)
618 http cache es-define-property@https://registry.npmjs.org/es-define-property/-/es-define-property-1.0.1.tgz 0ms (cache hit)
619 http cache ipaddr.js@https://registry.npmjs.org/ipaddr.js/-/ipaddr.js-1.9.1.tgz 0ms (cache hit)
620 http cache forwarded@https://registry.npmjs.org/forwarded/-/forwarded-0.2.0.tgz 0ms (cache hit)
621 http cache ee-first@https://registry.npmjs.org/ee-first/-/ee-first-1.1.1.tgz 0ms (cache hit)
622 http cache minimist@https://registry.npmjs.org/minimist/-/minimist-1.2.8.tgz 0ms (cache hit)
623 http cache typedarray@https://registry.npmjs.org/typedarray/-/typedarray-0.0.6.tgz 0ms (cache hit)
624 http cache readable-stream@https://registry.npmjs.org/readable-stream/-/readable-stream-2.3.8.tgz 0ms (cache hit)
625 http cache buffer-from@https://registry.npmjs.org/buffer-from/-/buffer-from-1.1.2.tgz 0ms (cache hit)
626 http cache streamsearch@https://registry.npmjs.org/streamsearch/-/streamsearch-1.1.0.tgz 0ms (cache hit)
627 http cache xtend@https://registry.npmjs.org/xtend/-/xtend-4.0.2.tgz 0ms (cache hit)
628 http cache mkdirp@https://registry.npmjs.org/mkdirp/-/mkdirp-0.5.6.tgz 0ms (cache hit)
629 http cache concat-stream@https://registry.npmjs.org/concat-stream/-/concat-stream-1.6.2.tgz 0ms (cache hit)
630 http cache busboy@https://registry.npmjs.org/busboy/-/busboy-1.6.0.tgz 0ms (cache hit)
631 http cache append-field@https://registry.npmjs.org/append-field/-/append-field-1.0.0.tgz 0ms (cache hit)
632 http cache mime-db@https://registry.npmjs.org/mime-db/-/mime-db-1.52.0.tgz 0ms (cache hit)
633 http cache safer-buffer@https://registry.npmjs.org/safer-buffer/-/safer-buffer-2.1.2.tgz 0ms (cache hit)
634 http cache toidentifier@https://registry.npmjs.org/toidentifier/-/toidentifier-1.0.1.tgz 0ms (cache hit)
635 http cache inherits@https://registry.npmjs.org/inherits/-/inherits-2.0.4.tgz 0ms (cache hit)
636 http cache ms@https://registry.npmjs.org/ms/-/ms-2.0.0.tgz 0ms (cache hit)
637 http cache unpipe@https://registry.npmjs.org/unpipe/-/unpipe-1.0.0.tgz 0ms (cache hit)
638 http cache raw-body@https://registry.npmjs.org/raw-body/-/raw-body-2.5.3.tgz 0ms (cache hit)
639 http cache iconv-lite@https://registry.npmjs.org/iconv-lite/-/iconv-lite-0.4.24.tgz 0ms (cache hit)
640 http cache destroy@https://registry.npmjs.org/destroy/-/destroy-1.2.0.tgz 1ms (cache hit)
641 http cache bytes@https://registry.npmjs.org/bytes/-/bytes-3.1.2.tgz 0ms (cache hit)
642 http cache negotiator@https://registry.npmjs.org/negotiator/-/negotiator-0.6.3.tgz 0ms (cache hit)
643 http cache mime-types@https://registry.npmjs.org/mime-types/-/mime-types-2.1.35.tgz 0ms (cache hit)
644 http cache utils-merge@https://registry.npmjs.org/utils-merge/-/utils-merge-1.0.1.tgz 0ms (cache hit)
645 http cache type-is@https://registry.npmjs.org/type-is/-/type-is-1.6.18.tgz 0ms (cache hit)
646 http cache statuses@https://registry.npmjs.org/statuses/-/statuses-2.0.2.tgz 0ms (cache hit)
647 http cache setprototypeof@https://registry.npmjs.org/setprototypeof/-/setprototypeof-1.2.0.tgz 0ms (cache hit)
648 http cache serve-static@https://registry.npmjs.org/serve-static/-/serve-static-1.16.3.tgz 0ms (cache hit)
649 http cache send@https://registry.npmjs.org/send/-/send-0.19.2.tgz 0ms (cache hit)
650 http cache safe-buffer@https://registry.npmjs.org/safe-buffer/-/safe-buffer-5.2.1.tgz 0ms (cache hit)
651 http cache range-parser@https://registry.npmjs.org/range-parser/-/range-parser-1.2.1.tgz 0ms (cache hit)
652 http cache qs@https://registry.npmjs.org/qs/-/qs-6.15.3.tgz 0ms (cache hit)
653 http cache proxy-addr@https://registry.npmjs.org/proxy-addr/-/proxy-addr-2.0.7.tgz 0ms (cache hit)
654 http cache path-to-regexp@https://registry.npmjs.org/path-to-regexp/-/path-to-regexp-0.1.13.tgz 0ms (cache hit)
655 http cache parseurl@https://registry.npmjs.org/parseurl/-/parseurl-1.3.3.tgz 0ms (cache hit)
656 http cache on-finished@https://registry.npmjs.org/on-finished/-/on-finished-2.4.1.tgz 0ms (cache hit)
657 http cache methods@https://registry.npmjs.org/methods/-/methods-1.1.2.tgz 0ms (cache hit)
658 http cache merge-descriptors@https://registry.npmjs.org/merge-descriptors/-/merge-descriptors-1.0.3.tgz 0ms (cache hit)
659 http cache http-errors@https://registry.npmjs.org/http-errors/-/http-errors-2.0.1.tgz 0ms (cache hit)
660 http cache finalhandler@https://registry.npmjs.org/finalhandler/-/finalhandler-1.3.2.tgz 0ms (cache hit)
661 http cache fresh@https://registry.npmjs.org/fresh/-/fresh-0.5.2.tgz 0ms (cache hit)
662 http cache etag@https://registry.npmjs.org/etag/-/etag-1.8.1.tgz 0ms (cache hit)
663 http cache escape-html@https://registry.npmjs.org/escape-html/-/escape-html-1.0.3.tgz 0ms (cache hit)
664 http cache depd@https://registry.npmjs.org/depd/-/depd-2.0.0.tgz 0ms (cache hit)
665 http cache encodeurl@https://registry.npmjs.org/encodeurl/-/encodeurl-2.0.0.tgz 0ms (cache hit)
666 http cache debug@https://registry.npmjs.org/debug/-/debug-2.6.9.tgz 0ms (cache hit)
667 http cache cookie-signature@https://registry.npmjs.org/cookie-signature/-/cookie-signature-1.0.7.tgz 0ms (cache hit)
668 http cache cookie@https://registry.npmjs.org/cookie/-/cookie-0.7.2.tgz 0ms (cache hit)
669 http cache content-type@https://registry.npmjs.org/content-type/-/content-type-1.0.5.tgz 0ms (cache hit)
670 http cache content-disposition@https://registry.npmjs.org/content-disposition/-/content-disposition-0.5.4.tgz 0ms (cache hit)
671 http cache body-parser@https://registry.npmjs.org/body-parser/-/body-parser-1.20.6.tgz 0ms (cache hit)
672 http cache array-flatten@https://registry.npmjs.org/array-flatten/-/array-flatten-1.1.1.tgz 0ms (cache hit)
673 http cache accepts@https://registry.npmjs.org/accepts/-/accepts-1.3.8.tgz 0ms (cache hit)
674 http cache vary@https://registry.npmjs.org/vary/-/vary-1.1.2.tgz 1ms (cache hit)
675 http cache object-assign@https://registry.npmjs.org/object-assign/-/object-assign-4.1.1.tgz 0ms (cache hit)
676 http cache socket.io@https://registry.npmjs.org/socket.io/-/socket.io-4.8.3.tgz 0ms (cache hit)
677 http cache multer@https://registry.npmjs.org/multer/-/multer-1.4.5-lts.2.tgz 0ms (cache hit)
678 http cache express@https://registry.npmjs.org/express/-/express-4.22.2.tgz 0ms (cache hit)
679 http cache cors@https://registry.npmjs.org/cors/-/cors-2.8.6.tgz 0ms (cache hit)
680 http cache ms@https://registry.npmjs.org/ms/-/ms-2.1.3.tgz 0ms (cache hit)
681 http cache debug@https://registry.npmjs.org/debug/-/debug-4.4.3.tgz 0ms (cache hit)
682 http cache ms@https://registry.npmjs.org/ms/-/ms-2.1.3.tgz 0ms (cache hit)
683 http cache debug@https://registry.npmjs.org/debug/-/debug-4.4.3.tgz 0ms (cache hit)
684 http cache ms@https://registry.npmjs.org/ms/-/ms-2.1.3.tgz 0ms (cache hit)
685 http cache debug@https://registry.npmjs.org/debug/-/debug-4.4.3.tgz 0ms (cache hit)
686 http cache safe-buffer@https://registry.npmjs.org/safe-buffer/-/safe-buffer-5.1.2.tgz 0ms (cache hit)
687 http cache safe-buffer@https://registry.npmjs.org/safe-buffer/-/safe-buffer-5.1.2.tgz 0ms (cache hit)
688 http cache ms@https://registry.npmjs.org/ms/-/ms-2.1.3.tgz 0ms (cache hit)
689 http cache ms@https://registry.npmjs.org/ms/-/ms-2.1.3.tgz 0ms (cache hit)
690 http cache debug@https://registry.npmjs.org/debug/-/debug-4.4.3.tgz 1ms (cache hit)
691 http fetch POST 200 https://registry.npmjs.org/-/npm/v1/security/advisories/bulk 613ms
692 silly audit report {}
693 warn deprecated multer@1.4.5-lts.2: Multer 1.x is impacted by a number of vulnerabilities, which have been patched in 2.x. You should upgrade to the latest 2.x version.
694 silly ADD node_modules/media-typer
695 silly ADD node_modules/@socket.io/component-emitter
696 silly ADD node_modules/undici-types
697 silly ADD node_modules/ws
698 silly ADD node_modules/engine.io-parser
699 silly ADD node_modules/@types/ws
700 silly ADD node_modules/@types/node
701 silly ADD node_modules/@types/cors
702 silly ADD node_modules/socket.io-parser
703 silly ADD node_modules/socket.io-parser/node_modules/ms
704 silly ADD node_modules/socket.io-parser/node_modules/debug
705 silly ADD node_modules/socket.io-adapter
706 silly ADD node_modules/socket.io-adapter/node_modules/ms
707 silly ADD node_modules/socket.io-adapter/node_modules/debug
708 silly ADD node_modules/engine.io
709 silly ADD node_modules/engine.io/node_modules/ms
710 silly ADD node_modules/engine.io/node_modules/debug
711 silly ADD node_modules/base64id
712 silly ADD node_modules/dunder-proto
713 silly ADD node_modules/math-intrinsics
714 silly ADD node_modules/hasown
715 silly ADD node_modules/has-symbols
716 silly ADD node_modules/gopd
717 silly ADD node_modules/get-proto
718 silly ADD node_modules/es-object-atoms
719 silly ADD node_modules/function-bind
720 silly ADD node_modules/call-bind-apply-helpers
721 silly ADD node_modules/get-intrinsic
722 silly ADD node_modules/call-bound
723 silly ADD node_modules/side-channel-weakmap
724 silly ADD node_modules/side-channel-map
725 silly ADD node_modules/side-channel-list
726 silly ADD node_modules/object-inspect
727 silly ADD node_modules/es-errors
728 silly ADD node_modules/mime
729 silly ADD node_modules/util-deprecate
730 silly ADD node_modules/string_decoder
731 silly ADD node_modules/string_decoder/node_modules/safe-buffer
732 silly ADD node_modules/process-nextick-args
733 silly ADD node_modules/isarray
734 silly ADD node_modules/core-util-is
735 silly ADD node_modules/side-channel
736 silly ADD node_modules/es-define-property
737 silly ADD node_modules/ipaddr.js
738 silly ADD node_modules/forwarded
739 silly ADD node_modules/ee-first
740 silly ADD node_modules/minimist
741 silly ADD node_modules/typedarray
742 silly ADD node_modules/readable-stream
743 silly ADD node_modules/readable-stream/node_modules/safe-buffer
744 silly ADD node_modules/buffer-from
745 silly ADD node_modules/streamsearch
746 silly ADD node_modules/xtend
747 silly ADD node_modules/mkdirp
748 silly ADD node_modules/concat-stream
749 silly ADD node_modules/busboy
750 silly ADD node_modules/append-field
751 silly ADD node_modules/mime-db
752 silly ADD node_modules/safer-buffer
753 silly ADD node_modules/toidentifier
754 silly ADD node_modules/inherits
755 silly ADD node_modules/ms
756 silly ADD node_modules/unpipe
757 silly ADD node_modules/raw-body
758 silly ADD node_modules/iconv-lite
759 silly ADD node_modules/destroy
760 silly ADD node_modules/bytes
761 silly ADD node_modules/negotiator
762 silly ADD node_modules/mime-types
763 silly ADD node_modules/utils-merge
764 silly ADD node_modules/type-is
765 silly ADD node_modules/statuses
766 silly ADD node_modules/setprototypeof
767 silly ADD node_modules/serve-static
768 silly ADD node_modules/send
769 silly ADD node_modules/send/node_modules/ms
770 silly ADD node_modules/safe-buffer
771 silly ADD node_modules/range-parser
772 silly ADD node_modules/qs
773 silly ADD node_modules/proxy-addr
774 silly ADD node_modules/path-to-regexp
775 silly ADD node_modules/parseurl
776 silly ADD node_modules/on-finished
777 silly ADD node_modules/methods
778 silly ADD node_modules/merge-descriptors
779 silly ADD node_modules/http-errors
780 silly ADD node_modules/fresh
781 silly ADD node_modules/finalhandler
782 silly ADD node_modules/etag
783 silly ADD node_modules/escape-html
784 silly ADD node_modules/encodeurl
785 silly ADD node_modules/depd
786 silly ADD node_modules/debug
787 silly ADD node_modules/cookie-signature
788 silly ADD node_modules/cookie
789 silly ADD node_modules/content-type
790 silly ADD node_modules/content-disposition
791 silly ADD node_modules/body-parser
792 silly ADD node_modules/array-flatten
793 silly ADD node_modules/accepts
794 silly ADD node_modules/vary
795 silly ADD node_modules/object-assign
796 silly ADD node_modules/socket.io
797 silly ADD node_modules/socket.io/node_modules/ms
798 silly ADD node_modules/socket.io/node_modules/debug
799 silly ADD node_modules/multer
800 silly ADD node_modules/express
801 silly ADD node_modules/cors
802 verbose cwd /data/data/com.termux/files/home/downloads
803 verbose os Linux 6.6.89-android15-8-o-g59160d8212a5-4k
804 verbose node v26.4.0
805 verbose npm  v11.18.0
806 verbose exit 0
807 info ok
